TN:
SF:server.js
FN:11,(anonymous_0)
FN:43,(anonymous_1)
FN:48,(anonymous_2)
FN:51,(anonymous_3)
FN:65,(anonymous_4)
FNF:5
FNH:5
FNDA:8,(anonymous_0)
FNDA:1,(anonymous_1)
FNDA:1,(anonymous_2)
FNDA:1,(anonymous_3)
FNDA:1,(anonymous_4)
DA:1,1
DA:2,1
DA:3,1
DA:4,1
DA:5,1
DA:6,1
DA:7,1
DA:9,1
DA:10,1
DA:11,1
DA:13,8
DA:16,8
DA:21,8
DA:27,8
DA:29,8
DA:33,1
DA:36,1
DA:37,1
DA:38,1
DA:40,1
DA:41,1
DA:43,1
DA:44,1
DA:47,1
DA:48,1
DA:49,1
DA:51,1
DA:53,1
DA:56,1
DA:61,1
DA:64,1
DA:65,1
DA:66,1
DA:68,1
LF:34
LH:34
BRDA:53,0,0,1
BRDA:64,1,0,1
BRDA:64,1,1,1
BRF:3
BRH:3
end_of_record
TN:
SF:app/config/db.config.js
FNF:0
FNH:0
DA:1,1
LF:1
LH:1
BRF:0
BRH:0
end_of_record
TN:
SF:app/models/emails.model.js
FN:1,(anonymous_0)
FN:28,(anonymous_1)
FNF:2
FNH:1
FNDA:1,(anonymous_0)
FNDA:0,(anonymous_1)
DA:1,1
DA:2,1
DA:28,1
DA:29,0
DA:33,1
LF:5
LH:4
BRF:0
BRH:0
end_of_record
TN:
SF:app/models/googleUser.model.js
FN:1,(anonymous_0)
FNF:1
FNH:1
FNDA:1,(anonymous_0)
DA:1,1
DA:2,1
DA:15,1
LF:3
LH:3
BRF:0
BRH:0
end_of_record
TN:
SF:app/models/imap.model.js
FN:2,(anonymous_0)
FNF:1
FNH:1
FNDA:1,(anonymous_0)
DA:2,1
DA:3,1
DA:23,1
LF:3
LH:3
BRF:0
BRH:0
end_of_record
TN:
SF:app/models/index.js
FNF:0
FNH:0
DA:1,1
DA:2,1
DA:4,1
DA:22,1
DA:24,1
DA:25,1
DA:27,1
DA:28,1
DA:29,1
DA:31,1
LF:10
LH:10
BRF:0
BRH:0
end_of_record
TN:
SF:app/routes/imap.routes.js
FN:1,(anonymous_0)
FN:9,(anonymous_1)
FN:17,(anonymous_2)
FN:20,(anonymous_3)
FNF:4
FNH:1
FNDA:1,(anonymous_0)
FNDA:0,(anonymous_1)
FNDA:0,(anonymous_2)
FNDA:0,(anonymous_3)
DA:1,1
DA:2,1
DA:3,1
DA:4,1
DA:7,1
DA:9,1
DA:10,0
DA:13,1
DA:15,1
DA:17,1
DA:18,0
DA:20,1
DA:21,0
DA:24,1
LF:14
LH:11
BRF:0
BRH:0
end_of_record
TN:
SF:app/utils/extractors.js
FN:43,checkExistence
FN:44,(anonymous_1)
FN:56,IsNotNoReply
FN:57,(anonymous_3)
FN:73,addEmailToDatabase
FN:87,parseDate
FN:106,compareDates
FN:118,addFieldsAndFolder
FN:136,addEmailType
FN:157,manipulateData
FN:181,manipulateDataWithDns
FN:233,treatParsedEmails
FN:250,(anonymous_12)
FN:260,(anonymous_13)
FNF:14
FNH:10
FNDA:8,checkExistence
FNDA:14,(anonymous_1)
FNDA:2,IsNotNoReply
FNDA:60,(anonymous_3)
FNDA:2,addEmailToDatabase
FNDA:6,parseDate
FNDA:5,compareDates
FNDA:3,addFieldsAndFolder
FNDA:4,addEmailType
FNDA:4,manipulateData
FNDA:0,manipulateDataWithDns
FNDA:0,treatParsedEmails
FNDA:0,(anonymous_12)
FNDA:0,(anonymous_13)
DA:1,1
DA:2,1
DA:3,1
DA:4,1
DA:5,1
DA:44,8
DA:45,14
DA:57,2
DA:58,60
DA:60,2
DA:61,1
DA:63,1
DA:75,2
DA:76,2
DA:89,6
DA:92,6
DA:94,6
DA:95,6
DA:96,6
DA:107,5
DA:108,5
DA:110,5
DA:119,3
DA:121,3
DA:122,3
DA:125,3
DA:126,1
DA:137,4
DA:138,4
DA:139,1
DA:140,3
DA:141,1
DA:143,2
DA:146,4
DA:158,4
DA:163,4
DA:164,1
DA:166,3
DA:195,0
DA:244,0
DA:245,0
DA:246,0
DA:247,0
DA:250,0
DA:251,0
DA:253,0
DA:260,0
DA:261,0
DA:262,0
DA:263,0
DA:268,0
DA:271,0
DA:272,0
DA:273,0
DA:274,0
DA:295,1
DA:296,1
DA:297,1
DA:298,1
DA:299,1
DA:300,1
DA:301,1
DA:302,1
DA:303,1
DA:304,1
LF:65
LH:48
BRDA:60,0,0,1
BRDA:60,0,1,1
BRDA:60,1,0,2
BRDA:60,1,1,1
BRDA:75,2,0,2
BRDA:94,3,0,6
BRDA:121,4,0,3
BRDA:122,5,0,2
BRDA:122,5,1,1
BRDA:125,6,0,1
BRDA:125,6,1,2
BRDA:138,7,0,1
BRDA:138,7,1,3
BRDA:140,8,0,1
BRDA:140,8,1,2
BRDA:163,9,0,1
BRDA:163,9,1,3
BRDA:195,10,0,0
BRDA:196,11,0,0
BRDA:196,11,1,0
BRDA:196,11,2,0
BRDA:196,11,3,0
BRDA:245,12,0,0
BRDA:245,12,1,0
BRDA:251,13,0,0
BRDA:251,13,1,0
BRDA:253,14,0,0
BRDA:253,14,1,0
BRDA:261,15,0,0
BRDA:261,15,1,0
BRDA:263,16,0,0
BRDA:263,16,1,0
BRDA:264,17,0,0
BRDA:264,17,1,0
BRDA:271,18,0,0
BRDA:271,18,1,0
BRDA:271,19,0,0
BRDA:271,19,1,0
BRDA:273,20,0,0
BRDA:273,20,1,0
BRF:40
BRH:17
end_of_record
TN:
SF:app/utils/inputHelpers.js
FN:19,getPath
FN:45,getBoxesAll
FN:49,(anonymous_2)
FN:78,getBoxesAndFolders
FN:79,(anonymous_4)
FN:82,(anonymous_5)
FN:95,EqualPartsForSocket
FN:96,inRange
FN:120,(anonymous_8)
FN:127,sortDatabase
FN:128,(anonymous_10)
FN:146,(anonymous_11)
FN:155,(anonymous_12)
FN:160,(anonymous_13)
FN:161,(anonymous_14)
FN:162,(anonymous_15)
FNF:16
FNH:16
FNDA:54,getPath
FNDA:2,getBoxesAll
FNDA:5,(anonymous_2)
FNDA:2,getBoxesAndFolders
FNDA:6,(anonymous_4)
FNDA:6,(anonymous_5)
FNDA:3,EqualPartsForSocket
FNDA:21,inRange
FNDA:351,(anonymous_8)
FNDA:1,sortDatabase
FNDA:6,(anonymous_10)
FNDA:6,(anonymous_11)
FNDA:1,(anonymous_12)
FNDA:1,(anonymous_13)
FNDA:1,(anonymous_14)
FNDA:1,(anonymous_15)
DA:1,1
DA:20,54
DA:21,54
DA:22,54
DA:23,84
DA:24,7
DA:26,77
DA:27,46
DA:30,47
DA:46,2
DA:47,2
DA:49,2
DA:50,5
DA:51,1
DA:52,1
DA:57,4
DA:61,5
DA:63,2
DA:79,2
DA:80,6
DA:82,2
DA:83,6
DA:84,6
DA:86,2
DA:97,21
DA:98,20
DA:100,3
DA:101,3
DA:102,3
DA:103,3
DA:104,21
DA:105,1
DA:106,1
DA:107,20
DA:108,2
DA:110,18
DA:113,3
DA:114,351
DA:115,351
DA:116,351
DA:117,351
DA:119,3
DA:120,351
DA:121,3
DA:128,1
DA:129,6
DA:130,2
DA:132,6
DA:133,6
DA:137,6
DA:139,6
DA:140,6
DA:141,6
DA:143,1
DA:144,1
DA:145,1
DA:146,1
DA:147,6
DA:148,2
DA:149,4
DA:150,2
DA:152,2
DA:155,1
DA:156,1
DA:160,1
DA:161,1
DA:162,1
DA:163,1
DA:164,1
DA:165,1
DA:167,1
DA:168,1
DA:169,1
DA:170,1
DA:171,1
LF:75
LH:75
BRDA:20,0,0,54
BRDA:20,0,1,8
BRDA:23,1,0,7
BRDA:23,1,1,77
BRDA:26,2,0,46
BRDA:26,2,1,31
BRDA:27,3,0,46
BRDA:27,3,1,33
BRDA:50,4,0,1
BRDA:50,4,1,4
BRDA:97,5,0,1
BRDA:97,5,1,20
BRDA:97,6,0,21
BRDA:97,6,1,11
BRDA:104,7,0,1
BRDA:104,7,1,20
BRDA:107,8,0,2
BRDA:107,8,1,18
BRDA:113,9,0,354
BRDA:113,9,1,351
BRDA:129,10,0,2
BRDA:129,10,1,4
BRDA:134,11,0,6
BRDA:134,11,1,6
BRDA:135,12,0,6
BRDA:135,12,1,6
BRDA:136,13,0,6
BRDA:136,13,1,6
BRDA:138,14,0,6
BRDA:138,14,1,2
BRDA:138,15,0,6
BRDA:138,15,1,2
BRDA:139,16,0,6
BRDA:139,16,1,6
BRDA:147,17,0,2
BRDA:147,17,1,4
BRDA:149,18,0,2
BRDA:149,18,1,2
BRDA:157,19,0,1
BRDA:157,19,1,1
BRF:40
BRH:40
end_of_record
TN:
SF:app/utils/logger.js
FN:2,(anonymous_0)
FN:7,(anonymous_1)
FN:18,(anonymous_2)
FN:32,(anonymous_3)
FNF:4
FNH:4
FNDA:8,(anonymous_0)
FNDA:4,(anonymous_1)
FNDA:5,(anonymous_2)
FNDA:5,(anonymous_3)
DA:1,1
DA:2,1
DA:3,8
DA:4,8
DA:7,1
DA:9,4
DA:19,5
DA:33,5
LF:8
LH:8
BRF:0
BRH:0
end_of_record
TN:
SF:app/utils/regexpUtils.js
FN:16,extractEmailsFromBody
FN:28,extractNameAndEmail
FN:29,(anonymous_2)
FN:40,(anonymous_3)
FN:55,FormatBodyEmail
FN:58,(anonymous_5)
FNF:6
FNH:6
FNDA:2,extractEmailsFromBody
FNDA:2,extractNameAndEmail
FNDA:7,(anonymous_2)
FNDA:6,(anonymous_3)
FNDA:1,FormatBodyEmail
FNDA:5,(anonymous_5)
DA:1,1
DA:3,1
DA:7,1
DA:17,2
DA:19,2
DA:20,2
DA:29,2
DA:31,7
DA:32,7
DA:33,2
DA:35,7
DA:38,2
DA:39,2
DA:40,1
DA:41,6
DA:42,6
DA:44,1
DA:46,1
DA:47,1
DA:57,1
DA:58,1
DA:59,5
DA:64,1
DA:65,1
DA:66,1
LF:25
LH:25
BRDA:19,0,0,2
BRDA:31,1,0,7
BRDA:31,2,0,7
BRDA:31,2,1,7
BRDA:32,3,0,2
BRDA:32,3,1,5
BRDA:39,4,0,1
BRDA:39,4,1,1
BRDA:57,5,0,1
BRF:9
BRH:9
end_of_record
TN:
SF:app/utils/tokenHelpers.js
FN:3,generateXOauthToken
FNF:1
FNH:0
FNDA:0,generateXOauthToken
DA:1,1
DA:2,1
DA:4,0
DA:5,0
DA:6,0
DA:14,0
DA:15,0
DA:17,0
DA:23,0
DA:24,0
DA:25,0
DA:27,1
LF:12
LH:3
BRDA:14,0,0,0
BRDA:14,0,1,0
BRF:2
BRH:0
end_of_record
