TN:
SF:server.js
FN:11,(anonymous_0)
FN:43,(anonymous_1)
FN:48,(anonymous_2)
FN:51,(anonymous_3)
FN:64,(anonymous_4)
FNF:5
FNH:3
FNDA:8,(anonymous_0)
FNDA:1,(anonymous_1)
FNDA:0,(anonymous_2)
FNDA:0,(anonymous_3)
FNDA:1,(anonymous_4)
DA:1,1
DA:2,1
DA:3,1
DA:4,1
DA:5,1
DA:6,1
DA:7,1
DA:9,1
DA:10,1
DA:11,1
DA:13,8
DA:16,8
DA:21,8
DA:27,8
DA:29,8
DA:33,1
DA:36,1
DA:37,1
DA:38,1
DA:40,1
DA:41,1
DA:43,1
DA:44,1
DA:47,1
DA:48,1
DA:49,0
DA:51,0
DA:52,0
DA:53,0
DA:55,0
DA:60,1
DA:63,1
DA:64,1
DA:65,1
DA:67,1
LF:35
LH:30
BRDA:52,0,0,0
BRDA:52,0,1,0
BRDA:63,1,0,1
BRDA:63,1,1,1
BRF:4
BRH:2
end_of_record
TN:
SF:app/config/db.config.js
FNF:0
FNH:0
DA:1,1
LF:1
LH:1
BRF:0
BRH:0
end_of_record
TN:
SF:app/models/emails.model.js
FN:1,(anonymous_0)
FN:28,(anonymous_1)
FNF:2
FNH:1
FNDA:1,(anonymous_0)
FNDA:0,(anonymous_1)
DA:1,1
DA:2,1
DA:28,1
DA:29,0
DA:33,1
LF:5
LH:4
BRF:0
BRH:0
end_of_record
TN:
SF:app/models/imap.model.js
FN:2,(anonymous_0)
FNF:1
FNH:1
FNDA:1,(anonymous_0)
DA:2,1
DA:3,1
DA:23,1
LF:3
LH:3
BRF:0
BRH:0
end_of_record
TN:
SF:app/models/index.js
FNF:0
FNH:0
DA:1,1
DA:2,1
DA:4,1
DA:22,1
DA:24,1
DA:25,1
DA:27,1
DA:28,1
DA:30,1
LF:9
LH:9
BRF:0
BRH:0
end_of_record
TN:
SF:app/routes/imap.routes.js
FN:1,(anonymous_0)
FN:12,(anonymous_1)
FN:15,(anonymous_2)
FNF:3
FNH:1
FNDA:1,(anonymous_0)
FNDA:0,(anonymous_1)
FNDA:0,(anonymous_2)
DA:1,1
DA:2,1
DA:3,1
DA:6,1
DA:8,1
DA:10,1
DA:12,1
DA:13,0
DA:15,1
DA:16,0
DA:19,1
LF:11
LH:9
BRF:0
BRH:0
end_of_record
TN:
SF:app/utils/logger.js
FN:2,(anonymous_0)
FN:7,(anonymous_1)
FN:18,(anonymous_2)
FN:32,(anonymous_3)
FNF:4
FNH:4
FNDA:8,(anonymous_0)
FNDA:4,(anonymous_1)
FNDA:6,(anonymous_2)
FNDA:6,(anonymous_3)
DA:1,1
DA:2,1
DA:3,8
DA:4,8
DA:7,1
DA:9,4
DA:19,6
DA:33,6
LF:8
LH:8
BRF:0
BRH:0
end_of_record
TN:
SF:app/utils/regexpUtils.js
FN:16,extractEmailsFromBody
FN:27,extractNameAndEmail
FN:28,(anonymous_2)
FN:35,(anonymous_3)
FN:50,FormatBodyEmail
FN:52,(anonymous_5)
FNF:6
FNH:6
FNDA:2,extractEmailsFromBody
FNDA:1,extractNameAndEmail
FNDA:6,(anonymous_2)
FNDA:6,(anonymous_3)
FNDA:1,FormatBodyEmail
FNDA:5,(anonymous_5)
DA:1,1
DA:3,1
DA:7,1
DA:17,2
DA:18,2
DA:19,2
DA:28,1
DA:29,6
DA:30,5
DA:33,1
DA:34,1
DA:35,1
DA:36,6
DA:37,6
DA:39,1
DA:41,0
DA:42,0
DA:51,1
DA:52,1
DA:53,5
DA:58,1
DA:59,1
DA:60,1
LF:23
LH:21
BRDA:18,0,0,2
BRDA:18,0,1,0
BRDA:29,1,0,5
BRDA:29,1,1,1
BRDA:29,2,0,6
BRDA:29,2,1,5
BRDA:34,3,0,1
BRDA:34,3,1,0
BRDA:51,4,0,1
BRDA:51,4,1,0
BRF:10
BRH:7
end_of_record
