{"/home/youssri/leadminer/backend/app/config/db.config.js":{"path":"/home/youssri/leadminer/backend/app/config/db.config.js","statementMap":{"0":{"start":{"line":1,"column":0},"end":{"line":5,"column":2}}},"fnMap":{},"branchMap":{},"s":{"0":0},"f":{},"b":{},"all":true},"/home/youssri/leadminer/backend/app/models/emails.model.js":{"path":"/home/youssri/leadminer/backend/app/models/emails.model.js","statementMap":{"0":{"start":{"line":1,"column":0},"end":{"line":45,"column":2}},"1":{"start":{"line":2,"column":22},"end":{"line":38,"column":4}},"2":{"start":{"line":39,"column":2},"end":{"line":43,"column":4}},"3":{"start":{"line":40,"column":4},"end":{"line":42,"column":7}},"4":{"start":{"line":44,"column":2},"end":{"line":44,"column":21}}},"fnMap":{"0":{"name":"(anonymous_0)","decl":{"start":{"line":1,"column":17},"end":{"line":1,"column":18}},"loc":{"start":{"line":1,"column":43},"end":{"line":45,"column":1}},"line":1},"1":{"name":"(anonymous_1)","decl":{"start":{"line":39,"column":26},"end":{"line":39,"column":27}},"loc":{"start":{"line":39,"column":38},"end":{"line":43,"column":3}},"line":39}},"branchMap":{},"s":{"0":0,"1":0,"2":0,"3":0,"4":0},"f":{"0":0,"1":0},"b":{},"all":true},"/home/youssri/leadminer/backend/app/models/imap.model.js":{"path":"/home/youssri/leadminer/backend/app/models/imap.model.js","statementMap":{"0":{"start":{"line":1,"column":13},"end":{"line":1,"column":28}},"1":{"start":{"line":2,"column":0},"end":{"line":25,"column":2}},"2":{"start":{"line":3,"column":19},"end":{"line":22,"column":4}},"3":{"start":{"line":24,"column":2},"end":{"line":24,"column":18}}},"fnMap":{"0":{"name":"(anonymous_0)","decl":{"start":{"line":2,"column":17},"end":{"line":2,"column":18}},"loc":{"start":{"line":2,"column":43},"end":{"line":25,"column":1}},"line":2}},"branchMap":{},"s":{"0":0,"1":0,"2":0,"3":0},"f":{"0":0},"b":{},"all":true},"/home/youssri/leadminer/backend/app/models/index.js":{"path":"/home/youssri/leadminer/backend/app/models/index.js","statementMap":{"0":{"start":{"line":1,"column":18},"end":{"line":1,"column":38}},"1":{"start":{"line":2,"column":17},"end":{"line":2,"column":47}},"2":{"start":{"line":4,"column":18},"end":{"line":20,"column":2}},"3":{"start":{"line":22,"column":11},"end":{"line":22,"column":13}},"4":{"start":{"line":24,"column":0},"end":{"line":24,"column":25}},"5":{"start":{"line":25,"column":0},"end":{"line":25,"column":25}},"6":{"start":{"line":27,"column":0},"end":{"line":27,"column":60}},"7":{"start":{"line":28,"column":0},"end":{"line":28,"column":65}},"8":{"start":{"line":30,"column":0},"end":{"line":30,"column":20}}},"fnMap":{},"branchMap":{},"s":{"0":0,"1":0,"2":0,"3":0,"4":0,"5":0,"6":0,"7":0,"8":0},"f":{},"b":{},"all":true},"/home/youssri/leadminer/backend/app/routes/imap.routes.js":{"path":"/home/youssri/leadminer/backend/app/routes/imap.routes.js","statementMap":{"0":{"start":{"line":1,"column":0},"end":{"line":20,"column":2}},"1":{"start":{"line":2,"column":15},"end":{"line":2,"column":56}},"2":{"start":{"line":3,"column":17},"end":{"line":3,"column":44}},"3":{"start":{"line":6,"column":2},"end":{"line":6,"column":46}},"4":{"start":{"line":8,"column":2},"end":{"line":8,"column":45}},"5":{"start":{"line":10,"column":2},"end":{"line":10,"column":46}},"6":{"start":{"line":12,"column":2},"end":{"line":14,"column":5}},"7":{"start":{"line":13,"column":4},"end":{"line":13,"column":42}},"8":{"start":{"line":15,"column":2},"end":{"line":17,"column":5}},"9":{"start":{"line":16,"column":4},"end":{"line":16,"column":34}},"10":{"start":{"line":19,"column":2},"end":{"line":19,"column":31}}},"fnMap":{"0":{"name":"(anonymous_0)","decl":{"start":{"line":1,"column":17},"end":{"line":1,"column":18}},"loc":{"start":{"line":1,"column":39},"end":{"line":20,"column":1}},"line":1},"1":{"name":"(anonymous_1)","decl":{"start":{"line":12,"column":35},"end":{"line":12,"column":36}},"loc":{"start":{"line":12,"column":49},"end":{"line":14,"column":3}},"line":12},"2":{"name":"(anonymous_2)","decl":{"start":{"line":15,"column":27},"end":{"line":15,"column":28}},"loc":{"start":{"line":15,"column":41},"end":{"line":17,"column":3}},"line":15}},"branchMap":{},"s":{"0":0,"1":0,"2":0,"3":0,"4":0,"5":0,"6":0,"7":0,"8":0,"9":0,"10":0},"f":{"0":0,"1":0,"2":0},"b":{},"all":true},"/home/youssri/leadminer/backend/app/services/dataQualificationService.js":{"path":"/home/youssri/leadminer/backend/app/services/dataQualificationService.js","statementMap":{"0":{"start":{"line":1,"column":14},"end":{"line":1,"column":45}},"1":{"start":{"line":2,"column":24},"end":{"line":2,"column":44}},"2":{"start":{"line":3,"column":15},"end":{"line":3,"column":49}},"3":{"start":{"line":4,"column":15},"end":{"line":4,"column":35}},"4":{"start":{"line":7,"column":23},"end":{"line":7,"column":52}},"5":{"start":{"line":9,"column":29},"end":{"line":9,"column":43}},"6":{"start":{"line":10,"column":30},"end":{"line":10,"column":50}},"7":{"start":{"line":11,"column":19},"end":{"line":11,"column":21}},"8":{"start":{"line":12,"column":17},"end":{"line":12,"column":19}},"9":{"start":{"line":14,"column":19},"end":{"line":14,"column":21}},"10":{"start":{"line":15,"column":23},"end":{"line":15,"column":25}},"11":{"start":{"line":17,"column":4},"end":{"line":19,"column":5}},"12":{"start":{"line":18,"column":6},"end":{"line":18,"column":62}},"13":{"start":{"line":21,"column":4},"end":{"line":23,"column":5}},"14":{"start":{"line":22,"column":6},"end":{"line":22,"column":37}},"15":{"start":{"line":24,"column":4},"end":{"line":24,"column":20}},"16":{"start":{"line":26,"column":2},"end":{"line":43,"column":5}},"17":{"start":{"line":27,"column":4},"end":{"line":27,"column":44}},"18":{"start":{"line":28,"column":4},"end":{"line":42,"column":7}},"19":{"start":{"line":29,"column":6},"end":{"line":41,"column":7}},"20":{"start":{"line":30,"column":20},"end":{"line":35,"column":16}},"21":{"start":{"line":32,"column":12},"end":{"line":34,"column":34}},"22":{"start":{"line":36,"column":8},"end":{"line":40,"column":9}},"23":{"start":{"line":37,"column":10},"end":{"line":37,"column":45}},"24":{"start":{"line":39,"column":10},"end":{"line":39,"column":41}},"25":{"start":{"line":46,"column":2},"end":{"line":112,"column":5}},"26":{"start":{"line":47,"column":16},"end":{"line":51,"column":12}},"27":{"start":{"line":49,"column":8},"end":{"line":50,"column":48}},"28":{"start":{"line":52,"column":4},"end":{"line":52,"column":26}},"29":{"start":{"line":53,"column":17},"end":{"line":58,"column":12}},"30":{"start":{"line":55,"column":8},"end":{"line":57,"column":38}},"31":{"start":{"line":59,"column":4},"end":{"line":59,"column":27}},"32":{"start":{"line":62,"column":4},"end":{"line":110,"column":9}},"33":{"start":{"line":71,"column":8},"end":{"line":109,"column":9}},"34":{"start":{"line":72,"column":10},"end":{"line":78,"column":11}},"35":{"start":{"line":73,"column":12},"end":{"line":73,"column":43}},"36":{"start":{"line":74,"column":17},"end":{"line":78,"column":11}},"37":{"start":{"line":75,"column":12},"end":{"line":75,"column":43}},"38":{"start":{"line":76,"column":17},"end":{"line":78,"column":11}},"39":{"start":{"line":77,"column":12},"end":{"line":77,"column":45}},"40":{"start":{"line":79,"column":10},"end":{"line":96,"column":12}},"41":{"start":{"line":98,"column":37},"end":{"line":106,"column":11}},"42":{"start":{"line":107,"column":10},"end":{"line":107,"column":46}},"43":{"start":{"line":108,"column":10},"end":{"line":108,"column":57}},"44":{"start":{"line":111,"column":4},"end":{"line":111,"column":51}},"45":{"start":{"line":113,"column":16},"end":{"line":113,"column":43}},"46":{"start":{"line":114,"column":13},"end":{"line":114,"column":15}},"47":{"start":{"line":116,"column":13},"end":{"line":124,"column":3}},"48":{"start":{"line":118,"column":6},"end":{"line":123,"column":7}},"49":{"start":{"line":121,"column":10},"end":{"line":122,"column":39}},"50":{"start":{"line":125,"column":11},"end":{"line":125,"column":13}},"51":{"start":{"line":126,"column":2},"end":{"line":135,"column":5}},"52":{"start":{"line":127,"column":4},"end":{"line":134,"column":7}},"53":{"start":{"line":128,"column":6},"end":{"line":133,"column":7}},"54":{"start":{"line":130,"column":34},"end":{"line":130,"column":58}},"55":{"start":{"line":132,"column":8},"end":{"line":132,"column":48}},"56":{"start":{"line":136,"column":2},"end":{"line":139,"column":4}},"57":{"start":{"line":138,"column":6},"end":{"line":138,"column":78}},"58":{"start":{"line":138,"column":38},"end":{"line":138,"column":77}},"59":{"start":{"line":140,"column":2},"end":{"line":140,"column":37}},"60":{"start":{"line":142,"column":30},"end":{"line":142,"column":61}},"61":{"start":{"line":144,"column":2},"end":{"line":144,"column":31}},"62":{"start":{"line":147,"column":0},"end":{"line":147,"column":54}}},"fnMap":{"0":{"name":"databaseQualification","decl":{"start":{"line":5,"column":15},"end":{"line":5,"column":36}},"loc":{"start":{"line":5,"column":48},"end":{"line":145,"column":1}},"line":5},"1":{"name":"removeDuplicates","decl":{"start":{"line":13,"column":11},"end":{"line":13,"column":27}},"loc":{"start":{"line":13,"column":49},"end":{"line":25,"column":3}},"line":13},"2":{"name":"(anonymous_2)","decl":{"start":{"line":26,"column":27},"end":{"line":26,"column":28}},"loc":{"start":{"line":26,"column":36},"end":{"line":43,"column":3}},"line":26},"3":{"name":"(anonymous_3)","decl":{"start":{"line":28,"column":33},"end":{"line":28,"column":34}},"loc":{"start":{"line":28,"column":42},"end":{"line":42,"column":5}},"line":28},"4":{"name":"(anonymous_4)","decl":{"start":{"line":31,"column":10},"end":{"line":31,"column":11}},"loc":{"start":{"line":32,"column":12},"end":{"line":34,"column":34}},"line":32},"5":{"name":"(anonymous_5)","decl":{"start":{"line":46,"column":31},"end":{"line":46,"column":32}},"loc":{"start":{"line":46,"column":47},"end":{"line":112,"column":3}},"line":46},"6":{"name":"(anonymous_6)","decl":{"start":{"line":48,"column":6},"end":{"line":48,"column":7}},"loc":{"start":{"line":49,"column":8},"end":{"line":50,"column":48}},"line":49},"7":{"name":"(anonymous_7)","decl":{"start":{"line":54,"column":6},"end":{"line":54,"column":7}},"loc":{"start":{"line":55,"column":8},"end":{"line":57,"column":38}},"line":55},"8":{"name":"(anonymous_8)","decl":{"start":{"line":70,"column":12},"end":{"line":70,"column":13}},"loc":{"start":{"line":70,"column":31},"end":{"line":110,"column":7}},"line":70},"9":{"name":"(anonymous_9)","decl":{"start":{"line":117,"column":4},"end":{"line":117,"column":5}},"loc":{"start":{"line":118,"column":6},"end":{"line":123,"column":7}},"line":118},"10":{"name":"(anonymous_10)","decl":{"start":{"line":120,"column":8},"end":{"line":120,"column":9}},"loc":{"start":{"line":121,"column":10},"end":{"line":122,"column":39}},"line":121},"11":{"name":"(anonymous_11)","decl":{"start":{"line":126,"column":11},"end":{"line":126,"column":12}},"loc":{"start":{"line":126,"column":22},"end":{"line":135,"column":3}},"line":126},"12":{"name":"(anonymous_12)","decl":{"start":{"line":127,"column":13},"end":{"line":127,"column":14}},"loc":{"start":{"line":127,"column":23},"end":{"line":134,"column":5}},"line":127},"13":{"name":"(anonymous_13)","decl":{"start":{"line":130,"column":26},"end":{"line":130,"column":27}},"loc":{"start":{"line":130,"column":34},"end":{"line":130,"column":58}},"line":130},"14":{"name":"(anonymous_14)","decl":{"start":{"line":137,"column":4},"end":{"line":137,"column":5}},"loc":{"start":{"line":138,"column":6},"end":{"line":138,"column":78}},"line":138},"15":{"name":"(anonymous_15)","decl":{"start":{"line":138,"column":31},"end":{"line":138,"column":32}},"loc":{"start":{"line":138,"column":38},"end":{"line":138,"column":77}},"line":138}},"branchMap":{"0":{"loc":{"start":{"line":29,"column":6},"end":{"line":41,"column":7}},"type":"if","locations":[{"start":{"line":29,"column":6},"end":{"line":41,"column":7}},{"start":{"line":29,"column":6},"end":{"line":41,"column":7}}],"line":29},"1":{"loc":{"start":{"line":29,"column":10},"end":{"line":29,"column":74}},"type":"binary-expr","locations":[{"start":{"line":29,"column":10},"end":{"line":29,"column":48}},{"start":{"line":29,"column":52},"end":{"line":29,"column":74}}],"line":29},"2":{"loc":{"start":{"line":32,"column":12},"end":{"line":34,"column":34}},"type":"binary-expr","locations":[{"start":{"line":32,"column":12},"end":{"line":32,"column":43}},{"start":{"line":33,"column":12},"end":{"line":33,"column":51}},{"start":{"line":34,"column":12},"end":{"line":34,"column":34}}],"line":32},"3":{"loc":{"start":{"line":36,"column":8},"end":{"line":40,"column":9}},"type":"if","locations":[{"start":{"line":36,"column":8},"end":{"line":40,"column":9}},{"start":{"line":36,"column":8},"end":{"line":40,"column":9}}],"line":36},"4":{"loc":{"start":{"line":49,"column":8},"end":{"line":50,"column":48}},"type":"binary-expr","locations":[{"start":{"line":49,"column":8},"end":{"line":49,"column":39}},{"start":{"line":50,"column":8},"end":{"line":50,"column":48}}],"line":49},"5":{"loc":{"start":{"line":55,"column":8},"end":{"line":57,"column":38}},"type":"binary-expr","locations":[{"start":{"line":55,"column":8},"end":{"line":55,"column":39}},{"start":{"line":56,"column":8},"end":{"line":56,"column":48}},{"start":{"line":57,"column":8},"end":{"line":57,"column":38}}],"line":55},"6":{"loc":{"start":{"line":71,"column":8},"end":{"line":109,"column":9}},"type":"if","locations":[{"start":{"line":71,"column":8},"end":{"line":109,"column":9}},{"start":{"line":71,"column":8},"end":{"line":109,"column":9}}],"line":71},"7":{"loc":{"start":{"line":72,"column":10},"end":{"line":78,"column":11}},"type":"if","locations":[{"start":{"line":72,"column":10},"end":{"line":78,"column":11}},{"start":{"line":72,"column":10},"end":{"line":78,"column":11}}],"line":72},"8":{"loc":{"start":{"line":74,"column":17},"end":{"line":78,"column":11}},"type":"if","locations":[{"start":{"line":74,"column":17},"end":{"line":78,"column":11}},{"start":{"line":74,"column":17},"end":{"line":78,"column":11}}],"line":74},"9":{"loc":{"start":{"line":76,"column":17},"end":{"line":78,"column":11}},"type":"if","locations":[{"start":{"line":76,"column":17},"end":{"line":78,"column":11}},{"start":{"line":76,"column":17},"end":{"line":78,"column":11}}],"line":76},"10":{"loc":{"start":{"line":121,"column":10},"end":{"line":122,"column":39}},"type":"binary-expr","locations":[{"start":{"line":121,"column":10},"end":{"line":121,"column":49}},{"start":{"line":122,"column":10},"end":{"line":122,"column":39}}],"line":121},"11":{"loc":{"start":{"line":128,"column":6},"end":{"line":133,"column":7}},"type":"if","locations":[{"start":{"line":128,"column":6},"end":{"line":133,"column":7}},{"start":{"line":128,"column":6},"end":{"line":133,"column":7}}],"line":128},"12":{"loc":{"start":{"line":129,"column":8},"end":{"line":130,"column":59}},"type":"binary-expr","locations":[{"start":{"line":129,"column":8},"end":{"line":129,"column":49}},{"start":{"line":130,"column":8},"end":{"line":130,"column":59}}],"line":129}},"s":{"0":0,"1":0,"2":0,"3":0,"4":0,"5":0,"6":0,"7":0,"8":0,"9":0,"10":0,"11":0,"12":0,"13":0,"14":0,"15":0,"16":0,"17":0,"18":0,"19":0,"20":0,"21":0,"22":0,"23":0,"24":0,"25":0,"26":0,"27":0,"28":0,"29":0,"30":0,"31":0,"32":0,"33":0,"34":0,"35":0,"36":0,"37":0,"38":0,"39":0,"40":0,"41":0,"42":0,"43":0,"44":0,"45":0,"46":0,"47":0,"48":0,"49":0,"50":0,"51":0,"52":0,"53":0,"54":0,"55":0,"56":0,"57":0,"58":0,"59":0,"60":0,"61":0,"62":0},"f":{"0":0,"1":0,"2":0,"3":0,"4":0,"5":0,"6":0,"7":0,"8":0,"9":0,"10":0,"11":0,"12":0,"13":0,"14":0,"15":0},"b":{"0":[0,0],"1":[0,0],"2":[0,0,0],"3":[0,0],"4":[0,0],"5":[0,0,0],"6":[0,0],"7":[0,0],"8":[0,0],"9":[0,0],"10":[0,0],"11":[0,0],"12":[0,0]},"all":true},"/home/youssri/leadminer/backend/app/utils/extractors.js":{"path":"/home/youssri/leadminer/backend/app/utils/extractors.js","statementMap":{"0":{"start":{"line":2,"column":19},"end":{"line":2,"column":47}},"1":{"start":{"line":3,"column":22},"end":{"line":3,"column":53}},"2":{"start":{"line":4,"column":12},"end":{"line":4,"column":26}},"3":{"start":{"line":5,"column":22},"end":{"line":5,"column":46}},"4":{"start":{"line":6,"column":16},"end":{"line":31,"column":1}},"5":{"start":{"line":38,"column":2},"end":{"line":40,"column":5}},"6":{"start":{"line":39,"column":4},"end":{"line":39,"column":51}},"7":{"start":{"line":50,"column":16},"end":{"line":52,"column":3}},"8":{"start":{"line":51,"column":4},"end":{"line":51,"column":55}},"9":{"start":{"line":53,"column":2},"end":{"line":57,"column":3}},"10":{"start":{"line":54,"column":4},"end":{"line":54,"column":17}},"11":{"start":{"line":56,"column":4},"end":{"line":56,"column":16}},"12":{"start":{"line":66,"column":2},"end":{"line":66,"column":23}},"13":{"start":{"line":67,"column":2},"end":{"line":67,"column":18}},"14":{"start":{"line":75,"column":2},"end":{"line":81,"column":5}},"15":{"start":{"line":76,"column":4},"end":{"line":80,"column":5}},"16":{"start":{"line":77,"column":6},"end":{"line":79,"column":59}},"17":{"start":{"line":82,"column":2},"end":{"line":82,"column":18}},"18":{"start":{"line":89,"column":15},"end":{"line":89,"column":52}},"19":{"start":{"line":90,"column":2},"end":{"line":96,"column":3}},"20":{"start":{"line":91,"column":4},"end":{"line":91,"column":43}},"21":{"start":{"line":92,"column":9},"end":{"line":96,"column":3}},"22":{"start":{"line":93,"column":4},"end":{"line":93,"column":41}},"23":{"start":{"line":95,"column":4},"end":{"line":95,"column":41}},"24":{"start":{"line":97,"column":2},"end":{"line":97,"column":19}},"25":{"start":{"line":106,"column":16},"end":{"line":106,"column":50}},"26":{"start":{"line":107,"column":18},"end":{"line":112,"column":3}},"27":{"start":{"line":113,"column":23},"end":{"line":113,"column":46}},"28":{"start":{"line":114,"column":2},"end":{"line":118,"column":3}},"29":{"start":{"line":115,"column":4},"end":{"line":115,"column":56}},"30":{"start":{"line":117,"column":4},"end":{"line":117,"column":56}},"31":{"start":{"line":140,"column":2},"end":{"line":156,"column":3}},"32":{"start":{"line":141,"column":4},"end":{"line":141,"column":21}},"33":{"start":{"line":142,"column":4},"end":{"line":155,"column":7}},"34":{"start":{"line":143,"column":6},"end":{"line":154,"column":7}},"35":{"start":{"line":144,"column":8},"end":{"line":144,"column":28}},"36":{"start":{"line":145,"column":8},"end":{"line":151,"column":9}},"37":{"start":{"line":146,"column":10},"end":{"line":146,"column":39}},"38":{"start":{"line":148,"column":10},"end":{"line":150,"column":13}},"39":{"start":{"line":153,"column":8},"end":{"line":153,"column":59}},"40":{"start":{"line":174,"column":2},"end":{"line":207,"column":5}},"41":{"start":{"line":175,"column":4},"end":{"line":206,"column":5}},"42":{"start":{"line":177,"column":8},"end":{"line":182,"column":77}},"43":{"start":{"line":184,"column":6},"end":{"line":205,"column":9}},"44":{"start":{"line":185,"column":8},"end":{"line":204,"column":9}},"45":{"start":{"line":187,"column":23},"end":{"line":187,"column":53}},"46":{"start":{"line":189,"column":28},"end":{"line":189,"column":52}},"47":{"start":{"line":191,"column":10},"end":{"line":203,"column":11}},"48":{"start":{"line":192,"column":12},"end":{"line":192,"column":63}},"49":{"start":{"line":194,"column":12},"end":{"line":202,"column":14}},"50":{"start":{"line":210,"column":0},"end":{"line":210,"column":40}},"51":{"start":{"line":211,"column":0},"end":{"line":211,"column":48}},"52":{"start":{"line":212,"column":0},"end":{"line":212,"column":48}},"53":{"start":{"line":213,"column":0},"end":{"line":213,"column":36}},"54":{"start":{"line":214,"column":0},"end":{"line":214,"column":36}},"55":{"start":{"line":215,"column":0},"end":{"line":215,"column":46}}},"fnMap":{"0":{"name":"checkExistence","decl":{"start":{"line":37,"column":9},"end":{"line":37,"column":23}},"loc":{"start":{"line":37,"column":41},"end":{"line":41,"column":1}},"line":37},"1":{"name":"(anonymous_1)","decl":{"start":{"line":38,"column":23},"end":{"line":38,"column":24}},"loc":{"start":{"line":38,"column":36},"end":{"line":40,"column":3}},"line":38},"2":{"name":"IsNotNoReply","decl":{"start":{"line":49,"column":9},"end":{"line":49,"column":21}},"loc":{"start":{"line":49,"column":43},"end":{"line":58,"column":1}},"line":49},"3":{"name":"(anonymous_3)","decl":{"start":{"line":50,"column":31},"end":{"line":50,"column":32}},"loc":{"start":{"line":51,"column":4},"end":{"line":51,"column":55}},"line":51},"4":{"name":"addEmailToDatabase","decl":{"start":{"line":65,"column":9},"end":{"line":65,"column":27}},"loc":{"start":{"line":65,"column":45},"end":{"line":68,"column":1}},"line":65},"5":{"name":"addFieldsAndFolder","decl":{"start":{"line":74,"column":9},"end":{"line":74,"column":27}},"loc":{"start":{"line":74,"column":45},"end":{"line":83,"column":1}},"line":74},"6":{"name":"(anonymous_6)","decl":{"start":{"line":75,"column":15},"end":{"line":75,"column":16}},"loc":{"start":{"line":75,"column":28},"end":{"line":81,"column":3}},"line":75},"7":{"name":"addEmailType","decl":{"start":{"line":88,"column":9},"end":{"line":88,"column":21}},"loc":{"start":{"line":88,"column":33},"end":{"line":98,"column":1}},"line":88},"8":{"name":"manipulateData","decl":{"start":{"line":105,"column":9},"end":{"line":105,"column":23}},"loc":{"start":{"line":105,"column":53},"end":{"line":119,"column":1}},"line":105},"9":{"name":"manipulateDataWithDns","decl":{"start":{"line":131,"column":9},"end":{"line":131,"column":30}},"loc":{"start":{"line":139,"column":2},"end":{"line":157,"column":1}},"line":139},"10":{"name":"(anonymous_10)","decl":{"start":{"line":142,"column":26},"end":{"line":142,"column":27}},"loc":{"start":{"line":142,"column":54},"end":{"line":155,"column":5}},"line":142},"11":{"name":"treatParsedEmails","decl":{"start":{"line":165,"column":9},"end":{"line":165,"column":26}},"loc":{"start":{"line":173,"column":2},"end":{"line":208,"column":1}},"line":173},"12":{"name":"(anonymous_12)","decl":{"start":{"line":174,"column":34},"end":{"line":174,"column":35}},"loc":{"start":{"line":174,"column":47},"end":{"line":207,"column":3}},"line":174},"13":{"name":"(anonymous_13)","decl":{"start":{"line":184,"column":16},"end":{"line":184,"column":17}},"loc":{"start":{"line":184,"column":36},"end":{"line":205,"column":7}},"line":184}},"branchMap":{"0":{"loc":{"start":{"line":53,"column":2},"end":{"line":57,"column":3}},"type":"if","locations":[{"start":{"line":53,"column":2},"end":{"line":57,"column":3}},{"start":{"line":53,"column":2},"end":{"line":57,"column":3}}],"line":53},"1":{"loc":{"start":{"line":53,"column":6},"end":{"line":53,"column":56}},"type":"binary-expr","locations":[{"start":{"line":53,"column":6},"end":{"line":53,"column":24}},{"start":{"line":53,"column":28},"end":{"line":53,"column":56}}],"line":53},"2":{"loc":{"start":{"line":76,"column":4},"end":{"line":80,"column":5}},"type":"if","locations":[{"start":{"line":76,"column":4},"end":{"line":80,"column":5}},{"start":{"line":76,"column":4},"end":{"line":80,"column":5}}],"line":76},"3":{"loc":{"start":{"line":77,"column":6},"end":{"line":79,"column":58}},"type":"cond-expr","locations":[{"start":{"line":78,"column":11},"end":{"line":78,"column":58}},{"start":{"line":79,"column":11},"end":{"line":79,"column":57}}],"line":77},"4":{"loc":{"start":{"line":90,"column":2},"end":{"line":96,"column":3}},"type":"if","locations":[{"start":{"line":90,"column":2},"end":{"line":96,"column":3}},{"start":{"line":90,"column":2},"end":{"line":96,"column":3}}],"line":90},"5":{"loc":{"start":{"line":92,"column":9},"end":{"line":96,"column":3}},"type":"if","locations":[{"start":{"line":92,"column":9},"end":{"line":96,"column":3}},{"start":{"line":92,"column":9},"end":{"line":96,"column":3}}],"line":92},"6":{"loc":{"start":{"line":114,"column":2},"end":{"line":118,"column":3}},"type":"if","locations":[{"start":{"line":114,"column":2},"end":{"line":118,"column":3}},{"start":{"line":114,"column":2},"end":{"line":118,"column":3}}],"line":114},"7":{"loc":{"start":{"line":140,"column":2},"end":{"line":156,"column":3}},"type":"if","locations":[{"start":{"line":140,"column":2},"end":{"line":156,"column":3}},{"start":{"line":140,"column":2},"end":{"line":156,"column":3}}],"line":140},"8":{"loc":{"start":{"line":140,"column":6},"end":{"line":140,"column":49}},"type":"binary-expr","locations":[{"start":{"line":140,"column":6},"end":{"line":140,"column":12}},{"start":{"line":140,"column":16},"end":{"line":140,"column":49}}],"line":140},"9":{"loc":{"start":{"line":143,"column":6},"end":{"line":154,"column":7}},"type":"if","locations":[{"start":{"line":143,"column":6},"end":{"line":154,"column":7}},{"start":{"line":143,"column":6},"end":{"line":154,"column":7}}],"line":143},"10":{"loc":{"start":{"line":145,"column":8},"end":{"line":151,"column":9}},"type":"if","locations":[{"start":{"line":145,"column":8},"end":{"line":151,"column":9}},{"start":{"line":145,"column":8},"end":{"line":151,"column":9}}],"line":145},"11":{"loc":{"start":{"line":175,"column":4},"end":{"line":206,"column":5}},"type":"if","locations":[{"start":{"line":175,"column":4},"end":{"line":206,"column":5}},{"start":{"line":175,"column":4},"end":{"line":206,"column":5}}],"line":175},"12":{"loc":{"start":{"line":177,"column":8},"end":{"line":182,"column":77}},"type":"cond-expr","locations":[{"start":{"line":178,"column":12},"end":{"line":181,"column":13}},{"start":{"line":182,"column":12},"end":{"line":182,"column":77}}],"line":177},"13":{"loc":{"start":{"line":185,"column":8},"end":{"line":204,"column":9}},"type":"if","locations":[{"start":{"line":185,"column":8},"end":{"line":204,"column":9}},{"start":{"line":185,"column":8},"end":{"line":204,"column":9}}],"line":185},"14":{"loc":{"start":{"line":185,"column":12},"end":{"line":185,"column":65}},"type":"binary-expr","locations":[{"start":{"line":185,"column":12},"end":{"line":185,"column":20}},{"start":{"line":185,"column":24},"end":{"line":185,"column":65}}],"line":185},"15":{"loc":{"start":{"line":191,"column":10},"end":{"line":203,"column":11}},"type":"if","locations":[{"start":{"line":191,"column":10},"end":{"line":203,"column":11}},{"start":{"line":191,"column":10},"end":{"line":203,"column":11}}],"line":191},"16":{"loc":{"start":{"line":191,"column":14},"end":{"line":191,"column":61}},"type":"binary-expr","locations":[{"start":{"line":191,"column":14},"end":{"line":191,"column":25}},{"start":{"line":191,"column":29},"end":{"line":191,"column":61}}],"line":191}},"s":{"0":0,"1":0,"2":0,"3":0,"4":0,"5":0,"6":0,"7":0,"8":0,"9":0,"10":0,"11":0,"12":0,"13":0,"14":0,"15":0,"16":0,"17":0,"18":0,"19":0,"20":0,"21":0,"22":0,"23":0,"24":0,"25":0,"26":0,"27":0,"28":0,"29":0,"30":0,"31":0,"32":0,"33":0,"34":0,"35":0,"36":0,"37":0,"38":0,"39":0,"40":0,"41":0,"42":0,"43":0,"44":0,"45":0,"46":0,"47":0,"48":0,"49":0,"50":0,"51":0,"52":0,"53":0,"54":0,"55":0},"f":{"0":0,"1":0,"2":0,"3":0,"4":0,"5":0,"6":0,"7":0,"8":0,"9":0,"10":0,"11":0,"12":0,"13":0},"b":{"0":[0,0],"1":[0,0],"2":[0,0],"3":[0,0],"4":[0,0],"5":[0,0],"6":[0,0],"7":[0,0],"8":[0,0],"9":[0,0],"10":[0,0],"11":[0,0],"12":[0,0],"13":[0,0],"14":[0,0],"15":[0,0],"16":[0,0]},"all":true},"/home/youssri/leadminer/backend/app/utils/logger.js":{"path":"/home/youssri/leadminer/backend/app/utils/logger.js","statementMap":{"0":{"start":{"line":1,"column":45},"end":{"line":1,"column":63}},"1":{"start":{"line":2,"column":17},"end":{"line":5,"column":1}},"2":{"start":{"line":3,"column":16},"end":{"line":3,"column":49}},"3":{"start":{"line":4,"column":2},"end":{"line":4,"column":21}},"4":{"start":{"line":7,"column":0},"end":{"line":41,"column":2}},"5":{"start":{"line":9,"column":2},"end":{"line":40,"column":5}},"6":{"start":{"line":19,"column":14},"end":{"line":21,"column":16}},"7":{"start":{"line":33,"column":14},"end":{"line":35,"column":18}}},"fnMap":{"0":{"name":"(anonymous_0)","decl":{"start":{"line":2,"column":17},"end":{"line":2,"column":18}},"loc":{"start":{"line":2,"column":42},"end":{"line":5,"column":1}},"line":2},"1":{"name":"(anonymous_1)","decl":{"start":{"line":7,"column":17},"end":{"line":7,"column":18}},"loc":{"start":{"line":7,"column":42},"end":{"line":41,"column":1}},"line":7},"2":{"name":"(anonymous_2)","decl":{"start":{"line":18,"column":12},"end":{"line":18,"column":13}},"loc":{"start":{"line":19,"column":14},"end":{"line":21,"column":16}},"line":19},"3":{"name":"(anonymous_3)","decl":{"start":{"line":32,"column":12},"end":{"line":32,"column":13}},"loc":{"start":{"line":33,"column":14},"end":{"line":35,"column":18}},"line":33}},"branchMap":{},"s":{"0":0,"1":0,"2":0,"3":0,"4":0,"5":0,"6":0,"7":0},"f":{"0":0,"1":0,"2":0,"3":0},"b":{},"all":true},"/home/youssri/leadminer/backend/app/utils/out/scripts/linenumber.js":{"path":"/home/youssri/leadminer/backend/app/utils/out/scripts/linenumber.js","statementMap":{"0":{"start":{"line":2,"column":0},"end":{"line":25,"column":5}},"1":{"start":{"line":3,"column":19},"end":{"line":3,"column":81}},"2":{"start":{"line":4,"column":12},"end":{"line":4,"column":13}},"3":{"start":{"line":5,"column":21},"end":{"line":5,"column":22}},"4":{"start":{"line":11,"column":4},"end":{"line":24,"column":5}},"5":{"start":{"line":12,"column":8},"end":{"line":12,"column":57}},"6":{"start":{"line":13,"column":8},"end":{"line":13,"column":53}},"7":{"start":{"line":14,"column":8},"end":{"line":14,"column":34}},"8":{"start":{"line":16,"column":8},"end":{"line":23,"column":9}},"9":{"start":{"line":17,"column":12},"end":{"line":17,"column":25}},"10":{"start":{"line":18,"column":12},"end":{"line":18,"column":41}},"11":{"start":{"line":19,"column":12},"end":{"line":19,"column":33}},"12":{"start":{"line":20,"column":12},"end":{"line":22,"column":13}},"13":{"start":{"line":21,"column":16},"end":{"line":21,"column":50}}},"fnMap":{"0":{"name":"(anonymous_0)","decl":{"start":{"line":2,"column":1},"end":{"line":2,"column":2}},"loc":{"start":{"line":2,"column":7},"end":{"line":25,"column":1}},"line":2}},"branchMap":{"0":{"loc":{"start":{"line":11,"column":4},"end":{"line":24,"column":5}},"type":"if","locations":[{"start":{"line":11,"column":4},"end":{"line":24,"column":5}},{"start":{"line":11,"column":4},"end":{"line":24,"column":5}}],"line":11},"1":{"loc":{"start":{"line":11,"column":8},"end":{"line":11,"column":27}},"type":"binary-expr","locations":[{"start":{"line":11,"column":8},"end":{"line":11,"column":14}},{"start":{"line":11,"column":18},"end":{"line":11,"column":27}}],"line":11},"2":{"loc":{"start":{"line":20,"column":12},"end":{"line":22,"column":13}},"type":"if","locations":[{"start":{"line":20,"column":12},"end":{"line":22,"column":13}},{"start":{"line":20,"column":12},"end":{"line":22,"column":13}}],"line":20}},"s":{"0":0,"1":0,"2":0,"3":0,"4":0,"5":0,"6":0,"7":0,"8":0,"9":0,"10":0,"11":0,"12":0,"13":0},"f":{"0":0},"b":{"0":[0,0],"1":[0,0],"2":[0,0]},"all":true},"/home/youssri/leadminer/backend/app/utils/out/scripts/prettify/lang-css.js":{"path":"/home/youssri/leadminer/backend/app/utils/out/scripts/prettify/lang-css.js","statementMap":{"0":{"start":{"line":1,"column":0},"end":{"line":2,"column":183}},"1":{"start":{"line":2,"column":183},"end":{"line":2,"column":308}},"2":{"start":{"line":2,"column":308},"end":{"line":2,"column":390}}},"fnMap":{},"branchMap":{},"s":{"0":0,"1":0,"2":0},"f":{},"b":{},"all":true},"/home/youssri/leadminer/backend/app/utils/out/scripts/prettify/prettify.js":{"path":"/home/youssri/leadminer/backend/app/utils/out/scripts/prettify/prettify.js","statementMap":{"0":{"start":{"line":1,"column":6},"end":{"line":1,"column":10}},"1":{"start":{"line":1,"column":11},"end":{"line":1,"column":48}},"2":{"start":{"line":2,"column":0},"end":{"line":28,"column":119}},"3":{"start":{"line":2,"column":46},"end":{"line":2,"column":61}},"4":{"start":{"line":2,"column":62},"end":{"line":2,"column":81}},"5":{"start":{"line":2,"column":72},"end":{"line":2,"column":81}},"6":{"start":{"line":2,"column":87},"end":{"line":2,"column":98}},"7":{"start":{"line":2,"column":99},"end":{"line":2,"column":218}},"8":{"start":{"line":2,"column":233},"end":{"line":2,"column":282}},"9":{"start":{"line":2,"column":241},"end":{"line":2,"column":282}},"10":{"start":{"line":2,"column":282},"end":{"line":2,"column":307}},"11":{"start":{"line":2,"column":307},"end":{"line":2,"column":355}},"12":{"start":{"line":2,"column":346},"end":{"line":2,"column":355}},"13":{"start":{"line":2,"column":355},"end":{"line":2,"column":363}},"14":{"start":{"line":2,"column":378},"end":{"line":3,"column":304}},"15":{"start":{"line":2,"column":388},"end":{"line":2,"column":503}},"16":{"start":{"line":3,"column":0},"end":{"line":3,"column":2}},"17":{"start":{"line":3,"column":5},"end":{"line":3,"column":7}},"18":{"start":{"line":3,"column":10},"end":{"line":3,"column":20}},"19":{"start":{"line":3,"column":23},"end":{"line":3,"column":28}},"20":{"start":{"line":3,"column":31},"end":{"line":3,"column":39}},"21":{"start":{"line":3,"column":55},"end":{"line":3,"column":59}},"22":{"start":{"line":3,"column":60},"end":{"line":3,"column":303}},"23":{"start":{"line":3,"column":83},"end":{"line":3,"column":93}},"24":{"start":{"line":3,"column":104},"end":{"line":3,"column":108}},"25":{"start":{"line":3,"column":111},"end":{"line":3,"column":154}},"26":{"start":{"line":3,"column":154},"end":{"line":3,"column":168}},"27":{"start":{"line":3,"column":168},"end":{"line":3,"column":302}},"28":{"start":{"line":3,"column":304},"end":{"line":3,"column":355}},"29":{"start":{"line":3,"column":325},"end":{"line":3,"column":352}},"30":{"start":{"line":3,"column":355},"end":{"line":3,"column":360}},"31":{"start":{"line":3,"column":360},"end":{"line":3,"column":372}},"32":{"start":{"line":3,"column":372},"end":{"line":3,"column":452}},"33":{"start":{"line":3,"column":395},"end":{"line":3,"column":452}},"34":{"start":{"line":3,"column":452},"end":{"line":3,"column":460}},"35":{"start":{"line":3,"column":460},"end":{"line":3,"column":475}},"36":{"start":{"line":3,"column":475},"end":{"line":3,"column":493}},"37":{"start":{"line":3,"column":493},"end":{"line":4,"column":90}},"38":{"start":{"line":4,"column":13},"end":{"line":4,"column":90}},"39":{"start":{"line":4,"column":90},"end":{"line":4,"column":102}},"40":{"start":{"line":4,"column":102},"end":{"line":4,"column":119}},"41":{"start":{"line":4,"column":134},"end":{"line":4,"column":378}},"42":{"start":{"line":4,"column":144},"end":{"line":4,"column":264}},"43":{"start":{"line":4,"column":267},"end":{"line":4,"column":275}},"44":{"start":{"line":4,"column":278},"end":{"line":4,"column":280}},"45":{"start":{"line":4,"column":283},"end":{"line":4,"column":284}},"46":{"start":{"line":4,"column":287},"end":{"line":4,"column":288}},"47":{"start":{"line":4,"column":304},"end":{"line":4,"column":308}},"48":{"start":{"line":4,"column":309},"end":{"line":4,"column":377}},"49":{"start":{"line":4,"column":378},"end":{"line":4,"column":423}},"50":{"start":{"line":4,"column":401},"end":{"line":4,"column":423}},"51":{"start":{"line":4,"column":423},"end":{"line":5,"column":44}},"52":{"start":{"line":4,"column":441},"end":{"line":5,"column":44}},"53":{"start":{"line":5,"column":44},"end":{"line":5,"column":98}},"54":{"start":{"line":5,"column":62},"end":{"line":5,"column":98}},"55":{"start":{"line":5,"column":98},"end":{"line":5,"column":302}},"56":{"start":{"line":5,"column":117},"end":{"line":5,"column":302}},"57":{"start":{"line":5,"column":133},"end":{"line":5,"column":302}},"58":{"start":{"line":5,"column":235},"end":{"line":5,"column":253}},"59":{"start":{"line":5,"column":253},"end":{"line":5,"column":298}},"60":{"start":{"line":5,"column":302},"end":{"line":5,"column":319}},"61":{"start":{"line":5,"column":320},"end":{"line":5,"column":502}},"62":{"start":{"line":5,"column":330},"end":{"line":5,"column":331}},"63":{"start":{"line":5,"column":334},"end":{"line":5,"column":336}},"64":{"start":{"line":5,"column":339},"end":{"line":5,"column":341}},"65":{"start":{"line":5,"column":344},"end":{"line":5,"column":345}},"66":{"start":{"line":5,"column":348},"end":{"line":5,"column":356}},"67":{"start":{"line":5,"column":372},"end":{"line":5,"column":376}},"68":{"start":{"line":5,"column":377},"end":{"line":5,"column":501}},"69":{"start":{"line":5,"column":393},"end":{"line":5,"column":398}},"70":{"start":{"line":5,"column":403},"end":{"line":5,"column":501}},"71":{"start":{"line":5,"column":485},"end":{"line":5,"column":490}},"72":{"start":{"line":5,"column":490},"end":{"line":5,"column":495}},"73":{"start":{"line":5,"column":495},"end":{"line":5,"column":500}},"74":{"start":{"line":5,"column":502},"end":{"line":6,"column":132}},"75":{"start":{"line":6,"column":0},"end":{"line":6,"column":29}},"76":{"start":{"line":6,"column":32},"end":{"line":6,"column":34}},"77":{"start":{"line":6,"column":37},"end":{"line":6,"column":38}},"78":{"start":{"line":6,"column":41},"end":{"line":6,"column":49}},"79":{"start":{"line":6,"column":59},"end":{"line":6,"column":66}},"80":{"start":{"line":6,"column":66},"end":{"line":6,"column":109}},"81":{"start":{"line":6,"column":91},"end":{"line":6,"column":109}},"82":{"start":{"line":6,"column":109},"end":{"line":6,"column":131}},"83":{"start":{"line":6,"column":132},"end":{"line":6,"column":169}},"84":{"start":{"line":6,"column":198},"end":{"line":7,"column":15}},"85":{"start":{"line":6,"column":224},"end":{"line":6,"column":253}},"86":{"start":{"line":6,"column":247},"end":{"line":6,"column":253}},"87":{"start":{"line":6,"column":253},"end":{"line":6,"column":299}},"88":{"start":{"line":6,"column":263},"end":{"line":6,"column":275}},"89":{"start":{"line":6,"column":294},"end":{"line":6,"column":299}},"90":{"start":{"line":6,"column":299},"end":{"line":6,"column":312}},"91":{"start":{"line":6,"column":312},"end":{"line":6,"column":370}},"92":{"start":{"line":6,"column":334},"end":{"line":6,"column":370}},"93":{"start":{"line":6,"column":370},"end":{"line":6,"column":376}},"94":{"start":{"line":6,"column":390},"end":{"line":7,"column":14}},"95":{"start":{"line":7,"column":22},"end":{"line":7,"column":46}},"96":{"start":{"line":7,"column":49},"end":{"line":7,"column":51}},"97":{"start":{"line":7,"column":54},"end":{"line":7,"column":55}},"98":{"start":{"line":7,"column":58},"end":{"line":7,"column":60}},"99":{"start":{"line":7,"column":63},"end":{"line":7,"column":64}},"100":{"start":{"line":7,"column":67},"end":{"line":7,"column":214}},"101":{"start":{"line":7,"column":220},"end":{"line":7,"column":247}},"102":{"start":{"line":7,"column":248},"end":{"line":7,"column":253}},"103":{"start":{"line":7,"column":253},"end":{"line":7,"column":295}},"104":{"start":{"line":7,"column":316},"end":{"line":7,"column":357}},"105":{"start":{"line":7,"column":388},"end":{"line":8,"column":461}},"106":{"start":{"line":7,"column":398},"end":{"line":7,"column":401}},"107":{"start":{"line":7,"column":404},"end":{"line":7,"column":413}},"108":{"start":{"line":7,"column":416},"end":{"line":7,"column":417}},"109":{"start":{"line":7,"column":420},"end":{"line":7,"column":436}},"110":{"start":{"line":7,"column":439},"end":{"line":7,"column":441}},"111":{"start":{"line":7,"column":444},"end":{"line":7,"column":445}},"112":{"start":{"line":7,"column":448},"end":{"line":7,"column":456}},"113":{"start":{"line":7,"column":472},"end":{"line":7,"column":476}},"114":{"start":{"line":7,"column":479},"end":{"line":7,"column":483}},"115":{"start":{"line":7,"column":486},"end":{"line":7,"column":492}},"116":{"start":{"line":7,"column":495},"end":{"line":8,"column":244}},"117":{"start":{"line":8,"column":9},"end":{"line":8,"column":14}},"118":{"start":{"line":8,"column":25},"end":{"line":8,"column":39}},"119":{"start":{"line":8,"column":40},"end":{"line":8,"column":142}},"120":{"start":{"line":8,"column":45},"end":{"line":8,"column":68}},"121":{"start":{"line":8,"column":73},"end":{"line":8,"column":129}},"122":{"start":{"line":8,"column":89},"end":{"line":8,"column":129}},"123":{"start":{"line":8,"column":116},"end":{"line":8,"column":123}},"124":{"start":{"line":8,"column":123},"end":{"line":8,"column":128}},"125":{"start":{"line":8,"column":129},"end":{"line":8,"column":141}},"126":{"start":{"line":8,"column":142},"end":{"line":8,"column":232}},"127":{"start":{"line":8,"column":219},"end":{"line":8,"column":232}},"128":{"start":{"line":8,"column":232},"end":{"line":8,"column":243}},"129":{"start":{"line":8,"column":244},"end":{"line":8,"column":248}},"130":{"start":{"line":8,"column":248},"end":{"line":8,"column":260}},"131":{"start":{"line":8,"column":260},"end":{"line":8,"column":460}},"132":{"start":{"line":8,"column":266},"end":{"line":8,"column":273}},"133":{"start":{"line":8,"column":279},"end":{"line":8,"column":291}},"134":{"start":{"line":8,"column":294},"end":{"line":8,"column":304}},"135":{"start":{"line":8,"column":305},"end":{"line":8,"column":349}},"136":{"start":{"line":8,"column":349},"end":{"line":8,"column":366}},"137":{"start":{"line":8,"column":366},"end":{"line":8,"column":394}},"138":{"start":{"line":8,"column":394},"end":{"line":8,"column":414}},"139":{"start":{"line":8,"column":414},"end":{"line":8,"column":441}},"140":{"start":{"line":8,"column":447},"end":{"line":8,"column":460}},"141":{"start":{"line":8,"column":461},"end":{"line":8,"column":466}},"142":{"start":{"line":8,"column":473},"end":{"line":8,"column":475}},"143":{"start":{"line":8,"column":478},"end":{"line":9,"column":183}},"144":{"start":{"line":8,"column":490},"end":{"line":9,"column":155}},"145":{"start":{"line":8,"column":500},"end":{"line":8,"column":511}},"146":{"start":{"line":9,"column":2},"end":{"line":9,"column":4}},"147":{"start":{"line":9,"column":7},"end":{"line":9,"column":9}},"148":{"start":{"line":9,"column":12},"end":{"line":9,"column":13}},"149":{"start":{"line":9,"column":16},"end":{"line":9,"column":24}},"150":{"start":{"line":9,"column":40},"end":{"line":9,"column":44}},"151":{"start":{"line":9,"column":47},"end":{"line":9,"column":51}},"152":{"start":{"line":9,"column":52},"end":{"line":9,"column":101}},"153":{"start":{"line":9,"column":57},"end":{"line":9,"column":101}},"154":{"start":{"line":9,"column":67},"end":{"line":9,"column":75}},"155":{"start":{"line":9,"column":84},"end":{"line":9,"column":101}},"156":{"start":{"line":9,"column":101},"end":{"line":9,"column":108}},"157":{"start":{"line":9,"column":108},"end":{"line":9,"column":115}},"158":{"start":{"line":9,"column":115},"end":{"line":9,"column":154}},"159":{"start":{"line":9,"column":155},"end":{"line":9,"column":172}},"160":{"start":{"line":9,"column":172},"end":{"line":9,"column":178}},"161":{"start":{"line":9,"column":189},"end":{"line":9,"column":197}},"162":{"start":{"line":9,"column":198},"end":{"line":9,"column":206}},"163":{"start":{"line":9,"column":227},"end":{"line":9,"column":229}},"164":{"start":{"line":9,"column":232},"end":{"line":9,"column":234}},"165":{"start":{"line":9,"column":235},"end":{"line":10,"column":98}},"166":{"start":{"line":10,"column":98},"end":{"line":10,"column":160}},"167":{"start":{"line":10,"column":166},"end":{"line":10,"column":180}},"168":{"start":{"line":10,"column":181},"end":{"line":11,"column":9}},"169":{"start":{"line":11,"column":9},"end":{"line":11,"column":107}},"170":{"start":{"line":11,"column":107},"end":{"line":11,"column":462}},"171":{"start":{"line":11,"column":462},"end":{"line":11,"column":493}},"172":{"start":{"line":11,"column":493},"end":{"line":12,"column":4}},"173":{"start":{"line":12,"column":4},"end":{"line":12,"column":79}},"174":{"start":{"line":12,"column":79},"end":{"line":12,"column":118}},"175":{"start":{"line":12,"column":118},"end":{"line":12,"column":388}},"176":{"start":{"line":12,"column":388},"end":{"line":12,"column":401}},"177":{"start":{"line":12,"column":432},"end":{"line":13,"column":332}},"178":{"start":{"line":12,"column":458},"end":{"line":12,"column":487}},"179":{"start":{"line":12,"column":481},"end":{"line":12,"column":487}},"180":{"start":{"line":12,"column":487},"end":{"line":13,"column":89}},"181":{"start":{"line":12,"column":508},"end":{"line":13,"column":42}},"182":{"start":{"line":13,"column":47},"end":{"line":13,"column":89}},"183":{"start":{"line":13,"column":84},"end":{"line":13,"column":89}},"184":{"start":{"line":13,"column":89},"end":{"line":13,"column":95}},"185":{"start":{"line":13,"column":109},"end":{"line":13,"column":331}},"186":{"start":{"line":13,"column":121},"end":{"line":13,"column":132}},"187":{"start":{"line":13,"column":135},"end":{"line":13,"column":145}},"188":{"start":{"line":13,"column":146},"end":{"line":13,"column":330}},"189":{"start":{"line":13,"column":158},"end":{"line":13,"column":180}},"190":{"start":{"line":13,"column":181},"end":{"line":13,"column":195}},"191":{"start":{"line":13,"column":195},"end":{"line":13,"column":294}},"192":{"start":{"line":13,"column":294},"end":{"line":13,"column":299}},"193":{"start":{"line":13,"column":299},"end":{"line":13,"column":329}},"194":{"start":{"line":13,"column":369},"end":{"line":13,"column":388}},"195":{"start":{"line":13,"column":391},"end":{"line":13,"column":403}},"196":{"start":{"line":13,"column":404},"end":{"line":13,"column":507}},"197":{"start":{"line":13,"column":416},"end":{"line":13,"column":422}},"198":{"start":{"line":13,"column":425},"end":{"line":13,"column":438}},"199":{"start":{"line":13,"column":439},"end":{"line":13,"column":456}},"200":{"start":{"line":13,"column":456},"end":{"line":13,"column":506}},"201":{"start":{"line":13,"column":466},"end":{"line":13,"column":467}},"202":{"start":{"line":13,"column":474},"end":{"line":13,"column":506}},"203":{"start":{"line":13,"column":507},"end":{"line":13,"column":515}},"204":{"start":{"line":14,"column":0},"end":{"line":14,"column":49}},"205":{"start":{"line":14,"column":21},"end":{"line":14,"column":49}},"206":{"start":{"line":14,"column":42},"end":{"line":14,"column":49}},"207":{"start":{"line":14,"column":49},"end":{"line":14,"column":118}},"208":{"start":{"line":14,"column":59},"end":{"line":14,"column":77}},"209":{"start":{"line":14,"column":114},"end":{"line":14,"column":118}},"210":{"start":{"line":14,"column":118},"end":{"line":14,"column":127}},"211":{"start":{"line":14,"column":134},"end":{"line":14,"column":158}},"212":{"start":{"line":14,"column":161},"end":{"line":14,"column":171}},"213":{"start":{"line":14,"column":174},"end":{"line":14,"column":189}},"214":{"start":{"line":14,"column":192},"end":{"line":14,"column":332}},"215":{"start":{"line":14,"column":338},"end":{"line":14,"column":365}},"216":{"start":{"line":14,"column":366},"end":{"line":14,"column":436}},"217":{"start":{"line":14,"column":408},"end":{"line":14,"column":436}},"218":{"start":{"line":14,"column":436},"end":{"line":14,"column":477}},"219":{"start":{"line":14,"column":446},"end":{"line":14,"column":449}},"220":{"start":{"line":14,"column":452},"end":{"line":14,"column":453}},"221":{"start":{"line":14,"column":469},"end":{"line":14,"column":477}},"222":{"start":{"line":14,"column":477},"end":{"line":15,"column":3}},"223":{"start":{"line":15,"column":9},"end":{"line":15,"column":30}},"224":{"start":{"line":15,"column":31},"end":{"line":15,"column":54}},"225":{"start":{"line":15,"column":54},"end":{"line":15,"column":211}},"226":{"start":{"line":15,"column":64},"end":{"line":15,"column":84}},"227":{"start":{"line":15,"column":87},"end":{"line":15,"column":88}},"228":{"start":{"line":15,"column":91},"end":{"line":15,"column":99}},"229":{"start":{"line":15,"column":108},"end":{"line":15,"column":211}},"230":{"start":{"line":15,"column":211},"end":{"line":15,"column":227}},"231":{"start":{"line":15,"column":244},"end":{"line":15,"column":380}},"232":{"start":{"line":15,"column":254},"end":{"line":15,"column":262}},"233":{"start":{"line":15,"column":278},"end":{"line":15,"column":282}},"234":{"start":{"line":15,"column":283},"end":{"line":15,"column":379}},"235":{"start":{"line":15,"column":397},"end":{"line":15,"column":475}},"236":{"start":{"line":15,"column":425},"end":{"line":15,"column":475}},"237":{"start":{"line":15,"column":475},"end":{"line":15,"column":486}},"238":{"start":{"line":16,"column":0},"end":{"line":16,"column":3}},"239":{"start":{"line":16,"column":4},"end":{"line":17,"column":302}},"240":{"start":{"line":16,"column":14},"end":{"line":16,"column":20}},"241":{"start":{"line":16,"column":23},"end":{"line":16,"column":26}},"242":{"start":{"line":16,"column":27},"end":{"line":16,"column":33}},"243":{"start":{"line":16,"column":33},"end":{"line":16,"column":41}},"244":{"start":{"line":16,"column":41},"end":{"line":16,"column":47}},"245":{"start":{"line":16,"column":47},"end":{"line":16,"column":57}},"246":{"start":{"line":16,"column":63},"end":{"line":16,"column":99}},"247":{"start":{"line":16,"column":102},"end":{"line":16,"column":107}},"248":{"start":{"line":16,"column":110},"end":{"line":16,"column":113}},"249":{"start":{"line":16,"column":116},"end":{"line":16,"column":124}},"250":{"start":{"line":16,"column":127},"end":{"line":16,"column":128}},"251":{"start":{"line":16,"column":131},"end":{"line":16,"column":134}},"252":{"start":{"line":16,"column":137},"end":{"line":16,"column":145}},"253":{"start":{"line":16,"column":148},"end":{"line":16,"column":149}},"254":{"start":{"line":16,"column":152},"end":{"line":16,"column":155}},"255":{"start":{"line":16,"column":158},"end":{"line":16,"column":166}},"256":{"start":{"line":16,"column":169},"end":{"line":16,"column":170}},"257":{"start":{"line":16,"column":171},"end":{"line":16,"column":178}},"258":{"start":{"line":16,"column":186},"end":{"line":16,"column":250}},"259":{"start":{"line":16,"column":201},"end":{"line":16,"column":250}},"260":{"start":{"line":16,"column":250},"end":{"line":16,"column":254}},"261":{"start":{"line":16,"column":254},"end":{"line":16,"column":347}},"262":{"start":{"line":16,"column":270},"end":{"line":16,"column":325}},"263":{"start":{"line":16,"column":280},"end":{"line":16,"column":284}},"264":{"start":{"line":16,"column":287},"end":{"line":16,"column":293}},"265":{"start":{"line":16,"column":296},"end":{"line":16,"column":299}},"266":{"start":{"line":16,"column":320},"end":{"line":16,"column":325}},"267":{"start":{"line":16,"column":325},"end":{"line":16,"column":334}},"268":{"start":{"line":16,"column":334},"end":{"line":16,"column":343}},"269":{"start":{"line":16,"column":343},"end":{"line":16,"column":346}},"270":{"start":{"line":16,"column":347},"end":{"line":17,"column":238}},"271":{"start":{"line":16,"column":374},"end":{"line":16,"column":383}},"272":{"start":{"line":16,"column":386},"end":{"line":16,"column":395}},"273":{"start":{"line":16,"column":398},"end":{"line":16,"column":411}},"274":{"start":{"line":16,"column":414},"end":{"line":16,"column":420}},"275":{"start":{"line":16,"column":423},"end":{"line":17,"column":208}},"276":{"start":{"line":16,"column":464},"end":{"line":16,"column":489}},"277":{"start":{"line":16,"column":489},"end":{"line":17,"column":2}},"278":{"start":{"line":17,"column":8},"end":{"line":17,"column":23}},"279":{"start":{"line":17,"column":26},"end":{"line":17,"column":49}},"280":{"start":{"line":17,"column":50},"end":{"line":17,"column":69}},"281":{"start":{"line":17,"column":75},"end":{"line":17,"column":87}},"282":{"start":{"line":17,"column":88},"end":{"line":17,"column":108}},"283":{"start":{"line":17,"column":108},"end":{"line":17,"column":125}},"284":{"start":{"line":17,"column":125},"end":{"line":17,"column":207}},"285":{"start":{"line":17,"column":208},"end":{"line":17,"column":212}},"286":{"start":{"line":17,"column":212},"end":{"line":17,"column":225}},"287":{"start":{"line":17,"column":225},"end":{"line":17,"column":237}},"288":{"start":{"line":17,"column":248},"end":{"line":17,"column":301}},"289":{"start":{"line":17,"column":309},"end":{"line":17,"column":355}},"290":{"start":{"line":17,"column":358},"end":{"line":18,"column":99}},"291":{"start":{"line":18,"column":102},"end":{"line":18,"column":360}},"292":{"start":{"line":18,"column":363},"end":{"line":18,"column":506}},"293":{"start":{"line":19,"column":2},"end":{"line":19,"column":270}},"294":{"start":{"line":19,"column":273},"end":{"line":19,"column":353}},"295":{"start":{"line":19,"column":356},"end":{"line":19,"column":510}},"296":{"start":{"line":20,"column":2},"end":{"line":20,"column":174}},"297":{"start":{"line":20,"column":177},"end":{"line":20,"column":243}},"298":{"start":{"line":20,"column":246},"end":{"line":20,"column":358}},"299":{"start":{"line":20,"column":361},"end":{"line":20,"column":365}},"300":{"start":{"line":20,"column":368},"end":{"line":21,"column":79}},"301":{"start":{"line":21,"column":82},"end":{"line":21,"column":84}},"302":{"start":{"line":21,"column":85},"end":{"line":21,"column":107}},"303":{"start":{"line":21,"column":107},"end":{"line":22,"column":60}},"304":{"start":{"line":22,"column":60},"end":{"line":23,"column":43}},"305":{"start":{"line":23,"column":43},"end":{"line":23,"column":84}},"306":{"start":{"line":23,"column":84},"end":{"line":23,"column":178}},"307":{"start":{"line":23,"column":178},"end":{"line":23,"column":222}},"308":{"start":{"line":23,"column":222},"end":{"line":23,"column":309}},"309":{"start":{"line":23,"column":309},"end":{"line":23,"column":355}},"310":{"start":{"line":23,"column":355},"end":{"line":23,"column":429}},"311":{"start":{"line":23,"column":429},"end":{"line":24,"column":13}},"312":{"start":{"line":24,"column":13},"end":{"line":24,"column":279}},"313":{"start":{"line":24,"column":279},"end":{"line":24,"column":358}},"314":{"start":{"line":24,"column":358},"end":{"line":24,"column":419}},"315":{"start":{"line":24,"column":419},"end":{"line":25,"column":107}},"316":{"start":{"line":25,"column":107},"end":{"line":25,"column":147}},"317":{"start":{"line":25,"column":147},"end":{"line":25,"column":282}},"318":{"start":{"line":25,"column":191},"end":{"line":25,"column":220}},"319":{"start":{"line":25,"column":221},"end":{"line":25,"column":235}},"320":{"start":{"line":25,"column":235},"end":{"line":25,"column":245}},"321":{"start":{"line":25,"column":245},"end":{"line":25,"column":262}},"322":{"start":{"line":25,"column":262},"end":{"line":25,"column":280}},"323":{"start":{"line":25,"column":282},"end":{"line":27,"column":320}},"324":{"start":{"line":25,"column":326},"end":{"line":26,"column":487}},"325":{"start":{"line":25,"column":336},"end":{"line":25,"column":390}},"326":{"start":{"line":25,"column":424},"end":{"line":25,"column":428}},"327":{"start":{"line":25,"column":431},"end":{"line":25,"column":442}},"328":{"start":{"line":25,"column":443},"end":{"line":26,"column":486}},"329":{"start":{"line":25,"column":481},"end":{"line":25,"column":491}},"330":{"start":{"line":25,"column":496},"end":{"line":26,"column":162}},"331":{"start":{"line":26,"column":4},"end":{"line":26,"column":8}},"332":{"start":{"line":26,"column":8},"end":{"line":26,"column":121}},"333":{"start":{"line":26,"column":18},"end":{"line":26,"column":24}},"334":{"start":{"line":26,"column":27},"end":{"line":26,"column":39}},"335":{"start":{"line":26,"column":64},"end":{"line":26,"column":74}},"336":{"start":{"line":26,"column":77},"end":{"line":26,"column":120}},"337":{"start":{"line":26,"column":121},"end":{"line":26,"column":161}},"338":{"start":{"line":26,"column":162},"end":{"line":26,"column":190}},"339":{"start":{"line":26,"column":190},"end":{"line":26,"column":202}},"340":{"start":{"line":26,"column":202},"end":{"line":26,"column":207}},"341":{"start":{"line":26,"column":207},"end":{"line":26,"column":369}},"342":{"start":{"line":26,"column":243},"end":{"line":26,"column":369}},"343":{"start":{"line":26,"column":358},"end":{"line":26,"column":363}},"344":{"start":{"line":26,"column":363},"end":{"line":26,"column":368}},"345":{"start":{"line":26,"column":369},"end":{"line":26,"column":485}},"346":{"start":{"line":26,"column":487},"end":{"line":27,"column":11}},"347":{"start":{"line":27,"column":12},"end":{"line":27,"column":210}},"348":{"start":{"line":27,"column":22},"end":{"line":27,"column":135}},"349":{"start":{"line":27,"column":138},"end":{"line":27,"column":140}},"350":{"start":{"line":27,"column":143},"end":{"line":27,"column":144}},"351":{"start":{"line":27,"column":160},"end":{"line":27,"column":210}},"352":{"start":{"line":27,"column":170},"end":{"line":27,"column":171}},"353":{"start":{"line":27,"column":174},"end":{"line":27,"column":185}},"354":{"start":{"line":27,"column":194},"end":{"line":27,"column":210}},"355":{"start":{"line":27,"column":216},"end":{"line":27,"column":217}},"356":{"start":{"line":27,"column":220},"end":{"line":27,"column":224}},"357":{"start":{"line":27,"column":225},"end":{"line":27,"column":270}},"358":{"start":{"line":27,"column":251},"end":{"line":27,"column":266}},"359":{"start":{"line":27,"column":276},"end":{"line":27,"column":277}},"360":{"start":{"line":27,"column":282},"end":{"line":27,"column":314}},"361":{"start":{"line":27,"column":315},"end":{"line":27,"column":318}},"362":{"start":{"line":27,"column":320},"end":{"line":28,"column":114}}},"fnMap":{"0":{"name":"(anonymous_0)","decl":{"start":{"line":2,"column":1},"end":{"line":2,"column":2}},"loc":{"start":{"line":2,"column":11},"end":{"line":28,"column":115}},"line":2},"1":{"name":"L","decl":{"start":{"line":2,"column":21},"end":{"line":2,"column":22}},"loc":{"start":{"line":2,"column":25},"end":{"line":6,"column":170}},"line":2},"2":{"name":"m","decl":{"start":{"line":2,"column":35},"end":{"line":2,"column":36}},"loc":{"start":{"line":2,"column":39},"end":{"line":2,"column":219}},"line":2},"3":{"name":"e","decl":{"start":{"line":2,"column":228},"end":{"line":2,"column":229}},"loc":{"start":{"line":2,"column":232},"end":{"line":2,"column":364}},"line":2},"4":{"name":"h","decl":{"start":{"line":2,"column":373},"end":{"line":2,"column":374}},"loc":{"start":{"line":2,"column":377},"end":{"line":4,"column":120}},"line":2},"5":{"name":"(anonymous_5)","decl":{"start":{"line":3,"column":311},"end":{"line":3,"column":312}},"loc":{"start":{"line":3,"column":324},"end":{"line":3,"column":353}},"line":3},"6":{"name":"y","decl":{"start":{"line":4,"column":129},"end":{"line":4,"column":130}},"loc":{"start":{"line":4,"column":133},"end":{"line":5,"column":320}},"line":4},"7":{"name":"(anonymous_7)","decl":{"start":{"line":5,"column":223},"end":{"line":5,"column":224}},"loc":{"start":{"line":5,"column":234},"end":{"line":5,"column":299}},"line":5},"8":{"name":"M","decl":{"start":{"line":6,"column":179},"end":{"line":6,"column":180}},"loc":{"start":{"line":6,"column":183},"end":{"line":7,"column":296}},"line":6},"9":{"name":"m","decl":{"start":{"line":6,"column":193},"end":{"line":6,"column":194}},"loc":{"start":{"line":6,"column":197},"end":{"line":7,"column":16}},"line":6},"10":{"name":"B","decl":{"start":{"line":7,"column":305},"end":{"line":7,"column":306}},"loc":{"start":{"line":7,"column":315},"end":{"line":7,"column":358}},"line":7},"11":{"name":"x","decl":{"start":{"line":7,"column":367},"end":{"line":7,"column":368}},"loc":{"start":{"line":7,"column":373},"end":{"line":9,"column":207}},"line":7},"12":{"name":"e","decl":{"start":{"line":7,"column":383},"end":{"line":7,"column":384}},"loc":{"start":{"line":7,"column":387},"end":{"line":8,"column":467}},"line":7},"13":{"name":"(anonymous_13)","decl":{"start":{"line":8,"column":479},"end":{"line":8,"column":480}},"loc":{"start":{"line":8,"column":489},"end":{"line":9,"column":179}},"line":8},"14":{"name":"u","decl":{"start":{"line":9,"column":216},"end":{"line":9,"column":217}},"loc":{"start":{"line":9,"column":220},"end":{"line":12,"column":402}},"line":9},"15":{"name":"D","decl":{"start":{"line":12,"column":411},"end":{"line":12,"column":412}},"loc":{"start":{"line":12,"column":417},"end":{"line":15,"column":228}},"line":12},"16":{"name":"e","decl":{"start":{"line":12,"column":427},"end":{"line":12,"column":428}},"loc":{"start":{"line":12,"column":431},"end":{"line":13,"column":333}},"line":12},"17":{"name":"h","decl":{"start":{"line":13,"column":342},"end":{"line":13,"column":343}},"loc":{"start":{"line":13,"column":346},"end":{"line":14,"column":128}},"line":13},"18":{"name":"b","decl":{"start":{"line":13,"column":356},"end":{"line":13,"column":357}},"loc":{"start":{"line":13,"column":362},"end":{"line":13,"column":516}},"line":13},"19":{"name":"k","decl":{"start":{"line":15,"column":237},"end":{"line":15,"column":238}},"loc":{"start":{"line":15,"column":243},"end":{"line":15,"column":381}},"line":15},"20":{"name":"C","decl":{"start":{"line":15,"column":390},"end":{"line":15,"column":391}},"loc":{"start":{"line":15,"column":396},"end":{"line":15,"column":487}},"line":15},"21":{"name":"E","decl":{"start":{"line":15,"column":496},"end":{"line":15,"column":497}},"loc":{"start":{"line":15,"column":500},"end":{"line":17,"column":303}},"line":15},"22":{"name":"(anonymous_22)","decl":{"start":{"line":25,"column":169},"end":{"line":25,"column":170}},"loc":{"start":{"line":25,"column":184},"end":{"line":25,"column":281}},"line":25},"23":{"name":"(anonymous_23)","decl":{"start":{"line":25,"column":301},"end":{"line":25,"column":302}},"loc":{"start":{"line":25,"column":312},"end":{"line":27,"column":319}},"line":25},"24":{"name":"m","decl":{"start":{"line":25,"column":322},"end":{"line":25,"column":323}},"loc":{"start":{"line":25,"column":325},"end":{"line":27,"column":12}},"line":25},"25":{"name":"(anonymous_25)","decl":{"start":{"line":27,"column":240},"end":{"line":27,"column":241}},"loc":{"start":{"line":27,"column":250},"end":{"line":27,"column":267}},"line":27}},"branchMap":{"0":{"loc":{"start":{"line":2,"column":62},"end":{"line":2,"column":81}},"type":"if","locations":[{"start":{"line":2,"column":62},"end":{"line":2,"column":81}},{"start":{"line":2,"column":62},"end":{"line":2,"column":81}}],"line":2},"1":{"loc":{"start":{"line":2,"column":105},"end":{"line":2,"column":218}},"type":"cond-expr","locations":[{"start":{"line":2,"column":114},"end":{"line":2,"column":115}},{"start":{"line":2,"column":116},"end":{"line":2,"column":218}}],"line":2},"2":{"loc":{"start":{"line":2,"column":116},"end":{"line":2,"column":218}},"type":"cond-expr","locations":[{"start":{"line":2,"column":131},"end":{"line":2,"column":157}},{"start":{"line":2,"column":158},"end":{"line":2,"column":218}}],"line":2},"3":{"loc":{"start":{"line":2,"column":116},"end":{"line":2,"column":130}},"type":"binary-expr","locations":[{"start":{"line":2,"column":116},"end":{"line":2,"column":122}},{"start":{"line":2,"column":124},"end":{"line":2,"column":130}}],"line":2},"4":{"loc":{"start":{"line":2,"column":158},"end":{"line":2,"column":218}},"type":"cond-expr","locations":[{"start":{"line":2,"column":175},"end":{"line":2,"column":202}},{"start":{"line":2,"column":203},"end":{"line":2,"column":218}}],"line":2},"5":{"loc":{"start":{"line":2,"column":158},"end":{"line":2,"column":174}},"type":"binary-expr","locations":[{"start":{"line":2,"column":158},"end":{"line":2,"column":165}},{"start":{"line":2,"column":167},"end":{"line":2,"column":174}}],"line":2},"6":{"loc":{"start":{"line":2,"column":233},"end":{"line":2,"column":282}},"type":"if","locations":[{"start":{"line":2,"column":233},"end":{"line":2,"column":282}},{"start":{"line":2,"column":233},"end":{"line":2,"column":282}}],"line":2},"7":{"loc":{"start":{"line":2,"column":248},"end":{"line":2,"column":265}},"type":"cond-expr","locations":[{"start":{"line":2,"column":253},"end":{"line":2,"column":259}},{"start":{"line":2,"column":260},"end":{"line":2,"column":265}}],"line":2},"8":{"loc":{"start":{"line":2,"column":307},"end":{"line":2,"column":355}},"type":"if","locations":[{"start":{"line":2,"column":307},"end":{"line":2,"column":355}},{"start":{"line":2,"column":307},"end":{"line":2,"column":355}}],"line":2},"9":{"loc":{"start":{"line":2,"column":310},"end":{"line":2,"column":345}},"type":"binary-expr","locations":[{"start":{"line":2,"column":310},"end":{"line":2,"column":318}},{"start":{"line":2,"column":320},"end":{"line":2,"column":327}},{"start":{"line":2,"column":329},"end":{"line":2,"column":336}},{"start":{"line":2,"column":338},"end":{"line":2,"column":345}}],"line":2},"10":{"loc":{"start":{"line":3,"column":23},"end":{"line":3,"column":28}},"type":"cond-expr","locations":[{"start":{"line":3,"column":25},"end":{"line":3,"column":26}},{"start":{"line":3,"column":27},"end":{"line":3,"column":28}}],"line":3},"11":{"loc":{"start":{"line":3,"column":60},"end":{"line":3,"column":303}},"type":"if","locations":[{"start":{"line":3,"column":60},"end":{"line":3,"column":303}},{"start":{"line":3,"column":60},"end":{"line":3,"column":303}}],"line":3},"12":{"loc":{"start":{"line":3,"column":111},"end":{"line":3,"column":153}},"type":"cond-expr","locations":[{"start":{"line":3,"column":132},"end":{"line":3,"column":148}},{"start":{"line":3,"column":150},"end":{"line":3,"column":153}}],"line":3},"13":{"loc":{"start":{"line":3,"column":111},"end":{"line":3,"column":130}},"type":"binary-expr","locations":[{"start":{"line":3,"column":111},"end":{"line":3,"column":116}},{"start":{"line":3,"column":118},"end":{"line":3,"column":130}}],"line":3},"14":{"loc":{"start":{"line":3,"column":168},"end":{"line":3,"column":302}},"type":"binary-expr","locations":[{"start":{"line":3,"column":168},"end":{"line":3,"column":172}},{"start":{"line":3,"column":174},"end":{"line":3,"column":179}},{"start":{"line":3,"column":182},"end":{"line":3,"column":301}}],"line":3},"15":{"loc":{"start":{"line":3,"column":182},"end":{"line":3,"column":239}},"type":"binary-expr","locations":[{"start":{"line":3,"column":182},"end":{"line":3,"column":186}},{"start":{"line":3,"column":188},"end":{"line":3,"column":192}},{"start":{"line":3,"column":194},"end":{"line":3,"column":239}}],"line":3},"16":{"loc":{"start":{"line":3,"column":240},"end":{"line":3,"column":301}},"type":"binary-expr","locations":[{"start":{"line":3,"column":240},"end":{"line":3,"column":244}},{"start":{"line":3,"column":246},"end":{"line":3,"column":251}},{"start":{"line":3,"column":253},"end":{"line":3,"column":301}}],"line":3},"17":{"loc":{"start":{"line":3,"column":332},"end":{"line":3,"column":352}},"type":"binary-expr","locations":[{"start":{"line":3,"column":332},"end":{"line":3,"column":341}},{"start":{"line":3,"column":343},"end":{"line":3,"column":352}}],"line":3},"18":{"loc":{"start":{"line":3,"column":402},"end":{"line":3,"column":451}},"type":"cond-expr","locations":[{"start":{"line":3,"column":415},"end":{"line":3,"column":439}},{"start":{"line":3,"column":440},"end":{"line":3,"column":451}}],"line":3},"19":{"loc":{"start":{"line":3,"column":460},"end":{"line":3,"column":474}},"type":"binary-expr","locations":[{"start":{"line":3,"column":460},"end":{"line":3,"column":461}},{"start":{"line":3,"column":463},"end":{"line":3,"column":474}}],"line":3},"20":{"loc":{"start":{"line":4,"column":36},"end":{"line":4,"column":89}},"type":"binary-expr","locations":[{"start":{"line":4,"column":36},"end":{"line":4,"column":45}},{"start":{"line":4,"column":48},"end":{"line":4,"column":88}}],"line":4},"21":{"loc":{"start":{"line":4,"column":48},"end":{"line":4,"column":72}},"type":"binary-expr","locations":[{"start":{"line":4,"column":48},"end":{"line":4,"column":59}},{"start":{"line":4,"column":61},"end":{"line":4,"column":72}}],"line":4},"22":{"loc":{"start":{"line":4,"column":309},"end":{"line":4,"column":377}},"type":"cond-expr","locations":[{"start":{"line":4,"column":317},"end":{"line":4,"column":320}},{"start":{"line":4,"column":321},"end":{"line":4,"column":377}}],"line":4},"23":{"loc":{"start":{"line":4,"column":321},"end":{"line":4,"column":377}},"type":"binary-expr","locations":[{"start":{"line":4,"column":321},"end":{"line":4,"column":339}},{"start":{"line":4,"column":342},"end":{"line":4,"column":359}},{"start":{"line":4,"column":362},"end":{"line":4,"column":366}},{"start":{"line":4,"column":369},"end":{"line":4,"column":376}}],"line":4},"24":{"loc":{"start":{"line":4,"column":401},"end":{"line":4,"column":422}},"type":"binary-expr","locations":[{"start":{"line":4,"column":401},"end":{"line":4,"column":410}},{"start":{"line":4,"column":413},"end":{"line":4,"column":421}}],"line":4},"25":{"loc":{"start":{"line":4,"column":448},"end":{"line":5,"column":43}},"type":"cond-expr","locations":[{"start":{"line":4,"column":457},"end":{"line":4,"column":488}},{"start":{"line":4,"column":490},"end":{"line":5,"column":43}}],"line":4},"26":{"loc":{"start":{"line":4,"column":461},"end":{"line":4,"column":488}},"type":"binary-expr","locations":[{"start":{"line":4,"column":461},"end":{"line":4,"column":474}},{"start":{"line":4,"column":477},"end":{"line":4,"column":487}}],"line":4},"27":{"loc":{"start":{"line":4,"column":490},"end":{"line":5,"column":43}},"type":"binary-expr","locations":[{"start":{"line":4,"column":490},"end":{"line":4,"column":508}},{"start":{"line":5,"column":1},"end":{"line":5,"column":18}},{"start":{"line":5,"column":21},"end":{"line":5,"column":25}},{"start":{"line":5,"column":28},"end":{"line":5,"column":42}}],"line":4},"28":{"loc":{"start":{"line":5,"column":62},"end":{"line":5,"column":97}},"type":"binary-expr","locations":[{"start":{"line":5,"column":62},"end":{"line":5,"column":72}},{"start":{"line":5,"column":74},"end":{"line":5,"column":86}},{"start":{"line":5,"column":89},"end":{"line":5,"column":96}}],"line":5},"29":{"loc":{"start":{"line":5,"column":98},"end":{"line":5,"column":302}},"type":"if","locations":[{"start":{"line":5,"column":98},"end":{"line":5,"column":302}},{"start":{"line":5,"column":98},"end":{"line":5,"column":302}}],"line":5},"30":{"loc":{"start":{"line":5,"column":101},"end":{"line":5,"column":116}},"type":"binary-expr","locations":[{"start":{"line":5,"column":101},"end":{"line":5,"column":113}},{"start":{"line":5,"column":115},"end":{"line":5,"column":116}}],"line":5},"31":{"loc":{"start":{"line":5,"column":154},"end":{"line":5,"column":301}},"type":"cond-expr","locations":[{"start":{"line":5,"column":175},"end":{"line":5,"column":184}},{"start":{"line":5,"column":185},"end":{"line":5,"column":301}}],"line":5},"32":{"loc":{"start":{"line":5,"column":154},"end":{"line":5,"column":174}},"type":"binary-expr","locations":[{"start":{"line":5,"column":154},"end":{"line":5,"column":165}},{"start":{"line":5,"column":167},"end":{"line":5,"column":174}}],"line":5},"33":{"loc":{"start":{"line":5,"column":185},"end":{"line":5,"column":301}},"type":"binary-expr","locations":[{"start":{"line":5,"column":185},"end":{"line":5,"column":193}},{"start":{"line":5,"column":196},"end":{"line":5,"column":300}}],"line":5},"34":{"loc":{"start":{"line":5,"column":377},"end":{"line":5,"column":501}},"type":"if","locations":[{"start":{"line":5,"column":377},"end":{"line":5,"column":501}},{"start":{"line":5,"column":377},"end":{"line":5,"column":501}}],"line":5},"35":{"loc":{"start":{"line":5,"column":403},"end":{"line":5,"column":501}},"type":"if","locations":[{"start":{"line":5,"column":403},"end":{"line":5,"column":501}},{"start":{"line":5,"column":403},"end":{"line":5,"column":501}}],"line":5},"36":{"loc":{"start":{"line":6,"column":66},"end":{"line":6,"column":109}},"type":"if","locations":[{"start":{"line":6,"column":66},"end":{"line":6,"column":109}},{"start":{"line":6,"column":66},"end":{"line":6,"column":109}}],"line":6},"37":{"loc":{"start":{"line":6,"column":69},"end":{"line":6,"column":90}},"type":"binary-expr","locations":[{"start":{"line":6,"column":69},"end":{"line":6,"column":77}},{"start":{"line":6,"column":79},"end":{"line":6,"column":90}}],"line":6},"38":{"loc":{"start":{"line":6,"column":158},"end":{"line":6,"column":168}},"type":"cond-expr","locations":[{"start":{"line":6,"column":160},"end":{"line":6,"column":164}},{"start":{"line":6,"column":165},"end":{"line":6,"column":168}}],"line":6},"39":{"loc":{"start":{"line":6,"column":198},"end":{"line":7,"column":15}},"type":"switch","locations":[{"start":{"line":6,"column":217},"end":{"line":6,"column":376}},{"start":{"line":6,"column":376},"end":{"line":6,"column":383}},{"start":{"line":6,"column":383},"end":{"line":7,"column":14}}],"line":6},"40":{"loc":{"start":{"line":6,"column":224},"end":{"line":6,"column":253}},"type":"if","locations":[{"start":{"line":6,"column":224},"end":{"line":6,"column":253}},{"start":{"line":6,"column":224},"end":{"line":6,"column":253}}],"line":6},"41":{"loc":{"start":{"line":6,"column":312},"end":{"line":6,"column":370}},"type":"if","locations":[{"start":{"line":6,"column":312},"end":{"line":6,"column":370}},{"start":{"line":6,"column":312},"end":{"line":6,"column":370}}],"line":6},"42":{"loc":{"start":{"line":6,"column":315},"end":{"line":6,"column":333}},"type":"binary-expr","locations":[{"start":{"line":6,"column":315},"end":{"line":6,"column":323}},{"start":{"line":6,"column":325},"end":{"line":6,"column":333}}],"line":6},"43":{"loc":{"start":{"line":6,"column":404},"end":{"line":7,"column":14}},"type":"binary-expr","locations":[{"start":{"line":6,"column":404},"end":{"line":6,"column":412}},{"start":{"line":6,"column":415},"end":{"line":7,"column":13}}],"line":6},"44":{"loc":{"start":{"line":6,"column":417},"end":{"line":6,"column":472}},"type":"cond-expr","locations":[{"start":{"line":6,"column":419},"end":{"line":6,"column":443}},{"start":{"line":6,"column":444},"end":{"line":6,"column":472}}],"line":6},"45":{"loc":{"start":{"line":7,"column":67},"end":{"line":7,"column":213}},"type":"cond-expr","locations":[{"start":{"line":7,"column":82},"end":{"line":7,"column":109}},{"start":{"line":7,"column":110},"end":{"line":7,"column":213}}],"line":7},"46":{"loc":{"start":{"line":7,"column":110},"end":{"line":7,"column":213}},"type":"binary-expr","locations":[{"start":{"line":7,"column":110},"end":{"line":7,"column":133}},{"start":{"line":7,"column":136},"end":{"line":7,"column":212}}],"line":7},"47":{"loc":{"start":{"line":7,"column":220},"end":{"line":7,"column":247}},"type":"binary-expr","locations":[{"start":{"line":7,"column":220},"end":{"line":7,"column":221}},{"start":{"line":7,"column":223},"end":{"line":7,"column":247}}],"line":7},"48":{"loc":{"start":{"line":7,"column":316},"end":{"line":7,"column":357}},"type":"binary-expr","locations":[{"start":{"line":7,"column":316},"end":{"line":7,"column":317}},{"start":{"line":7,"column":320},"end":{"line":7,"column":356}}],"line":7},"49":{"loc":{"start":{"line":7,"column":420},"end":{"line":7,"column":436}},"type":"binary-expr","locations":[{"start":{"line":7,"column":420},"end":{"line":7,"column":432}},{"start":{"line":7,"column":434},"end":{"line":7,"column":436}}],"line":7},"50":{"loc":{"start":{"line":7,"column":495},"end":{"line":8,"column":244}},"type":"if","locations":[{"start":{"line":7,"column":495},"end":{"line":8,"column":244}},{"start":{"line":7,"column":495},"end":{"line":8,"column":244}}],"line":7},"51":{"loc":{"start":{"line":8,"column":40},"end":{"line":8,"column":142}},"type":"if","locations":[{"start":{"line":8,"column":40},"end":{"line":8,"column":142}},{"start":{"line":8,"column":40},"end":{"line":8,"column":142}}],"line":8},"52":{"loc":{"start":{"line":8,"column":89},"end":{"line":8,"column":129}},"type":"if","locations":[{"start":{"line":8,"column":89},"end":{"line":8,"column":129}},{"start":{"line":8,"column":89},"end":{"line":8,"column":129}}],"line":8},"53":{"loc":{"start":{"line":8,"column":129},"end":{"line":8,"column":141}},"type":"binary-expr","locations":[{"start":{"line":8,"column":129},"end":{"line":8,"column":130}},{"start":{"line":8,"column":133},"end":{"line":8,"column":140}}],"line":8},"54":{"loc":{"start":{"line":8,"column":142},"end":{"line":8,"column":232}},"type":"if","locations":[{"start":{"line":8,"column":142},"end":{"line":8,"column":232}},{"start":{"line":8,"column":142},"end":{"line":8,"column":232}}],"line":8},"55":{"loc":{"start":{"line":8,"column":145},"end":{"line":8,"column":218}},"type":"binary-expr","locations":[{"start":{"line":8,"column":146},"end":{"line":8,"column":187}},{"start":{"line":8,"column":190},"end":{"line":8,"column":218}}],"line":8},"56":{"loc":{"start":{"line":8,"column":148},"end":{"line":8,"column":187}},"type":"binary-expr","locations":[{"start":{"line":8,"column":148},"end":{"line":8,"column":159}},{"start":{"line":8,"column":161},"end":{"line":8,"column":187}}],"line":8},"57":{"loc":{"start":{"line":8,"column":192},"end":{"line":8,"column":217}},"type":"binary-expr","locations":[{"start":{"line":8,"column":192},"end":{"line":8,"column":193}},{"start":{"line":8,"column":195},"end":{"line":8,"column":217}}],"line":8},"58":{"loc":{"start":{"line":8,"column":232},"end":{"line":8,"column":243}},"type":"binary-expr","locations":[{"start":{"line":8,"column":232},"end":{"line":8,"column":233}},{"start":{"line":8,"column":236},"end":{"line":8,"column":242}}],"line":8},"59":{"loc":{"start":{"line":8,"column":260},"end":{"line":8,"column":460}},"type":"if","locations":[{"start":{"line":8,"column":260},"end":{"line":8,"column":460}},{"start":{"line":8,"column":260},"end":{"line":8,"column":460}}],"line":8},"60":{"loc":{"start":{"line":8,"column":305},"end":{"line":8,"column":348}},"type":"binary-expr","locations":[{"start":{"line":8,"column":305},"end":{"line":8,"column":309}},{"start":{"line":8,"column":312},"end":{"line":8,"column":347}}],"line":8},"61":{"loc":{"start":{"line":9,"column":52},"end":{"line":9,"column":101}},"type":"if","locations":[{"start":{"line":9,"column":52},"end":{"line":9,"column":101}},{"start":{"line":9,"column":52},"end":{"line":9,"column":101}}],"line":9},"62":{"loc":{"start":{"line":9,"column":115},"end":{"line":9,"column":154}},"type":"binary-expr","locations":[{"start":{"line":9,"column":115},"end":{"line":9,"column":134}},{"start":{"line":9,"column":137},"end":{"line":9,"column":153}}],"line":9},"63":{"loc":{"start":{"line":9,"column":235},"end":{"line":10,"column":97}},"type":"cond-expr","locations":[{"start":{"line":9,"column":257},"end":{"line":9,"column":435}},{"start":{"line":9,"column":436},"end":{"line":10,"column":97}}],"line":9},"64":{"loc":{"start":{"line":9,"column":436},"end":{"line":10,"column":97}},"type":"cond-expr","locations":[{"start":{"line":9,"column":455},"end":{"line":10,"column":10}},{"start":{"line":10,"column":11},"end":{"line":10,"column":97}}],"line":9},"65":{"loc":{"start":{"line":10,"column":98},"end":{"line":10,"column":159}},"type":"binary-expr","locations":[{"start":{"line":10,"column":98},"end":{"line":10,"column":115}},{"start":{"line":10,"column":117},"end":{"line":10,"column":159}}],"line":10},"66":{"loc":{"start":{"line":10,"column":181},"end":{"line":11,"column":8}},"type":"binary-expr","locations":[{"start":{"line":10,"column":181},"end":{"line":10,"column":182}},{"start":{"line":10,"column":185},"end":{"line":11,"column":7}}],"line":10},"67":{"loc":{"start":{"line":10,"column":185},"end":{"line":11,"column":7}},"type":"cond-expr","locations":[{"start":{"line":10,"column":203},"end":{"line":10,"column":478}},{"start":{"line":10,"column":480},"end":{"line":11,"column":7}}],"line":10},"68":{"loc":{"start":{"line":10,"column":203},"end":{"line":10,"column":389}},"type":"cond-expr","locations":[{"start":{"line":10,"column":207},"end":{"line":10,"column":268}},{"start":{"line":10,"column":269},"end":{"line":10,"column":389}}],"line":10},"69":{"loc":{"start":{"line":11,"column":9},"end":{"line":11,"column":106}},"type":"binary-expr","locations":[{"start":{"line":11,"column":9},"end":{"line":11,"column":25}},{"start":{"line":11,"column":28},"end":{"line":11,"column":105}}],"line":11},"70":{"loc":{"start":{"line":11,"column":107},"end":{"line":11,"column":461}},"type":"binary-expr","locations":[{"start":{"line":11,"column":107},"end":{"line":11,"column":122}},{"start":{"line":11,"column":124},"end":{"line":11,"column":461}}],"line":11},"71":{"loc":{"start":{"line":11,"column":462},"end":{"line":11,"column":492}},"type":"binary-expr","locations":[{"start":{"line":11,"column":463},"end":{"line":11,"column":472}},{"start":{"line":11,"column":475},"end":{"line":11,"column":492}}],"line":11},"72":{"loc":{"start":{"line":12,"column":4},"end":{"line":12,"column":78}},"type":"binary-expr","locations":[{"start":{"line":12,"column":4},"end":{"line":12,"column":12}},{"start":{"line":12,"column":1
[...]
4":0,"5":0,"6":0,"7":0,"8":0,"9":0,"10":0,"11":0,"12":0,"13":0,"14":0},"b":{"0":[0,0],"1":[0,0],"2":[0,0],"3":[0,0]},"all":true},"/home/youssri/leadminer/frontend/src/i18n/en-us/index.js":{"path":"/home/youssri/leadminer/frontend/src/i18n/en-us/index.js","statementMap":{},"fnMap":{},"branchMap":{},"s":{},"f":{},"b":{},"all":true},"/home/youssri/leadminer/frontend/src/i18n/index.js":{"path":"/home/youssri/leadminer/frontend/src/i18n/index.js","statementMap":{},"fnMap":{},"branchMap":{},"s":{},"f":{},"b":{},"all":true},"/home/youssri/leadminer/frontend/src/router/index.js":{"path":"/home/youssri/leadminer/frontend/src/router/index.js","statementMap":{"0":{"start":{"line":15,"column":24},"end":{"line":17,"column":89}},"1":{"start":{"line":19,"column":17},"end":{"line":27,"column":4}},"2":{"start":{"line":20,"column":27},"end":{"line":20,"column":46}},"3":{"start":{"line":29,"column":2},"end":{"line":29,"column":15}}},"fnMap":{"0":{"name":"(anonymous_0)","decl":{"start":{"line":14,"column":21},"end":{"line":14,"column":22}},"loc":{"start":{"line":14,"column":60},"end":{"line":30,"column":1}},"line":14},"1":{"name":"(anonymous_1)","decl":{"start":{"line":20,"column":20},"end":{"line":20,"column":21}},"loc":{"start":{"line":20,"column":27},"end":{"line":20,"column":46}},"line":20}},"branchMap":{"0":{"loc":{"start":{"line":15,"column":24},"end":{"line":17,"column":89}},"type":"cond-expr","locations":[{"start":{"line":16,"column":6},"end":{"line":16,"column":25}},{"start":{"line":17,"column":6},"end":{"line":17,"column":89}}],"line":15},"1":{"loc":{"start":{"line":17,"column":6},"end":{"line":17,"column":89}},"type":"cond-expr","locations":[{"start":{"line":17,"column":50},"end":{"line":17,"column":66}},{"start":{"line":17,"column":69},"end":{"line":17,"column":89}}],"line":17},"2":{"loc":{"start":{"line":26,"column":27},"end":{"line":26,"column":92}},"type":"cond-expr","locations":[{"start":{"line":26,"column":56},"end":{"line":26,"column":62}},{"start":{"line":26,"column":65},"end":{"line":26,"column":92}}],"line":26}},"s":{"0":0,"1":0,"2":0,"3":0},"f":{"0":0,"1":0},"b":{"0":[0,0],"1":[0,0],"2":[0,0]},"all":true},"/home/youssri/leadminer/frontend/src/router/routes.js":{"path":"/home/youssri/leadminer/frontend/src/router/routes.js","statementMap":{"0":{"start":{"line":1,"column":15},"end":{"line":13,"column":1}},"1":{"start":{"line":4,"column":21},"end":{"line":4,"column":53}},"2":{"start":{"line":6,"column":35},"end":{"line":6,"column":73}},"3":{"start":{"line":11,"column":21},"end":{"line":11,"column":48}}},"fnMap":{"0":{"name":"(anonymous_0)","decl":{"start":{"line":4,"column":15},"end":{"line":4,"column":16}},"loc":{"start":{"line":4,"column":21},"end":{"line":4,"column":53}},"line":4},"1":{"name":"(anonymous_1)","decl":{"start":{"line":6,"column":29},"end":{"line":6,"column":30}},"loc":{"start":{"line":6,"column":35},"end":{"line":6,"column":73}},"line":6},"2":{"name":"(anonymous_2)","decl":{"start":{"line":11,"column":15},"end":{"line":11,"column":16}},"loc":{"start":{"line":11,"column":21},"end":{"line":11,"column":48}},"line":11}},"branchMap":{},"s":{"0":0,"1":0,"2":0,"3":0},"f":{"0":0,"1":0,"2":0},"b":{},"all":true},"/home/youssri/leadminer/frontend/src/store/index.js":{"path":"/home/youssri/leadminer/frontend/src/store/index.js","statementMap":{"0":{"start":{"line":16,"column":16},"end":{"line":24,"column":4}},"1":{"start":{"line":26,"column":2},"end":{"line":26,"column":15}}},"fnMap":{"0":{"name":"(anonymous_0)","decl":{"start":{"line":15,"column":21},"end":{"line":15,"column":22}},"loc":{"start":{"line":15,"column":53},"end":{"line":27,"column":1}},"line":15}},"branchMap":{},"s":{"0":0,"1":0},"f":{"0":0},"b":{},"all":true},"/home/youssri/leadminer/frontend/src/store/module/actions.js":{"path":"/home/youssri/leadminer/frontend/src/store/module/actions.js","statementMap":{"0":{"start":{"line":2,"column":23},"end":{"line":2,"column":40}},"1":{"start":{"line":3,"column":17},"end":{"line":3,"column":55}},"2":{"start":{"line":4,"column":2},"end":{"line":7,"column":5}},"3":{"start":{"line":5,"column":4},"end":{"line":5,"column":45}},"4":{"start":{"line":6,"column":4},"end":{"line":6,"column":53}},"5":{"start":{"line":8,"column":2},"end":{"line":10,"column":5}},"6":{"start":{"line":9,"column":4},"end":{"line":9,"column":56}},"7":{"start":{"line":11,"column":2},"end":{"line":13,"column":5}},"8":{"start":{"line":12,"column":4},"end":{"line":12,"column":19}},"9":{"start":{"line":14,"column":2},"end":{"line":16,"column":5}},"10":{"start":{"line":15,"column":4},"end":{"line":15,"column":64}},"11":{"start":{"line":17,"column":2},"end":{"line":19,"column":5}},"12":{"start":{"line":18,"column":4},"end":{"line":18,"column":50}},"13":{"start":{"line":21,"column":2},"end":{"line":80,"column":5}},"14":{"start":{"line":22,"column":4},"end":{"line":22,"column":45}},"15":{"start":{"line":23,"column":4},"end":{"line":23,"column":49}},"16":{"start":{"line":24,"column":4},"end":{"line":24,"column":45}},"17":{"start":{"line":25,"column":4},"end":{"line":25,"column":42}},"18":{"start":{"line":27,"column":4},"end":{"line":79,"column":5}},"19":{"start":{"line":28,"column":6},"end":{"line":49,"column":11}},"20":{"start":{"line":40,"column":10},"end":{"line":40,"column":52}},"21":{"start":{"line":41,"column":10},"end":{"line":41,"column":49}},"22":{"start":{"line":42,"column":10},"end":{"line":42,"column":48}},"23":{"start":{"line":43,"column":10},"end":{"line":43,"column":73}},"24":{"start":{"line":44,"column":10},"end":{"line":44,"column":28}},"25":{"start":{"line":47,"column":10},"end":{"line":47,"column":70}},"26":{"start":{"line":48,"column":10},"end":{"line":48,"column":24}},"27":{"start":{"line":51,"column":6},"end":{"line":78,"column":11}},"28":{"start":{"line":69,"column":10},"end":{"line":69,"column":52}},"29":{"start":{"line":70,"column":10},"end":{"line":70,"column":49}},"30":{"start":{"line":71,"column":10},"end":{"line":71,"column":48}},"31":{"start":{"line":72,"column":10},"end":{"line":72,"column":73}},"32":{"start":{"line":73,"column":10},"end":{"line":73,"column":28}},"33":{"start":{"line":76,"column":10},"end":{"line":76,"column":70}},"34":{"start":{"line":77,"column":10},"end":{"line":77,"column":24}},"35":{"start":{"line":84,"column":2},"end":{"line":101,"column":5}},"36":{"start":{"line":85,"column":4},"end":{"line":85,"column":45}},"37":{"start":{"line":87,"column":4},"end":{"line":100,"column":9}},"38":{"start":{"line":90,"column":8},"end":{"line":90,"column":50}},"39":{"start":{"line":91,"column":8},"end":{"line":91,"column":59}},"40":{"start":{"line":92,"column":8},"end":{"line":92,"column":64}},"41":{"start":{"line":93,"column":8},"end":{"line":93,"column":71}},"42":{"start":{"line":94,"column":8},"end":{"line":94,"column":26}},"43":{"start":{"line":97,"column":8},"end":{"line":97,"column":68}},"44":{"start":{"line":98,"column":8},"end":{"line":98,"column":22}},"45":{"start":{"line":104,"column":2},"end":{"line":122,"column":5}},"46":{"start":{"line":105,"column":4},"end":{"line":105,"column":45}},"47":{"start":{"line":107,"column":4},"end":{"line":121,"column":9}},"48":{"start":{"line":110,"column":8},"end":{"line":110,"column":35}},"49":{"start":{"line":111,"column":8},"end":{"line":111,"column":50}},"50":{"start":{"line":112,"column":8},"end":{"line":112,"column":59}},"51":{"start":{"line":113,"column":8},"end":{"line":113,"column":60}},"52":{"start":{"line":114,"column":8},"end":{"line":114,"column":71}},"53":{"start":{"line":116,"column":8},"end":{"line":116,"column":26}},"54":{"start":{"line":119,"column":8},"end":{"line":119,"column":68}},"55":{"start":{"line":120,"column":8},"end":{"line":120,"column":22}},"56":{"start":{"line":125,"column":2},"end":{"line":125,"column":46}},"57":{"start":{"line":126,"column":23},"end":{"line":126,"column":40}},"58":{"start":{"line":127,"column":2},"end":{"line":127,"column":28}},"59":{"start":{"line":128,"column":2},"end":{"line":164,"column":3}},"60":{"start":{"line":129,"column":4},"end":{"line":147,"column":9}},"61":{"start":{"line":141,"column":8},"end":{"line":141,"column":53}},"62":{"start":{"line":142,"column":8},"end":{"line":142,"column":62}},"63":{"start":{"line":143,"column":8},"end":{"line":143,"column":71}},"64":{"start":{"line":146,"column":8},"end":{"line":146,"column":68}},"65":{"start":{"line":149,"column":4},"end":{"line":163,"column":9}},"66":{"start":{"line":157,"column":8},"end":{"line":157,"column":53}},"67":{"start":{"line":158,"column":8},"end":{"line":158,"column":62}},"68":{"start":{"line":159,"column":8},"end":{"line":159,"column":71}},"69":{"start":{"line":162,"column":8},"end":{"line":162,"column":68}}},"fnMap":{"0":{"name":"getEmails","decl":{"start":{"line":1,"column":22},"end":{"line":1,"column":31}},"loc":{"start":{"line":1,"column":64},"end":{"line":81,"column":1}},"line":1},"1":{"name":"(anonymous_1)","decl":{"start":{"line":4,"column":33},"end":{"line":4,"column":34}},"loc":{"start":{"line":4,"column":46},"end":{"line":7,"column":3}},"line":4},"2":{"name":"(anonymous_2)","decl":{"start":{"line":8,"column":40},"end":{"line":8,"column":41}},"loc":{"start":{"line":8,"column":53},"end":{"line":10,"column":3}},"line":8},"3":{"name":"(anonymous_3)","decl":{"start":{"line":11,"column":42},"end":{"line":11,"column":43}},"loc":{"start":{"line":11,"column":48},"end":{"line":13,"column":3}},"line":11},"4":{"name":"(anonymous_4)","decl":{"start":{"line":14,"column":34},"end":{"line":14,"column":35}},"loc":{"start":{"line":14,"column":47},"end":{"line":16,"column":3}},"line":14},"5":{"name":"(anonymous_5)","decl":{"start":{"line":17,"column":33},"end":{"line":17,"column":34}},"loc":{"start":{"line":17,"column":46},"end":{"line":19,"column":3}},"line":17},"6":{"name":"(anonymous_6)","decl":{"start":{"line":21,"column":21},"end":{"line":21,"column":22}},"loc":{"start":{"line":21,"column":42},"end":{"line":80,"column":3}},"line":21},"7":{"name":"(anonymous_7)","decl":{"start":{"line":39,"column":14},"end":{"line":39,"column":15}},"loc":{"start":{"line":39,"column":28},"end":{"line":45,"column":9}},"line":39},"8":{"name":"(anonymous_8)","decl":{"start":{"line":46,"column":15},"end":{"line":46,"column":16}},"loc":{"start":{"line":46,"column":26},"end":{"line":49,"column":9}},"line":46},"9":{"name":"(anonymous_9)","decl":{"start":{"line":68,"column":14},"end":{"line":68,"column":15}},"loc":{"start":{"line":68,"column":28},"end":{"line":74,"column":9}},"line":68},"10":{"name":"(anonymous_10)","decl":{"start":{"line":75,"column":15},"end":{"line":75,"column":16}},"loc":{"start":{"line":75,"column":26},"end":{"line":78,"column":9}},"line":75},"11":{"name":"signUp","decl":{"start":{"line":83,"column":22},"end":{"line":83,"column":28}},"loc":{"start":{"line":83,"column":59},"end":{"line":102,"column":1}},"line":83},"12":{"name":"(anonymous_12)","decl":{"start":{"line":84,"column":21},"end":{"line":84,"column":22}},"loc":{"start":{"line":84,"column":42},"end":{"line":101,"column":3}},"line":84},"13":{"name":"(anonymous_13)","decl":{"start":{"line":89,"column":12},"end":{"line":89,"column":13}},"loc":{"start":{"line":89,"column":26},"end":{"line":95,"column":7}},"line":89},"14":{"name":"(anonymous_14)","decl":{"start":{"line":96,"column":13},"end":{"line":96,"column":14}},"loc":{"start":{"line":96,"column":24},"end":{"line":100,"column":7}},"line":96},"15":{"name":"signIn","decl":{"start":{"line":103,"column":22},"end":{"line":103,"column":28}},"loc":{"start":{"line":103,"column":59},"end":{"line":123,"column":1}},"line":103},"16":{"name":"(anonymous_16)","decl":{"start":{"line":104,"column":21},"end":{"line":104,"column":22}},"loc":{"start":{"line":104,"column":42},"end":{"line":122,"column":3}},"line":104},"17":{"name":"(anonymous_17)","decl":{"start":{"line":109,"column":12},"end":{"line":109,"column":13}},"loc":{"start":{"line":109,"column":26},"end":{"line":117,"column":7}},"line":109},"18":{"name":"(anonymous_18)","decl":{"start":{"line":118,"column":13},"end":{"line":118,"column":14}},"loc":{"start":{"line":118,"column":24},"end":{"line":121,"column":7}},"line":118},"19":{"name":"getBoxes","decl":{"start":{"line":124,"column":16},"end":{"line":124,"column":24}},"loc":{"start":{"line":124,"column":47},"end":{"line":165,"column":1}},"line":124},"20":{"name":"(anonymous_20)","decl":{"start":{"line":140,"column":12},"end":{"line":140,"column":13}},"loc":{"start":{"line":140,"column":26},"end":{"line":144,"column":7}},"line":140},"21":{"name":"(anonymous_21)","decl":{"start":{"line":145,"column":13},"end":{"line":145,"column":14}},"loc":{"start":{"line":145,"column":24},"end":{"line":147,"column":7}},"line":145},"22":{"name":"(anonymous_22)","decl":{"start":{"line":156,"column":12},"end":{"line":156,"column":13}},"loc":{"start":{"line":156,"column":26},"end":{"line":160,"column":7}},"line":156},"23":{"name":"(anonymous_23)","decl":{"start":{"line":161,"column":13},"end":{"line":161,"column":14}},"loc":{"start":{"line":161,"column":24},"end":{"line":163,"column":7}},"line":161}},"branchMap":{"0":{"loc":{"start":{"line":27,"column":4},"end":{"line":79,"column":5}},"type":"if","locations":[{"start":{"line":27,"column":4},"end":{"line":79,"column":5}},{"start":{"line":27,"column":4},"end":{"line":79,"column":5}}],"line":27},"1":{"loc":{"start":{"line":128,"column":2},"end":{"line":164,"column":3}},"type":"if","locations":[{"start":{"line":128,"column":2},"end":{"line":164,"column":3}},{"start":{"line":128,"column":2},"end":{"line":164,"column":3}}],"line":128}},"s":{"0":0,"1":0,"2":0,"3":0,"4":0,"5":0,"6":0,"7":0,"8":0,"9":0,"10":0,"11":0,"12":0,"13":0,"14":0,"15":0,"16":0,"17":0,"18":0,"19":0,"20":0,"21":0,"22":0,"23":0,"24":0,"25":0,"26":0,"27":0,"28":0,"29":0,"30":0,"31":0,"32":0,"33":0,"34":0,"35":0,"36":0,"37":0,"38":0,"39":0,"40":0,"41":0,"42":0,"43":0,"44":0,"45":0,"46":0,"47":0,"48":0,"49":0,"50":0,"51":0,"52":0,"53":0,"54":0,"55":0,"56":0,"57":0,"58":0,"59":0,"60":0,"61":0,"62":0,"63":0,"64":0,"65":0,"66":0,"67":0,"68":0,"69":0},"f":{"0":0,"1":0,"2":0,"3":0,"4":0,"5":0,"6":0,"7":0,"8":0,"9":0,"10":0,"11":0,"12":0,"13":0,"14":0,"15":0,"16":0,"17":0,"18":0,"19":0,"20":0,"21":0,"22":0,"23":0},"b":{"0":[0,0],"1":[0,0]},"all":true},"/home/youssri/leadminer/frontend/src/store/module/getters.js":{"path":"/home/youssri/leadminer/frontend/src/store/module/getters.js","statementMap":{"0":{"start":{"line":2,"column":2},"end":{"line":2,"column":31}},"1":{"start":{"line":5,"column":2},"end":{"line":5,"column":21}},"2":{"start":{"line":8,"column":2},"end":{"line":8,"column":15}}},"fnMap":{"0":{"name":"someGetter","decl":{"start":{"line":1,"column":16},"end":{"line":1,"column":26}},"loc":{"start":{"line":1,"column":34},"end":{"line":3,"column":1}},"line":1},"1":{"name":"getBoxes","decl":{"start":{"line":4,"column":16},"end":{"line":4,"column":24}},"loc":{"start":{"line":4,"column":32},"end":{"line":6,"column":1}},"line":4},"2":{"name":"getStates","decl":{"start":{"line":7,"column":16},"end":{"line":7,"column":25}},"loc":{"start":{"line":7,"column":33},"end":{"line":9,"column":1}},"line":7}},"branchMap":{},"s":{"0":0,"1":0,"2":0},"f":{"0":0,"1":0,"2":0},"b":{},"all":true},"/home/youssri/leadminer/frontend/src/store/module/index.js":{"path":"/home/youssri/leadminer/frontend/src/store/module/index.js","statementMap":{},"fnMap":{},"branchMap":{},"s":{},"f":{},"b":{},"all":true},"/home/youssri/leadminer/frontend/src/store/module/mutations.js":{"path":"/home/youssri/leadminer/frontend/src/store/module/mutations.js","statementMap":{"0":{"start":{"line":2,"column":2},"end":{"line":2,"column":33}},"1":{"start":{"line":5,"column":2},"end":{"line":5,"column":41}},"2":{"start":{"line":8,"column":2},"end":{"line":8,"column":47}},"3":{"start":{"line":11,"column":2},"end":{"line":11,"column":47}},"4":{"start":{"line":14,"column":2},"end":{"line":14,"column":29}},"5":{"start":{"line":15,"column":2},"end":{"line":15,"column":35}},"6":{"start":{"line":16,"column":2},"end":{"line":16,"column":33}},"7":{"start":{"line":17,"column":2},"end":{"line":17,"column":33}},"8":{"start":{"line":20,"column":2},"end":{"line":20,"column":36}},"9":{"start":{"line":23,"column":2},"end":{"line":23,"column":30}},"10":{"start":{"line":26,"column":2},"end":{"line":26,"column":32}},"11":{"start":{"line":29,"column":2},"end":{"line":29,"column":33}},"12":{"start":{"line":32,"column":2},"end":{"line":32,"column":29}},"13":{"start":{"line":35,"column":2},"end":{"line":35,"column":44}},"14":{"start":{"line":38,"column":2},"end":{"line":38,"column":41}},"15":{"start":{"line":41,"column":2},"end":{"line":41,"column":36}},"16":{"start":{"line":44,"column":2},"end":{"line":44,"column":25}}},"fnMap":{"0":{"name":"SET_EMAILS","decl":{"start":{"line":1,"column":16},"end":{"line":1,"column":26}},"loc":{"start":{"line":1,"column":42},"end":{"line":3,"column":1}},"line":1},"1":{"name":"SET_LOADING","decl":{"start":{"line":4,"column":16},"end":{"line":4,"column":27}},"loc":{"start":{"line":4,"column":53},"end":{"line":6,"column":1}},"line":4},"2":{"name":"SET_LOADING_DNS","decl":{"start":{"line":7,"column":16},"end":{"line":7,"column":31}},"loc":{"start":{"line":7,"column":60},"end":{"line":9,"column":1}},"line":7},"3":{"name":"SET_LOADINGBOX","decl":{"start":{"line":10,"column":16},"end":{"line":10,"column":30}},"loc":{"start":{"line":10,"column":59},"end":{"line":12,"column":1}},"line":10},"4":{"name":"SET_IMAP","decl":{"start":{"line":13,"column":16},"end":{"line":13,"column":24}},"loc":{"start":{"line":13,"column":41},"end":{"line":18,"column":1}},"line":13},"5":{"name":"SET_PASSWORD","decl":{"start":{"line":19,"column":16},"end":{"line":19,"column":28}},"loc":{"start":{"line":19,"column":49},"end":{"line":21,"column":1}},"line":19},"6":{"name":"SET_BOXES","decl":{"start":{"line":22,"column":16},"end":{"line":22,"column":25}},"loc":{"start":{"line":22,"column":43},"end":{"line":24,"column":1}},"line":22},"7":{"name":"SET_ERROR","decl":{"start":{"line":25,"column":16},"end":{"line":25,"column":25}},"loc":{"start":{"line":25,"column":43},"end":{"line":27,"column":1}},"line":25},"8":{"name":"SET_INFO_MESSAGE","decl":{"start":{"line":28,"column":16},"end":{"line":28,"column":32}},"loc":{"start":{"line":28,"column":52},"end":{"line":30,"column":1}},"line":28},"9":{"name":"SET_SESSIONID","decl":{"start":{"line":31,"column":16},"end":{"line":31,"column":29}},"loc":{"start":{"line":31,"column":48},"end":{"line":33,"column":1}},"line":31},"10":{"name":"SET_PERCENTAGE","decl":{"start":{"line":34,"column":16},"end":{"line":34,"column":30}},"loc":{"start":{"line":34,"column":53},"end":{"line":36,"column":1}},"line":34},"11":{"name":"SET_CURRENT","decl":{"start":{"line":37,"column":16},"end":{"line":37,"column":27}},"loc":{"start":{"line":37,"column":47},"end":{"line":39,"column":1}},"line":37},"12":{"name":"SET_STATUS","decl":{"start":{"line":40,"column":16},"end":{"line":40,"column":26}},"loc":{"start":{"line":40,"column":45},"end":{"line":42,"column":1}},"line":40},"13":{"name":"SET_TOKEN","decl":{"start":{"line":43,"column":16},"end":{"line":43,"column":25}},"loc":{"start":{"line":43,"column":43},"end":{"line":45,"column":1}},"line":43}},"branchMap":{},"s":{"0":0,"1":0,"2":0,"3":0,"4":0,"5":0,"6":0,"7":0,"8":0,"9":0,"10":0,"11":0,"12":0,"13":0,"14":0,"15":0,"16":0},"f":{"0":0,"1":0,"2":0,"3":0,"4":0,"5":0,"6":0,"7":0,"8":0,"9":0,"10":0,"11":0,"12":0,"13":0},"b":{},"all":true},"/home/youssri/leadminer/frontend/src/store/module/state.js":{"path":"/home/youssri/leadminer/frontend/src/store/module/state.js","statementMap":{"0":{"start":{"line":2,"column":2},"end":{"line":23,"column":4}}},"fnMap":{"0":{"name":"(anonymous_0)","decl":{"start":{"line":1,"column":15},"end":{"line":1,"column":16}},"loc":{"start":{"line":1,"column":27},"end":{"line":24,"column":1}},"line":1}},"branchMap":{},"s":{"0":0},"f":{"0":0},"b":{},"all":true},"/home/youssri/leadminer/frontend/tests/unit/example.spec.js":{"path":"/home/youssri/leadminer/frontend/tests/unit/example.spec.js","statementMap":{},"fnMap":{},"branchMap":{},"s":{},"f":{},"b":{},"all":true}}