{"/home/youssri/leadminer/backend/app/config/db.config.js":{"path":"/home/youssri/leadminer/backend/app/config/db.config.js","statementMap":{"0":{"start":{"line":1,"column":0},"end":{"line":5,"column":2}}},"fnMap":{},"branchMap":{},"s":{"0":0},"f":{},"b":{},"all":true},"/home/youssri/leadminer/backend/app/controllers/imap.controller.js":{"path":"/home/youssri/leadminer/backend/app/controllers/imap.controller.js","statementMap":{"0":{"start":{"line":1,"column":13},"end":{"line":1,"column":33}},"1":{"start":{"line":2,"column":11},"end":{"line":2,"column":31}},"2":{"start":{"line":3,"column":17},"end":{"line":3,"column":28}},"3":{"start":{"line":4,"column":15},"end":{"line":4,"column":49}},"4":{"start":{"line":5,"column":12},"end":{"line":5,"column":38}},"5":{"start":{"line":6,"column":28},"end":{"line":6,"column":75}},"6":{"start":{"line":12,"column":0},"end":{"line":72,"column":2}},"7":{"start":{"line":13,"column":2},"end":{"line":18,"column":3}},"8":{"start":{"line":14,"column":4},"end":{"line":16,"column":7}},"9":{"start":{"line":17,"column":4},"end":{"line":17,"column":11}},"10":{"start":{"line":20,"column":19},"end":{"line":25,"column":3}},"11":{"start":{"line":26,"column":15},"end":{"line":32,"column":4}},"12":{"start":{"line":34,"column":2},"end":{"line":34,"column":17}},"13":{"start":{"line":35,"column":2},"end":{"line":62,"column":5}},"14":{"start":{"line":36,"column":4},"end":{"line":61,"column":7}},"15":{"start":{"line":37,"column":6},"end":{"line":59,"column":7}},"16":{"start":{"line":39,"column":8},"end":{"line":50,"column":13}},"17":{"start":{"line":41,"column":12},"end":{"line":41,"column":53}},"18":{"start":{"line":44,"column":12},"end":{"line":44,"column":29}},"19":{"start":{"line":45,"column":12},"end":{"line":45,"column":78}},"20":{"start":{"line":46,"column":12},"end":{"line":49,"column":15}},"21":{"start":{"line":52,"column":8},"end":{"line":54,"column":10}},"22":{"start":{"line":55,"column":8},"end":{"line":58,"column":11}},"23":{"start":{"line":60,"column":6},"end":{"line":60,"column":17}},"24":{"start":{"line":64,"column":2},"end":{"line":71,"column":5}},"25":{"start":{"line":65,"column":4},"end":{"line":67,"column":6}},"26":{"start":{"line":68,"column":4},"end":{"line":70,"column":7}},"27":{"start":{"line":74,"column":0},"end":{"line":99,"column":2}},"28":{"start":{"line":75,"column":2},"end":{"line":80,"column":3}},"29":{"start":{"line":76,"column":4},"end":{"line":78,"column":7}},"30":{"start":{"line":79,"column":4},"end":{"line":79,"column":11}},"31":{"start":{"line":81,"column":2},"end":{"line":98,"column":5}},"32":{"start":{"line":82,"column":4},"end":{"line":97,"column":5}},"33":{"start":{"line":83,"column":6},"end":{"line":85,"column":8}},"34":{"start":{"line":88,"column":6},"end":{"line":90,"column":9}},"35":{"start":{"line":92,"column":6},"end":{"line":92,"column":80}},"36":{"start":{"line":93,"column":6},"end":{"line":96,"column":9}},"37":{"start":{"line":106,"column":0},"end":{"line":159,"column":2}},"38":{"start":{"line":108,"column":2},"end":{"line":158,"column":7}},"39":{"start":{"line":110,"column":19},"end":{"line":116,"column":8}},"40":{"start":{"line":117,"column":18},"end":{"line":117,"column":20}},"41":{"start":{"line":118,"column":6},"end":{"line":118,"column":21}},"42":{"start":{"line":119,"column":6},"end":{"line":127,"column":9}},"43":{"start":{"line":120,"column":8},"end":{"line":122,"column":10}},"44":{"start":{"line":123,"column":8},"end":{"line":125,"column":11}},"45":{"start":{"line":124,"column":10},"end":{"line":124,"column":43}},"46":{"start":{"line":126,"column":8},"end":{"line":126,"column":19}},"47":{"start":{"line":128,"column":6},"end":{"line":136,"column":9}},"48":{"start":{"line":129,"column":8},"end":{"line":131,"column":10}},"49":{"start":{"line":133,"column":8},"end":{"line":135,"column":11}},"50":{"start":{"line":138,"column":6},"end":{"line":151,"column":9}},"51":{"start":{"line":139,"column":8},"end":{"line":141,"column":10}},"52":{"start":{"line":142,"column":8},"end":{"line":150,"column":9}},"53":{"start":{"line":143,"column":10},"end":{"line":145,"column":13}},"54":{"start":{"line":147,"column":10},"end":{"line":149,"column":13}},"55":{"start":{"line":154,"column":6},"end":{"line":154,"column":69}},"56":{"start":{"line":155,"column":6},"end":{"line":157,"column":9}},"57":{"start":{"line":161,"column":0},"end":{"line":304,"column":2}},"58":{"start":{"line":162,"column":2},"end":{"line":303,"column":3}},"59":{"start":{"line":164,"column":4},"end":{"line":302,"column":7}},"60":{"start":{"line":165,"column":19},"end":{"line":171,"column":8}},"61":{"start":{"line":173,"column":19},"end":{"line":173,"column":21}},"62":{"start":{"line":174,"column":23},"end":{"line":174,"column":25}},"63":{"start":{"line":175,"column":21},"end":{"line":175,"column":23}},"64":{"start":{"line":177,"column":21},"end":{"line":177,"column":36}},"65":{"start":{"line":178,"column":20},"end":{"line":178,"column":22}},"66":{"start":{"line":179,"column":18},"end":{"line":179,"column":20}},"67":{"start":{"line":181,"column":28},"end":{"line":181,"column":44}},"68":{"start":{"line":184,"column":6},"end":{"line":184,"column":21}},"69":{"start":{"line":185,"column":6},"end":{"line":187,"column":9}},"70":{"start":{"line":186,"column":8},"end":{"line":186,"column":35}},"71":{"start":{"line":188,"column":6},"end":{"line":191,"column":9}},"72":{"start":{"line":189,"column":21},"end":{"line":189,"column":59}},"73":{"start":{"line":190,"column":8},"end":{"line":190,"column":33}},"74":{"start":{"line":192,"column":6},"end":{"line":192,"column":35}},"75":{"start":{"line":194,"column":18},"end":{"line":194,"column":26}},"76":{"start":{"line":195,"column":14},"end":{"line":195,"column":15}},"77":{"start":{"line":196,"column":6},"end":{"line":272,"column":9}},"78":{"start":{"line":197,"column":8},"end":{"line":199,"column":10}},"79":{"start":{"line":200,"column":8},"end":{"line":271,"column":9}},"80":{"start":{"line":201,"column":27},"end":{"line":267,"column":11}},"81":{"start":{"line":202,"column":12},"end":{"line":266,"column":15}},"82":{"start":{"line":203,"column":14},"end":{"line":265,"column":15}},"83":{"start":{"line":204,"column":28},"end":{"line":206,"column":17}},"84":{"start":{"line":208,"column":26},"end":{"line":211,"column":18}},"85":{"start":{"line":213,"column":16},"end":{"line":247,"column":19}},"86":{"start":{"line":214,"column":18},"end":{"line":214,"column":37}},"87":{"start":{"line":215,"column":18},"end":{"line":222,"column":19}},"88":{"start":{"line":216,"column":20},"end":{"line":216,"column":41}},"89":{"start":{"line":217,"column":20},"end":{"line":221,"column":22}},"90":{"start":{"line":225,"column":18},"end":{"line":246,"column":21}},"91":{"start":{"line":226,"column":33},"end":{"line":226,"column":35}},"92":{"start":{"line":228,"column":20},"end":{"line":244,"column":23}},"93":{"start":{"line":229,"column":22},"end":{"line":229,"column":55}},"94":{"start":{"line":231,"column":22},"end":{"line":231,"column":76}},"95":{"start":{"line":234,"column":43},"end":{"line":234,"column":67}},"96":{"start":{"line":235,"column":32},"end":{"line":242,"column":24}},"97":{"start":{"line":236,"column":24},"end":{"line":241,"column":26}},"98":{"start":{"line":243,"column":22},"end":{"line":243,"column":44}},"99":{"start":{"line":248,"column":16},"end":{"line":255,"column":19}},"100":{"start":{"line":249,"column":18},"end":{"line":251,"column":20}},"101":{"start":{"line":252,"column":18},"end":{"line":254,"column":21}},"102":{"start":{"line":256,"column":16},"end":{"line":264,"column":19}},"103":{"start":{"line":257,"column":18},"end":{"line":257,"column":44}},"104":{"start":{"line":258,"column":18},"end":{"line":263,"column":19}},"105":{"start":{"line":259,"column":20},"end":{"line":259,"column":31}},"106":{"start":{"line":261,"column":20},"end":{"line":261,"column":24}},"107":{"start":{"line":262,"column":20},"end":{"line":262,"column":39}},"108":{"start":{"line":268,"column":10},"end":{"line":270,"column":11}},"109":{"start":{"line":269,"column":12},"end":{"line":269,"column":26}},"110":{"start":{"line":273,"column":6},"end":{"line":280,"column":9}},"111":{"start":{"line":274,"column":8},"end":{"line":276,"column":10}},"112":{"start":{"line":277,"column":8},"end":{"line":279,"column":11}},"113":{"start":{"line":281,"column":6},"end":{"line":301,"column":9}},"114":{"start":{"line":282,"column":8},"end":{"line":284,"column":10}},"115":{"start":{"line":285,"column":8},"end":{"line":285,"column":38}},"116":{"start":{"line":288,"column":8},"end":{"line":297,"column":13}},"117":{"start":{"line":292,"column":12},"end":{"line":294,"column":15}}},"fnMap":{"0":{"name":"(anonymous_0)","decl":{"start":{"line":12,"column":25},"end":{"line":12,"column":26}},"loc":{"start":{"line":12,"column":39},"end":{"line":72,"column":1}},"line":12},"1":{"name":"(anonymous_1)","decl":{"start":{"line":35,"column":21},"end":{"line":35,"column":22}},"loc":{"start":{"line":35,"column":27},"end":{"line":62,"column":3}},"line":35},"2":{"name":"(anonymous_2)","decl":{"start":{"line":36,"column":64},"end":{"line":36,"column":65}},"loc":{"start":{"line":36,"column":78},"end":{"line":61,"column":5}},"line":36},"3":{"name":"(anonymous_3)","decl":{"start":{"line":40,"column":16},"end":{"line":40,"column":17}},"loc":{"start":{"line":40,"column":26},"end":{"line":42,"column":11}},"line":40},"4":{"name":"(anonymous_4)","decl":{"start":{"line":43,"column":17},"end":{"line":43,"column":18}},"loc":{"start":{"line":43,"column":26},"end":{"line":50,"column":11}},"line":43},"5":{"name":"(anonymous_5)","decl":{"start":{"line":64,"column":21},"end":{"line":64,"column":22}},"loc":{"start":{"line":64,"column":27},"end":{"line":71,"column":3}},"line":64},"6":{"name":"(anonymous_6)","decl":{"start":{"line":74,"column":25},"end":{"line":74,"column":26}},"loc":{"start":{"line":74,"column":39},"end":{"line":99,"column":1}},"line":74},"7":{"name":"(anonymous_7)","decl":{"start":{"line":81,"column":62},"end":{"line":81,"column":63}},"loc":{"start":{"line":81,"column":72},"end":{"line":98,"column":3}},"line":81},"8":{"name":"(anonymous_8)","decl":{"start":{"line":106,"column":23},"end":{"line":106,"column":24}},"loc":{"start":{"line":106,"column":43},"end":{"line":159,"column":1}},"line":106},"9":{"name":"(anonymous_9)","decl":{"start":{"line":109,"column":10},"end":{"line":109,"column":11}},"loc":{"start":{"line":109,"column":24},"end":{"line":152,"column":5}},"line":109},"10":{"name":"(anonymous_10)","decl":{"start":{"line":119,"column":25},"end":{"line":119,"column":26}},"loc":{"start":{"line":119,"column":31},"end":{"line":127,"column":7}},"line":119},"11":{"name":"(anonymous_11)","decl":{"start":{"line":123,"column":26},"end":{"line":123,"column":27}},"loc":{"start":{"line":123,"column":48},"end":{"line":125,"column":9}},"line":123},"12":{"name":"(anonymous_12)","decl":{"start":{"line":128,"column":25},"end":{"line":128,"column":26}},"loc":{"start":{"line":128,"column":34},"end":{"line":136,"column":7}},"line":128},"13":{"name":"(anonymous_13)","decl":{"start":{"line":138,"column":23},"end":{"line":138,"column":24}},"loc":{"start":{"line":138,"column":29},"end":{"line":151,"column":7}},"line":138},"14":{"name":"(anonymous_14)","decl":{"start":{"line":153,"column":11},"end":{"line":153,"column":12}},"loc":{"start":{"line":153,"column":17},"end":{"line":158,"column":5}},"line":153},"15":{"name":"(anonymous_15)","decl":{"start":{"line":161,"column":20},"end":{"line":161,"column":21}},"loc":{"start":{"line":161,"column":39},"end":{"line":304,"column":1}},"line":161},"16":{"name":"(anonymous_16)","decl":{"start":{"line":164,"column":42},"end":{"line":164,"column":43}},"loc":{"start":{"line":164,"column":56},"end":{"line":302,"column":5}},"line":164},"17":{"name":"(anonymous_17)","decl":{"start":{"line":185,"column":38},"end":{"line":185,"column":39}},"loc":{"start":{"line":185,"column":51},"end":{"line":187,"column":7}},"line":185},"18":{"name":"(anonymous_18)","decl":{"start":{"line":188,"column":25},"end":{"line":188,"column":26}},"loc":{"start":{"line":188,"column":38},"end":{"line":191,"column":7}},"line":188},"19":{"name":"(anonymous_19)","decl":{"start":{"line":196,"column":25},"end":{"line":196,"column":26}},"loc":{"start":{"line":196,"column":37},"end":{"line":272,"column":7}},"line":196},"20":{"name":"(anonymous_20)","decl":{"start":{"line":201,"column":27},"end":{"line":201,"column":28}},"loc":{"start":{"line":201,"column":36},"end":{"line":267,"column":11}},"line":201},"21":{"name":"(anonymous_21)","decl":{"start":{"line":202,"column":36},"end":{"line":202,"column":37}},"loc":{"start":{"line":202,"column":69},"end":{"line":266,"column":13}},"line":202},"22":{"name":"(anonymous_22)","decl":{"start":{"line":213,"column":38},"end":{"line":213,"column":39}},"loc":{"start":{"line":213,"column":66},"end":{"line":247,"column":17}},"line":213},"23":{"name":"(anonymous_23)","decl":{"start":{"line":225,"column":39},"end":{"line":225,"column":40}},"loc":{"start":{"line":225,"column":63},"end":{"line":246,"column":19}},"line":225},"24":{"name":"(anonymous_24)","decl":{"start":{"line":228,"column":44},"end":{"line":228,"column":45}},"loc":{"start":{"line":228,"column":61},"end":{"line":244,"column":21}},"line":228},"25":{"name":"(anonymous_25)","decl":{"start":{"line":235,"column":64},"end":{"line":235,"column":65}},"loc":{"start":{"line":235,"column":77},"end":{"line":242,"column":23}},"line":235},"26":{"name":"(anonymous_26)","decl":{"start":{"line":248,"column":32},"end":{"line":248,"column":33}},"loc":{"start":{"line":248,"column":47},"end":{"line":255,"column":17}},"line":248},"27":{"name":"(anonymous_27)","decl":{"start":{"line":256,"column":30},"end":{"line":256,"column":31}},"loc":{"start":{"line":256,"column":42},"end":{"line":264,"column":17}},"line":256},"28":{"name":"(anonymous_28)","decl":{"start":{"line":273,"column":25},"end":{"line":273,"column":26}},"loc":{"start":{"line":273,"column":40},"end":{"line":280,"column":7}},"line":273},"29":{"name":"(anonymous_29)","decl":{"start":{"line":281,"column":23},"end":{"line":281,"column":24}},"loc":{"start":{"line":281,"column":41},"end":{"line":301,"column":7}},"line":281},"30":{"name":"(anonymous_30)","decl":{"start":{"line":290,"column":16},"end":{"line":290,"column":17}},"loc":{"start":{"line":290,"column":32},"end":{"line":297,"column":11}},"line":290}},"branchMap":{"0":{"loc":{"start":{"line":13,"column":2},"end":{"line":18,"column":3}},"type":"if","locations":[{"start":{"line":13,"column":2},"end":{"line":18,"column":3}},{"start":{"line":13,"column":2},"end":{"line":18,"column":3}}],"line":13},"1":{"loc":{"start":{"line":13,"column":6},"end":{"line":13,"column":57}},"type":"binary-expr","locations":[{"start":{"line":13,"column":6},"end":{"line":13,"column":21}},{"start":{"line":13,"column":25},"end":{"line":13,"column":39}},{"start":{"line":13,"column":43},"end":{"line":13,"column":57}}],"line":13},"2":{"loc":{"start":{"line":24,"column":9},"end":{"line":24,"column":43}},"type":"cond-expr","locations":[{"start":{"line":24,"column":24},"end":{"line":24,"column":36}},{"start":{"line":24,"column":39},"end":{"line":24,"column":43}}],"line":24},"3":{"loc":{"start":{"line":37,"column":6},"end":{"line":59,"column":7}},"type":"if","locations":[{"start":{"line":37,"column":6},"end":{"line":59,"column":7}},{"start":{"line":37,"column":6},"end":{"line":59,"column":7}}],"line":37},"4":{"loc":{"start":{"line":75,"column":2},"end":{"line":80,"column":3}},"type":"if","locations":[{"start":{"line":75,"column":2},"end":{"line":80,"column":3}},{"start":{"line":75,"column":2},"end":{"line":80,"column":3}}],"line":75},"5":{"loc":{"start":{"line":82,"column":4},"end":{"line":97,"column":5}},"type":"if","locations":[{"start":{"line":82,"column":4},"end":{"line":97,"column":5}},{"start":{"line":82,"column":4},"end":{"line":97,"column":5}}],"line":82},"6":{"loc":{"start":{"line":142,"column":8},"end":{"line":150,"column":9}},"type":"if","locations":[{"start":{"line":142,"column":8},"end":{"line":150,"column":9}},{"start":{"line":142,"column":8},"end":{"line":150,"column":9}}],"line":142},"7":{"loc":{"start":{"line":162,"column":2},"end":{"line":303,"column":3}},"type":"if","locations":[{"start":{"line":162,"column":2},"end":{"line":303,"column":3}},{"start":{"line":162,"column":2},"end":{"line":303,"column":3}}],"line":162},"8":{"loc":{"start":{"line":203,"column":14},"end":{"line":265,"column":15}},"type":"if","locations":[{"start":{"line":203,"column":14},"end":{"line":265,"column":15}},{"start":{"line":203,"column":14},"end":{"line":265,"column":15}}],"line":203},"9":{"loc":{"start":{"line":215,"column":18},"end":{"line":222,"column":19}},"type":"if","locations":[{"start":{"line":215,"column":18},"end":{"line":222,"column":19}},{"start":{"line":215,"column":18},"end":{"line":222,"column":19}}],"line":215},"10":{"loc":{"start":{"line":258,"column":18},"end":{"line":263,"column":19}},"type":"if","locations":[{"start":{"line":258,"column":18},"end":{"line":263,"column":19}},{"start":{"line":258,"column":18},"end":{"line":263,"column":19}}],"line":258},"11":{"loc":{"start":{"line":268,"column":10},"end":{"line":270,"column":11}},"type":"if","locations":[{"start":{"line":268,"column":10},"end":{"line":270,"column":11}},{"start":{"line":268,"column":10},"end":{"line":270,"column":11}}],"line":268}},"s":{"0":0,"1":0,"2":0,"3":0,"4":0,"5":0,"6":0,"7":0,"8":0,"9":0,"10":0,"11":0,"12":0,"13":0,"14":0,"15":0,"16":0,"17":0,"18":0,"19":0,"20":0,"21":0,"22":0,"23":0,"24":0,"25":0,"26":0,"27":0,"28":0,"29":0,"30":0,"31":0,"32":0,"33":0,"34":0,"35":0,"36":0,"37":0,"38":0,"39":0,"40":0,"41":0,"42":0,"43":0,"44":0,"45":0,"46":0,"47":0,"48":0,"49":0,"50":0,"51":0,"52":0,"53":0,"54":0,"55":0,"56":0,"57":0,"58":0,"59":0,"60":0,"61":0,"62":0,"63":0,"64":0,"65":0,"66":0,"67":0,"68":0,"69":0,"70":0,"71":0,"72":0,"73":0,"74":0,"75":0,"76":0,"77":0,"78":0,"79":0,"80":0,"81":0,"82":0,"83":0,"84":0,"85":0,"86":0,"87":0,"88":0,"89":0,"90":0,"91":0,"92":0,"93":0,"94":0,"95":0,"96":0,"97":0,"98":0,"99":0,"100":0,"101":0,"102":0,"103":0,"104":0,"105":0,"106":0,"107":0,"108":0,"109":0,"110":0,"111":0,"112":0,"113":0,"114":0,"115":0,"116":0,"117":0},"f":{"0":0,"1":0,"2":0,"3":0,"4":0,"5":0,"6":0,"7":0,"8":0,"9":0,"10":0,"11":0,"12":0,"13":0,"14":0,"15":0,"16":0,"17":0,"18":0,"19":0,"20":0,"21":0,"22":0,"23":0,"24":0,"25":0,"26":0,"27":0,"28":0,"29":0,"30":0},"b":{"0":[0,0],"1":[0,0,0],"2":[0,0],"3":[0,0],"4":[0,0],"5":[0,0],"6":[0,0],"7":[0,0],"8":[0,0],"9":[0,0],"10":[0,0],"11":[0,0]},"all":true},"/home/youssri/leadminer/backend/app/models/emails.model.js":{"path":"/home/youssri/leadminer/backend/app/models/emails.model.js","statementMap":{"0":{"start":{"line":1,"column":0},"end":{"line":45,"column":2}},"1":{"start":{"line":2,"column":22},"end":{"line":38,"column":4}},"2":{"start":{"line":39,"column":2},"end":{"line":43,"column":4}},"3":{"start":{"line":40,"column":4},"end":{"line":42,"column":7}},"4":{"start":{"line":44,"column":2},"end":{"line":44,"column":21}}},"fnMap":{"0":{"name":"(anonymous_0)","decl":{"start":{"line":1,"column":17},"end":{"line":1,"column":18}},"loc":{"start":{"line":1,"column":43},"end":{"line":45,"column":1}},"line":1},"1":{"name":"(anonymous_1)","decl":{"start":{"line":39,"column":26},"end":{"line":39,"column":27}},"loc":{"start":{"line":39,"column":38},"end":{"line":43,"column":3}},"line":39}},"branchMap":{},"s":{"0":0,"1":0,"2":0,"3":0,"4":0},"f":{"0":0,"1":0},"b":{},"all":true},"/home/youssri/leadminer/backend/app/models/imap.model.js":{"path":"/home/youssri/leadminer/backend/app/models/imap.model.js","statementMap":{"0":{"start":{"line":1,"column":13},"end":{"line":1,"column":28}},"1":{"start":{"line":2,"column":0},"end":{"line":25,"column":2}},"2":{"start":{"line":3,"column":19},"end":{"line":22,"column":4}},"3":{"start":{"line":24,"column":2},"end":{"line":24,"column":18}}},"fnMap":{"0":{"name":"(anonymous_0)","decl":{"start":{"line":2,"column":17},"end":{"line":2,"column":18}},"loc":{"start":{"line":2,"column":43},"end":{"line":25,"column":1}},"line":2}},"branchMap":{},"s":{"0":0,"1":0,"2":0,"3":0},"f":{"0":0},"b":{},"all":true},"/home/youssri/leadminer/backend/app/models/index.js":{"path":"/home/youssri/leadminer/backend/app/models/index.js","statementMap":{"0":{"start":{"line":1,"column":18},"end":{"line":1,"column":38}},"1":{"start":{"line":2,"column":17},"end":{"line":2,"column":47}},"2":{"start":{"line":4,"column":18},"end":{"line":20,"column":2}},"3":{"start":{"line":22,"column":11},"end":{"line":22,"column":13}},"4":{"start":{"line":24,"column":0},"end":{"line":24,"column":25}},"5":{"start":{"line":25,"column":0},"end":{"line":25,"column":25}},"6":{"start":{"line":27,"column":0},"end":{"line":27,"column":60}},"7":{"start":{"line":28,"column":0},"end":{"line":28,"column":65}},"8":{"start":{"line":30,"column":0},"end":{"line":30,"column":20}}},"fnMap":{},"branchMap":{},"s":{"0":0,"1":0,"2":0,"3":0,"4":0,"5":0,"6":0,"7":0,"8":0},"f":{},"b":{},"all":true},"/home/youssri/leadminer/backend/app/routes/imap.routes.js":{"path":"/home/youssri/leadminer/backend/app/routes/imap.routes.js","statementMap":{"0":{"start":{"line":1,"column":0},"end":{"line":17,"column":2}},"1":{"start":{"line":2,"column":15},"end":{"line":2,"column":56}},"2":{"start":{"line":3,"column":17},"end":{"line":3,"column":44}},"3":{"start":{"line":6,"column":2},"end":{"line":6,"column":46}},"4":{"start":{"line":8,"column":2},"end":{"line":8,"column":45}},"5":{"start":{"line":10,"column":2},"end":{"line":10,"column":46}},"6":{"start":{"line":12,"column":2},"end":{"line":14,"column":5}},"7":{"start":{"line":13,"column":4},"end":{"line":13,"column":34}},"8":{"start":{"line":16,"column":2},"end":{"line":16,"column":31}}},"fnMap":{"0":{"name":"(anonymous_0)","decl":{"start":{"line":1,"column":17},"end":{"line":1,"column":18}},"loc":{"start":{"line":1,"column":31},"end":{"line":17,"column":1}},"line":1},"1":{"name":"(anonymous_1)","decl":{"start":{"line":12,"column":35},"end":{"line":12,"column":36}},"loc":{"start":{"line":12,"column":49},"end":{"line":14,"column":3}},"line":12}},"branchMap":{},"s":{"0":0,"1":0,"2":0,"3":0,"4":0,"5":0,"6":0,"7":0,"8":0},"f":{"0":0,"1":0},"b":{},"all":true},"/home/youssri/leadminer/backend/app/services/dataQualificationService.js":{"path":"/home/youssri/leadminer/backend/app/services/dataQualificationService.js","statementMap":{"0":{"start":{"line":1,"column":14},"end":{"line":1,"column":40}},"1":{"start":{"line":2,"column":24},"end":{"line":2,"column":44}},"2":{"start":{"line":3,"column":15},"end":{"line":3,"column":49}},"3":{"start":{"line":4,"column":15},"end":{"line":4,"column":35}},"4":{"start":{"line":7,"column":23},"end":{"line":7,"column":52}},"5":{"start":{"line":11,"column":29},"end":{"line":11,"column":43}},"6":{"start":{"line":13,"column":30},"end":{"line":13,"column":50}},"7":{"start":{"line":23,"column":19},"end":{"line":23,"column":21}},"8":{"start":{"line":24,"column":17},"end":{"line":24,"column":19}},"9":{"start":{"line":26,"column":19},"end":{"line":26,"column":21}},"10":{"start":{"line":27,"column":23},"end":{"line":27,"column":25}},"11":{"start":{"line":29,"column":4},"end":{"line":31,"column":5}},"12":{"start":{"line":30,"column":6},"end":{"line":30,"column":62}},"13":{"start":{"line":33,"column":4},"end":{"line":35,"column":5}},"14":{"start":{"line":34,"column":6},"end":{"line":34,"column":37}},"15":{"start":{"line":36,"column":4},"end":{"line":36,"column":20}},"16":{"start":{"line":38,"column":2},"end":{"line":55,"column":5}},"17":{"start":{"line":39,"column":4},"end":{"line":54,"column":7}},"18":{"start":{"line":40,"column":6},"end":{"line":40,"column":27}},"19":{"start":{"line":41,"column":6},"end":{"line":53,"column":7}},"20":{"start":{"line":42,"column":20},"end":{"line":47,"column":16}},"21":{"start":{"line":44,"column":12},"end":{"line":46,"column":34}},"22":{"start":{"line":48,"column":8},"end":{"line":52,"column":9}},"23":{"start":{"line":49,"column":10},"end":{"line":49,"column":45}},"24":{"start":{"line":51,"column":10},"end":{"line":51,"column":41}},"25":{"start":{"line":60,"column":2},"end":{"line":133,"column":5}},"26":{"start":{"line":61,"column":16},"end":{"line":65,"column":12}},"27":{"start":{"line":63,"column":8},"end":{"line":64,"column":48}},"28":{"start":{"line":66,"column":4},"end":{"line":66,"column":26}},"29":{"start":{"line":67,"column":17},"end":{"line":72,"column":12}},"30":{"start":{"line":69,"column":8},"end":{"line":71,"column":38}},"31":{"start":{"line":73,"column":4},"end":{"line":73,"column":27}},"32":{"start":{"line":77,"column":4},"end":{"line":131,"column":9}},"33":{"start":{"line":87,"column":8},"end":{"line":130,"column":9}},"34":{"start":{"line":89,"column":10},"end":{"line":97,"column":11}},"35":{"start":{"line":90,"column":12},"end":{"line":90,"column":43}},"36":{"start":{"line":91,"column":12},"end":{"line":91,"column":39}},"37":{"start":{"line":92,"column":17},"end":{"line":97,"column":11}},"38":{"start":{"line":93,"column":12},"end":{"line":93,"column":43}},"39":{"start":{"line":94,"column":12},"end":{"line":94,"column":39}},"40":{"start":{"line":95,"column":17},"end":{"line":97,"column":11}},"41":{"start":{"line":96,"column":12},"end":{"line":96,"column":45}},"42":{"start":{"line":100,"column":10},"end":{"line":117,"column":12}},"43":{"start":{"line":119,"column":37},"end":{"line":127,"column":11}},"44":{"start":{"line":128,"column":10},"end":{"line":128,"column":46}},"45":{"start":{"line":129,"column":10},"end":{"line":129,"column":57}},"46":{"start":{"line":132,"column":4},"end":{"line":132,"column":51}},"47":{"start":{"line":137,"column":16},"end":{"line":137,"column":43}},"48":{"start":{"line":140,"column":13},"end":{"line":140,"column":15}},"49":{"start":{"line":142,"column":13},"end":{"line":150,"column":3}},"50":{"start":{"line":144,"column":6},"end":{"line":149,"column":7}},"51":{"start":{"line":147,"column":10},"end":{"line":148,"column":39}},"52":{"start":{"line":151,"column":11},"end":{"line":151,"column":13}},"53":{"start":{"line":152,"column":2},"end":{"line":161,"column":5}},"54":{"start":{"line":153,"column":4},"end":{"line":160,"column":7}},"55":{"start":{"line":154,"column":6},"end":{"line":159,"column":7}},"56":{"start":{"line":156,"column":34},"end":{"line":156,"column":58}},"57":{"start":{"line":158,"column":8},"end":{"line":158,"column":48}},"58":{"start":{"line":162,"column":2},"end":{"line":165,"column":4}},"59":{"start":{"line":164,"column":6},"end":{"line":164,"column":78}},"60":{"start":{"line":164,"column":38},"end":{"line":164,"column":77}},"61":{"start":{"line":166,"column":30},"end":{"line":166,"column":61}},"62":{"start":{"line":168,"column":2},"end":{"line":168,"column":31}},"63":{"start":{"line":171,"column":0},"end":{"line":171,"column":54}}},"fnMap":{"0":{"name":"databaseQualification","decl":{"start":{"line":5,"column":15},"end":{"line":5,"column":36}},"loc":{"start":{"line":5,"column":59},"end":{"line":169,"column":1}},"line":5},"1":{"name":"removeDuplicates","decl":{"start":{"line":25,"column":11},"end":{"line":25,"column":27}},"loc":{"start":{"line":25,"column":49},"end":{"line":37,"column":3}},"line":25},"2":{"name":"(anonymous_2)","decl":{"start":{"line":38,"column":27},"end":{"line":38,"column":28}},"loc":{"start":{"line":38,"column":36},"end":{"line":55,"column":3}},"line":38},"3":{"name":"(anonymous_3)","decl":{"start":{"line":39,"column":33},"end":{"line":39,"column":34}},"loc":{"start":{"line":39,"column":42},"end":{"line":54,"column":5}},"line":39},"4":{"name":"(anonymous_4)","decl":{"start":{"line":43,"column":10},"end":{"line":43,"column":11}},"loc":{"start":{"line":44,"column":12},"end":{"line":46,"column":34}},"line":44},"5":{"name":"(anonymous_5)","decl":{"start":{"line":60,"column":31},"end":{"line":60,"column":32}},"loc":{"start":{"line":60,"column":47},"end":{"line":133,"column":3}},"line":60},"6":{"name":"(anonymous_6)","decl":{"start":{"line":62,"column":6},"end":{"line":62,"column":7}},"loc":{"start":{"line":63,"column":8},"end":{"line":64,"column":48}},"line":63},"7":{"name":"(anonymous_7)","decl":{"start":{"line":68,"column":6},"end":{"line":68,"column":7}},"loc":{"start":{"line":69,"column":8},"end":{"line":71,"column":38}},"line":69},"8":{"name":"(anonymous_8)","decl":{"start":{"line":85,"column":12},"end":{"line":85,"column":13}},"loc":{"start":{"line":85,"column":31},"end":{"line":131,"column":7}},"line":85},"9":{"name":"(anonymous_9)","decl":{"start":{"line":143,"column":4},"end":{"line":143,"column":5}},"loc":{"start":{"line":144,"column":6},"end":{"line":149,"column":7}},"line":144},"10":{"name":"(anonymous_10)","decl":{"start":{"line":146,"column":8},"end":{"line":146,"column":9}},"loc":{"start":{"line":147,"column":10},"end":{"line":148,"column":39}},"line":147},"11":{"name":"(anonymous_11)","decl":{"start":{"line":152,"column":11},"end":{"line":152,"column":12}},"loc":{"start":{"line":152,"column":22},"end":{"line":161,"column":3}},"line":152},"12":{"name":"(anonymous_12)","decl":{"start":{"line":153,"column":13},"end":{"line":153,"column":14}},"loc":{"start":{"line":153,"column":23},"end":{"line":160,"column":5}},"line":153},"13":{"name":"(anonymous_13)","decl":{"start":{"line":156,"column":26},"end":{"line":156,"column":27}},"loc":{"start":{"line":156,"column":34},"end":{"line":156,"column":58}},"line":156},"14":{"name":"(anonymous_14)","decl":{"start":{"line":163,"column":4},"end":{"line":163,"column":5}},"loc":{"start":{"line":164,"column":6},"end":{"line":164,"column":78}},"line":164},"15":{"name":"(anonymous_15)","decl":{"start":{"line":164,"column":31},"end":{"line":164,"column":32}},"loc":{"start":{"line":164,"column":38},"end":{"line":164,"column":77}},"line":164}},"branchMap":{"0":{"loc":{"start":{"line":41,"column":6},"end":{"line":53,"column":7}},"type":"if","locations":[{"start":{"line":41,"column":6},"end":{"line":53,"column":7}},{"start":{"line":41,"column":6},"end":{"line":53,"column":7}}],"line":41},"1":{"loc":{"start":{"line":41,"column":10},"end":{"line":41,"column":74}},"type":"binary-expr","locations":[{"start":{"line":41,"column":10},"end":{"line":41,"column":48}},{"start":{"line":41,"column":52},"end":{"line":41,"column":74}}],"line":41},"2":{"loc":{"start":{"line":44,"column":12},"end":{"line":46,"column":34}},"type":"binary-expr","locations":[{"start":{"line":44,"column":12},"end":{"line":44,"column":43}},{"start":{"line":45,"column":12},"end":{"line":45,"column":51}},{"start":{"line":46,"column":12},"end":{"line":46,"column":34}}],"line":44},"3":{"loc":{"start":{"line":48,"column":8},"end":{"line":52,"column":9}},"type":"if","locations":[{"start":{"line":48,"column":8},"end":{"line":52,"column":9}},{"start":{"line":48,"column":8},"end":{"line":52,"column":9}}],"line":48},"4":{"loc":{"start":{"line":63,"column":8},"end":{"line":64,"column":48}},"type":"binary-expr","locations":[{"start":{"line":63,"column":8},"end":{"line":63,"column":39}},{"start":{"line":64,"column":8},"end":{"line":64,"column":48}}],"line":63},"5":{"loc":{"start":{"line":69,"column":8},"end":{"line":71,"column":38}},"type":"binary-expr","locations":[{"start":{"line":69,"column":8},"end":{"line":69,"column":39}},{"start":{"line":70,"column":8},"end":{"line":70,"column":48}},{"start":{"line":71,"column":8},"end":{"line":71,"column":38}}],"line":69},"6":{"loc":{"start":{"line":87,"column":8},"end":{"line":130,"column":9}},"type":"if","locations":[{"start":{"line":87,"column":8},"end":{"line":130,"column":9}},{"start":{"line":87,"column":8},"end":{"line":130,"column":9}}],"line":87},"7":{"loc":{"start":{"line":89,"column":10},"end":{"line":97,"column":11}},"type":"if","locations":[{"start":{"line":89,"column":10},"end":{"line":97,"column":11}},{"start":{"line":89,"column":10},"end":{"line":97,"column":11}}],"line":89},"8":{"loc":{"start":{"line":92,"column":17},"end":{"line":97,"column":11}},"type":"if","locations":[{"start":{"line":92,"column":17},"end":{"line":97,"column":11}},{"start":{"line":92,"column":17},"end":{"line":97,"column":11}}],"line":92},"9":{"loc":{"start":{"line":95,"column":17},"end":{"line":97,"column":11}},"type":"if","locations":[{"start":{"line":95,"column":17},"end":{"line":97,"column":11}},{"start":{"line":95,"column":17},"end":{"line":97,"column":11}}],"line":95},"10":{"loc":{"start":{"line":147,"column":10},"end":{"line":148,"column":39}},"type":"binary-expr","locations":[{"start":{"line":147,"column":10},"end":{"line":147,"column":49}},{"start":{"line":148,"column":10},"end":{"line":148,"column":39}}],"line":147},"11":{"loc":{"start":{"line":154,"column":6},"end":{"line":159,"column":7}},"type":"if","locations":[{"start":{"line":154,"column":6},"end":{"line":159,"column":7}},{"start":{"line":154,"column":6},"end":{"line":159,"column":7}}],"line":154},"12":{"loc":{"start":{"line":155,"column":8},"end":{"line":156,"column":59}},"type":"binary-expr","locations":[{"start":{"line":155,"column":8},"end":{"line":155,"column":49}},{"start":{"line":156,"column":8},"end":{"line":156,"column":59}}],"line":155}},"s":{"0":0,"1":0,"2":0,"3":0,"4":0,"5":0,"6":0,"7":0,"8":0,"9":0,"10":0,"11":0,"12":0,"13":0,"14":0,"15":0,"16":0,"17":0,"18":0,"19":0,"20":0,"21":0,"22":0,"23":0,"24":0,"25":0,"26":0,"27":0,"28":0,"29":0,"30":0,"31":0,"32":0,"33":0,"34":0,"35":0,"36":0,"37":0,"38":0,"39":0,"40":0,"41":0,"42":0,"43":0,"44":0,"45":0,"46":0,"47":0,"48":0,"49":0,"50":0,"51":0,"52":0,"53":0,"54":0,"55":0,"56":0,"57":0,"58":0,"59":0,"60":0,"61":0,"62":0,"63":0},"f":{"0":0,"1":0,"2":0,"3":0,"4":0,"5":0,"6":0,"7":0,"8":0,"9":0,"10":0,"11":0,"12":0,"13":0,"14":0,"15":0},"b":{"0":[0,0],"1":[0,0],"2":[0,0,0],"3":[0,0],"4":[0,0],"5":[0,0,0],"6":[0,0],"7":[0,0],"8":[0,0],"9":[0,0],"10":[0,0],"11":[0,0],"12":[0,0]},"all":true},"/home/youssri/leadminer/backend/app/utils/logger.js":{"path":"/home/youssri/leadminer/backend/app/utils/logger.js","statementMap":{"0":{"start":{"line":1,"column":45},"end":{"line":1,"column":63}},"1":{"start":{"line":2,"column":17},"end":{"line":5,"column":1}},"2":{"start":{"line":3,"column":16},"end":{"line":3,"column":49}},"3":{"start":{"line":4,"column":2},"end":{"line":4,"column":21}},"4":{"start":{"line":7,"column":0},"end":{"line":40,"column":2}},"5":{"start":{"line":8,"column":2},"end":{"line":39,"column":5}},"6":{"start":{"line":18,"column":14},"end":{"line":20,"column":16}},"7":{"start":{"line":32,"column":14},"end":{"line":34,"column":18}}},"fnMap":{"0":{"name":"(anonymous_0)","decl":{"start":{"line":2,"column":17},"end":{"line":2,"column":18}},"loc":{"start":{"line":2,"column":42},"end":{"line":5,"column":1}},"line":2},"1":{"name":"(anonymous_1)","decl":{"start":{"line":7,"column":17},"end":{"line":7,"column":18}},"loc":{"start":{"line":7,"column":42},"end":{"line":40,"column":1}},"line":7},"2":{"name":"(anonymous_2)","decl":{"start":{"line":17,"column":12},"end":{"line":17,"column":13}},"loc":{"start":{"line":18,"column":14},"end":{"line":20,"column":16}},"line":18},"3":{"name":"(anonymous_3)","decl":{"start":{"line":31,"column":12},"end":{"line":31,"column":13}},"loc":{"start":{"line":32,"column":14},"end":{"line":34,"column":18}},"line":32}},"branchMap":{},"s":{"0":0,"1":0,"2":0,"3":0,"4":0,"5":0,"6":0,"7":0},"f":{"0":0,"1":0,"2":0,"3":0},"b":{},"all":true},"/home/youssri/leadminer/backend/app/utils/regexp.js":{"path":"/home/youssri/leadminer/backend/app/utils/regexp.js","statementMap":{"0":{"start":{"line":2,"column":14},"end":{"line":4,"column":1}},"1":{"start":{"line":7,"column":19},"end":{"line":9,"column":1}},"2":{"start":{"line":10,"column":9},"end":{"line":10,"column":22}},"3":{"start":{"line":12,"column":24},"end":{"line":12,"column":44}},"4":{"start":{"line":13,"column":15},"end":{"line":13,"column":42}},"5":{"start":{"line":14,"column":15},"end":{"line":14,"column":35}},"6":{"start":{"line":15,"column":24},"end":{"line":15,"column":54}},"7":{"start":{"line":16,"column":26},"end":{"line":16,"column":58}},"8":{"start":{"line":17,"column":12},"end":{"line":17,"column":26}},"9":{"start":{"line":18,"column":20},"end":{"line":18,"column":32}},"10":{"start":{"line":24,"column":2},"end":{"line":40,"column":5}},"11":{"start":{"line":25,"column":4},"end":{"line":39,"column":5}},"12":{"start":{"line":26,"column":19},"end":{"line":26,"column":52}},"13":{"start":{"line":27,"column":6},"end":{"line":38,"column":7}},"14":{"start":{"line":31,"column":8},"end":{"line":31,"column":28}},"15":{"start":{"line":32,"column":8},"end":{"line":32,"column":45}},"16":{"start":{"line":33,"column":13},"end":{"line":38,"column":7}},"17":{"start":{"line":37,"column":8},"end":{"line":37,"column":47}},"18":{"start":{"line":41,"column":2},"end":{"line":55,"column":5}},"19":{"start":{"line":42,"column":4},"end":{"line":54,"column":5}},"20":{"start":{"line":43,"column":6},"end":{"line":43,"column":16}},"21":{"start":{"line":45,"column":17},"end":{"line":45,"column":48}},"22":{"start":{"line":46,"column":6},"end":{"line":46,"column":35}},"23":{"start":{"line":47,"column":6},"end":{"line":53,"column":9}},"24":{"start":{"line":48,"column":8},"end":{"line":52,"column":9}},"25":{"start":{"line":49,"column":10},"end":{"line":49,"column":27}},"26":{"start":{"line":51,"column":10},"end":{"line":51,"column":30}},"27":{"start":{"line":56,"column":2},"end":{"line":69,"column":5}},"28":{"start":{"line":57,"column":4},"end":{"line":68,"column":5}},"29":{"start":{"line":58,"column":6},"end":{"line":58,"column":16}},"30":{"start":{"line":60,"column":17},"end":{"line":60,"column":50}},"31":{"start":{"line":61,"column":6},"end":{"line":67,"column":9}},"32":{"start":{"line":62,"column":8},"end":{"line":66,"column":9}},"33":{"start":{"line":63,"column":10},"end":{"line":63,"column":27}},"34":{"start":{"line":65,"column":10},"end":{"line":65,"column":30}},"35":{"start":{"line":77,"column":18},"end":{"line":95,"column":4}},"36":{"start":{"line":79,"column":22},"end":{"line":79,"column":24}},"37":{"start":{"line":80,"column":21},"end":{"line":80,"column":43}},"38":{"start":{"line":81,"column":4},"end":{"line":83,"column":7}},"39":{"start":{"line":82,"column":6},"end":{"line":82,"column":47}},"40":{"start":{"line":84,"column":4},"end":{"line":84,"column":42}},"41":{"start":{"line":85,"column":4},"end":{"line":91,"column":7}},"42":{"start":{"line":86,"column":20},"end":{"line":86,"column":36}},"43":{"start":{"line":87,"column":6},"end":{"line":89,"column":7}},"44":{"start":{"line":88,"column":8},"end":{"line":88,"column":20}},"45":{"start":{"line":90,"column":6},"end":{"line":90,"column":26}},"46":{"start":{"line":94,"column":4},"end":{"line":94,"column":28}},"47":{"start":{"line":96,"column":17},"end":{"line":96,"column":30}},"48":{"start":{"line":97,"column":2},"end":{"line":97,"column":16}},"49":{"start":{"line":106,"column":17},"end":{"line":176,"column":4}},"50":{"start":{"line":107,"column":4},"end":{"line":107,"column":24}},"51":{"start":{"line":108,"column":4},"end":{"line":175,"column":5}},"52":{"start":{"line":109,"column":19},"end":{"line":109,"column":52}},"53":{"start":{"line":110,"column":6},"end":{"line":172,"column":7}},"54":{"start":{"line":111,"column":8},"end":{"line":111,"column":27}},"55":{"start":{"line":113,"column":8},"end":{"line":171,"column":11}},"56":{"start":{"line":114,"column":10},"end":{"line":170,"column":11}},"57":{"start":{"line":115,"column":12},"end":{"line":115,"column":40}},"58":{"start":{"line":118,"column":12},"end":{"line":118,"column":27}},"59":{"start":{"line":119,"column":17},"end":{"line":170,"column":11}},"60":{"start":{"line":120,"column":12},"end":{"line":120,"column":42}},"61":{"start":{"line":121,"column":12},"end":{"line":121,"column":27}},"62":{"start":{"line":136,"column":12},"end":{"line":153,"column":15}},"63":{"start":{"line":137,"column":14},"end":{"line":142,"column":15}},"64":{"start":{"line":140,"column":16},"end":{"line":140,"column":49}},"65":{"start":{"line":141,"column":16},"end":{"line":141,"column":31}},"66":{"start":{"line":143,"column":14},"end":{"line":152,"column":15}},"67":{"start":{"line":144,"column":16},"end":{"line":144,"column":47}},"68":{"start":{"line":147,"column":16},"end":{"line":147,"column":31}},"69":{"start":{"line":150,"column":16},"end":{"line":150,"column":49}},"70":{"start":{"line":151,"column":16},"end":{"line":151,"column":31}},"71":{"start":{"line":174,"column":6},"end":{"line":174,"column":19}},"72":{"start":{"line":177,"column":2},"end":{"line":177,"column":30}},"73":{"start":{"line":178,"column":2},"end":{"line":178,"column":31}},"74":{"start":{"line":187,"column":18},"end":{"line":200,"column":4}},"75":{"start":{"line":188,"column":19},"end":{"line":188,"column":24}},"76":{"start":{"line":189,"column":19},"end":{"line":189,"column":21}},"77":{"start":{"line":190,"column":12},"end":{"line":190,"column":36}},"78":{"start":{"line":191,"column":4},"end":{"line":196,"column":5}},"79":{"start":{"line":192,"column":16},"end":{"line":192,"column":40}},"80":{"start":{"line":193,"column":6},"end":{"line":193,"column":20}},"81":{"start":{"line":194,"column":6},"end":{"line":194,"column":10}},"82":{"start":{"line":195,"column":6},"end":{"line":195,"column":21}},"83":{"start":{"line":197,"column":18},"end":{"line":197,"column":20}},"84":{"start":{"line":198,"column":4},"end":{"line":198,"column":66}},"85":{"start":{"line":198,"column":38},"end":{"line":198,"column":60}},"86":{"start":{"line":199,"column":4},"end":{"line":199,"column":19}},"87":{"start":{"line":201,"column":17},"end":{"line":201,"column":30}},"88":{"start":{"line":202,"column":2},"end":{"line":202,"column":16}},"89":{"start":{"line":212,"column":2},"end":{"line":212,"column":20}},"90":{"start":{"line":213,"column":17},"end":{"line":213,"column":19}},"91":{"start":{"line":214,"column":2},"end":{"line":221,"column":3}},"92":{"start":{"line":215,"column":4},"end":{"line":217,"column":5}},"93":{"start":{"line":216,"column":6},"end":{"line":216,"column":18}},"94":{"start":{"line":218,"column":4},"end":{"line":220,"column":5}},"95":{"start":{"line":219,"column":6},"end":{"line":219,"column":77}},"96":{"start":{"line":222,"column":2},"end":{"line":222,"column":44}},"97":{"start":{"line":236,"column":23},"end":{"line":236,"column":25}},"98":{"start":{"line":237,"column":15},"end":{"line":237,"column":17}},"99":{"start":{"line":238,"column":15},"end":{"line":238,"column":35}},"100":{"start":{"line":239,"column":2},"end":{"line":252,"column":5}},"101":{"start":{"line":240,"column":4},"end":{"line":250,"column":5}},"102":{"start":{"line":241,"column":23},"end":{"line":241,"column":57}},"103":{"start":{"line":242,"column":6},"end":{"line":245,"column":8}},"104":{"start":{"line":247,"column":6},"end":{"line":249,"column":8}},"105":{"start":{"line":251,"column":4},"end":{"line":251,"column":30}},"106":{"start":{"line":253,"column":2},"end":{"line":253,"column":22}},"107":{"start":{"line":260,"column":23},"end":{"line":267,"column":4}},"108":{"start":{"line":261,"column":19},"end":{"line":261,"column":45}},"109":{"start":{"line":262,"column":4},"end":{"line":265,"column":25}},"110":{"start":{"line":266,"column":4},"end":{"line":266,"column":17}},"111":{"start":{"line":268,"column":2},"end":{"line":268,"column":32}},"112":{"start":{"line":269,"column":2},"end":{"line":269,"column":24}},"113":{"start":{"line":272,"column":0},"end":{"line":272,"column":34}},"114":{"start":{"line":273,"column":0},"end":{"line":273,"column":42}},"115":{"start":{"line":274,"column":0},"end":{"line":274,"column":50}},"116":{"start":{"line":275,"column":0},"end":{"line":275,"column":34}},"117":{"start":{"line":276,"column":0},"end":{"line":276,"column":26}},"118":{"start":{"line":277,"column":0},"end":{"line":277,"column":66}},"119":{"start":{"line":278,"column":0},"end":{"line":278,"column":34}}},"fnMap":{"0":{"name":"addDomainsToValidAndInvalid","decl":{"start":{"line":23,"column":15},"end":{"line":23,"column":42}},"loc":{"start":{"line":23,"column":51},"end":{"line":70,"column":1}},"line":23},"1":{"name":"(anonymous_1)","decl":{"start":{"line":24,"column":17},"end":{"line":24,"column":18}},"loc":{"start":{"line":24,"column":28},"end":{"line":40,"column":3}},"line":24},"2":{"name":"(anonymous_2)","decl":{"start":{"line":41,"column":56},"end":{"line":41,"column":57}},"loc":{"start":{"line":41,"column":71},"end":{"line":55,"column":3}},"line":41},"3":{"name":"(anonymous_3)","decl":{"start":{"line":47,"column":59},"end":{"line":47,"column":60}},"loc":{"start":{"line":47,"column":68},"end":{"line":53,"column":7}},"line":47},"4":{"name":"(anonymous_4)","decl":{"start":{"line":56,"column":58},"end":{"line":56,"column":59}},"loc":{"start":{"line":56,"column":73},"end":{"line":69,"column":3}},"line":56},"5":{"name":"(anonymous_5)","decl":{"start":{"line":61,"column":61},"end":{"line":61,"column":62}},"loc":{"start":{"line":61,"column":70},"end":{"line":67,"column":7}},"line":61},"6":{"name":"matchRegexp","decl":{"start":{"line":76,"column":15},"end":{"line":76,"column":26}},"loc":{"start":{"line":76,"column":37},"end":{"line":98,"column":1}},"line":76},"7":{"name":"(anonymous_7)","decl":{"start":{"line":77,"column":30},"end":{"line":77,"column":31}},"loc":{"start":{"line":77,"column":51},"end":{"line":95,"column":3}},"line":77},"8":{"name":"(anonymous_8)","decl":{"start":{"line":81,"column":17},"end":{"line":81,"column":18}},"loc":{"start":{"line":81,"column":27},"end":{"line":83,"column":5}},"line":81},"9":{"name":"(anonymous_9)","decl":{"start":{"line":85,"column":37},"end":{"line":85,"column":38}},"loc":{"start":{"line":85,"column":47},"end":{"line":91,"column":5}},"line":85},"10":{"name":"checkDomainType","decl":{"start":{"line":105,"column":15},"end":{"line":105,"column":30}},"loc":{"start":{"line":105,"column":37},"end":{"line":179,"column":1}},"line":105},"11":{"name":"(anonymous_11)","decl":{"start":{"line":106,"column":26},"end":{"line":106,"column":27}},"loc":{"start":{"line":106,"column":43},"end":{"line":176,"column":3}},"line":106},"12":{"name":"(anonymous_12)","decl":{"start":{"line":113,"column":27},"end":{"line":113,"column":28}},"loc":{"start":{"line":113,"column":48},"end":{"line":171,"column":9}},"line":113},"13":{"name":"(anonymous_13)","decl":{"start":{"line":136,"column":34},"end":{"line":136,"column":35}},"loc":{"start":{"line":136,"column":56},"end":{"line":153,"column":13}},"line":136},"14":{"name":"EqualPartsForSocket","decl":{"start":{"line":186,"column":15},"end":{"line":186,"column":34}},"loc":{"start":{"line":186,"column":42},"end":{"line":203,"column":1}},"line":186},"15":{"name":"(anonymous_15)","decl":{"start":{"line":187,"column":30},"end":{"line":187,"column":31}},"loc":{"start":{"line":187,"column":51},"end":{"line":200,"column":3}},"line":187},"16":{"name":"(anonymous_16)","decl":{"start":{"line":198,"column":18},"end":{"line":198,"column":19}},"loc":{"start":{"line":198,"column":38},"end":{"line":198,"column":60}},"line":198},"17":{"name":"getPath","decl":{"start":{"line":211,"column":9},"end":{"line":211,"column":16}},"loc":{"start":{"line":211,"column":33},"end":{"line":223,"column":1}},"line":211},"18":{"name":"getBoxesAll","decl":{"start":{"line":235,"column":9},"end":{"line":235,"column":20}},"loc":{"start":{"line":235,"column":30},"end":{"line":254,"column":1}},"line":235},"19":{"name":"(anonymous_19)","decl":{"start":{"line":239,"column":15},"end":{"line":239,"column":16}},"loc":{"start":{"line":239,"column":24},"end":{"line":252,"column":3}},"line":239},"20":{"name":"detectRegEx","decl":{"start":{"line":256,"column":15},"end":{"line":256,"column":26}},"loc":{"start":{"line":256,"column":33},"end":{"line":270,"column":1}},"line":256},"21":{"name":"(anonymous_21)","decl":{"start":{"line":260,"column":32},"end":{"line":260,"column":33}},"loc":{"start":{"line":260,"column":43},"end":{"line":267,"column":3}},"line":260}},"branchMap":{"0":{"loc":{"start":{"line":25,"column":4},"end":{"line":39,"column":5}},"type":"if","locations":[{"start":{"line":25,"column":4},"end":{"line":39,"column":5}},{"start":{"line":25,"column":4},"end":{"line":39,"column":5}}],"line":25},"1":{"loc":{"start":{"line":27,"column":6},"end":{"line":38,"column":7}},"type":"if","locations":[{"start":{"line":27,"column":6},"end":{"line":38,"column":7}},{"start":{"line":27,"column":6},"end":{"line":38,"column":7}}],"line":27},"2":{"loc":{"start":{"line":28,"column":8},"end":{"line":29,"column":36}},"type":"binary-expr","locations":[{"start":{"line":28,"column":8},"end":{"line":28,"column":49}},{"start":{"line":29,"column":8},"end":{"line":29,"column":36}}],"line":28},"3":{"loc":{"start":{"line":33,"column":13},"end":{"line":38,"column":7}},"type":"if","locations":[{"start":{"line":33,"column":13},"end":{"line":38,"column":7}},{"start":{"line":33,"column":13},"end":{"line":38,"column":7}}],"line":33},"4":{"loc":{"start":{"line":34,"column":8},"end":{"line":35,"column":38}},"type":"binary-expr","locations":[{"start":{"line":34,"column":8},"end":{"line":34,"column":51}},{"start":{"line":35,"column":8},"end":{"line":35,"column":38}}],"line":34},"5":{"loc":{"start":{"line":42,"column":4},"end":{"line":54,"column":5}},"type":"if","locations":[{"start":{"line":42,"column":4},"end":{"line":54,"column":5}},{"start":{"line":42,"column":4},"end":{"line":54,"column":5}}],"line":42},"6":{"loc":{"start":{"line":48,"column":8},"end":{"line":52,"column":9}},"type":"if","locations":[{"start":{"line":48,"column":8},"end":{"line":52,"column":9}},{"start":{"line":48,"column":8},"end":{"line":52,"column":9}}],"line":48},"7":{"loc":{"start":{"line":57,"column":4},"end":{"line":68,"column":5}},"type":"if","locations":[{"start":{"line":57,"column":4},"end":{"line":68,"column":5}},{"start":{"line":57,"column":4},"end":{"line":68,"column":5}}],"line":57},"8":{"loc":{"start":{"line":62,"column":8},"end":{"line":66,"column":9}},"type":"if","locations":[{"start":{"line":62,"column":8},"end":{"line":66,"column":9}},{"start":{"line":62,"column":8},"end":{"line":66,"column":9}}],"line":62},"9":{"loc":{"start":{"line":87,"column":6},"end":{"line":89,"column":7}},"type":"if","locations":[{"start":{"line":87,"column":6},"end":{"line":89,"column":7}},{"start":{"line":87,"column":6},"end":{"line":89,"column":7}}],"line":87},"10":{"loc":{"start":{"line":87,"column":10},"end":{"line":87,"column":47}},"type":"binary-expr","locations":[{"start":{"line":87,"column":10},"end":{"line":87,"column":23}},{"start":{"line":87,"column":27},"end":{"line":87,"column":47}}],"line":87},"11":{"loc":{"start":{"line":108,"column":4},"end":{"line":175,"column":5}},"type":"if","locations":[{"start":{"line":108,"column":4},"end":{"line":175,"column":5}},{"start":{"line":108,"column":4},"end":{"line":175,"column":5}}],"line":108},"12":{"loc":{"start":{"line":108,"column":8},"end":{"line":108,"column":72}},"type":"binary-expr","locations":[{"start":{"line":108,"column":8},"end":{"line":108,"column":27}},{"start":{"line":108,"column":31},"end":{"line":108,"column":72}}],"line":108},"13":{"loc":{"start":{"line":110,"column":6},"end":{"line":172,"column":7}},"type":"if","locations":[{"start":{"line":110,"column":6},"end":{"line":172,"column":7}},{"start":{"line":110,"column":6},"end":{"line":172,"column":7}}],"line":110},"14":{"loc":{"start":{"line":114,"column":10},"end":{"line":170,"column":11}},"type":"if","locations":[{"start":{"line":114,"column":10},"end":{"line":170,"column":11}},{"start":{"line":114,"column":10},"end":{"line":170,"column":11}}],"line":114},"15":{"loc":{"start":{"line":119,"column":17},"end":{"line":170,"column":11}},"type":"if","locations":[{"start":{"line":119,"column":17},"end":{"line":170,"column":11}},{"start":{"line":119,"column":17},"end":{"line":170,"column":11}}],"line":119},"16":{"loc":{"start":{"line":137,"column":14},"end":{"line":142,"column":15}},"type":"if","locations":[{"start":{"line":137,"column":14},"end":{"line":142,"column":15}},{"start":{"line":137,"column":14},"end":{"line":142,"column":15}}],"line":137},"17":{"loc":{"start":{"line":143,"column":14},"end":{"line":152,"column":15}},"type":"if","locations":[{"start":{"line":143,"column":14},"end":{"line":152,"column":15}},{"start":{"line":143,"column":14},"end":{"line":152,"column":15}}],"line":143},"18":{"loc":{"start":{"line":190,"column":12},"end":{"line":190,"column":36}},"type":"cond-expr","locations":[{"start":{"line":190,"column":30},"end":{"line":190,"column":32}},{"start":{"line":190,"column":35},"end":{"line":190,"column":36}}],"line":190},"19":{"loc":{"start":{"line":191,"column":11},"end":{"line":191,"column":32}},"type":"binary-expr","locations":[{"start":{"line":191,"column":11},"end":{"line":191,"column":23}},{"start":{"line":191,"column":27},"end":{"line":191,"column":32}}],"line":191},"20":{"loc":{"start":{"line":212,"column":9},"end":{"line":212,"column":19}},"type":"binary-expr","locations":[{"start":{"line":212,"column":9},"end":{"line":212,"column":13}},{"start":{"line":212,"column":17},"end":{"line":212,"column":19}}],"line":212},"21":{"loc":{"start":{"line":215,"column":4},"end":{"line":217,"column":5}},"type":"if","locations":[{"start":{"line":215,"column":4},"end":{"line":217,"column":5}},{"start":{"line":215,"column":4},"end":{"line":217,"column":5}}],"line":215},"22":{"loc":{"start":{"line":218,"column":4},"end":{"line":220,"column":5}},"type":"if","locations":[{"start":{"line":218,"column":4},"end":{"line":220,"column":5}},{"start":{"line":218,"column":4},"end":{"line":220,"column":5}}],"line":218},"23":{"loc":{"start":{"line":219,"column":17},"end":{"line":219,"column":76}},"type":"binary-expr","locations":[{"start":{"line":219,"column":17},"end":{"line":219,"column":64}},{"start":{"line":219,"column":68},"end":{"line":219,"column":76}}],"line":219},"24":{"loc":{"start":{"line":240,"column":4},"end":{"line":250,"column":5}},"type":"if","locations":[{"start":{"line":240,"column":4},"end":{"line":250,"column":5}},{"start":{"line":240,"column":4},"end":{"line":250,"column":5}}],"line":240},"25":{"loc":{"start":{"line":263,"column":6},"end":{"line":265,"column":24}},"type":"cond-expr","locations":[{"start":{"line":264,"column":10},"end":{"line":264,"column":53}},{"start":{"line":265,"column":10},"end":{"line":265,"column":24}}],"line":263}},"s":{"0":0,"1":0,"2":0,"3":0,"4":0,"5":0,"6":0,"7":0,"8":0,"9":0,"10":0,"11":0,"12":0,"13":0,"14":0,"15":0,"16":0,"17":0,"18":0,"19":0,"20":0,"21":0,"22":0,"23":0,"24":0,"25":0,"26":0,"27":0,"28":0,"29":0,"30":0,"31":0,"32":0,"33":0,"34":0,"35":0,"36":0,"37":0,"38":0,"39":0,"40":0,"41":0,"42":0,"43":0,"44":0,"45":0,"46":0,"47":0,"48":0,"49":0,"50":0,"51":0,"52":0,"53":0,"54":0,"55":0,"56":0,"57":0,"58":0,"59":0,"60":0,"61":0,"62":0,"63":0,"64":0,"65":0,"66":0,"67":0,"68":0,"69":0,"70":0,"71":0,"72":0,"73":0,"74":0,"75":0,"76":0,"77":0,"78":0,"79":0,"80":0,"81":0,"82":0,"83":0,"84":0,"85":0,"86":0,"87":0,"88":0,"89":0,"90":0,"91":0,"92":0,"93":0,"94":0,"95":0,"96":0,"97":0,"98":0,"99":0,"100":0,"101":0,"102":0,"103":0,"104":0,"105":0,"106":0,"107":0,"108":0,"109":0,"110":0,"111":0,"112":0,"113":0,"114":0,"115":0,"116":0,"117":0,"118":0,"119":0},"f":{"0":0,"1":0,"2":0,"3":0,"4":0,"5":0,"6":0,"7":0,"8":0,"9":0,"10":0,"11":0,"12":0,"13":0,"14":0,"15":0,"16":0,"17":0,"18":0,"19":0,"20":0,"21":0},"b":{"0":[0,0],"1":[0,0],"2":[0,0],"3":[0,0],"4":[0,0],"5":[0,0],"6":[0,0],"7":[0,0],"8":[0,0],"9":[0,0],"10":[0,0],"11":[0,0],"12":[0,0],"13":[0,0],"14":[0,0],"15":[0,0],"16":[0,0],"17":[0,0],"18":[0,0],"19":[0,0],"20":[0,0],"21":[0,0],"22":[0,0],"23":[0,0],"24":[0,0],"25":[0,0]},"all":true},"/home/youssri/leadminer/backend/coverage/block-navigation.js":{"path":"/home/youssri/leadminer/backend/coverage/block-navigation.js","statementMap":{"0":{"start":{"line":2,"column":17},"end":{"line":86,"column":4}},"1":{"start":{"line":4,"column":33},"end":{"line":4,"column":74}},"2":{"start":{"line":7,"column":30},"end":{"line":7,"column":44}},"3":{"start":{"line":10,"column":22},"end":{"line":10,"column":78}},"4":{"start":{"line":14,"column":8},"end":{"line":17,"column":55}},"5":{"start":{"line":20,"column":34},"end":{"line":20,"column":69}},"6":{"start":{"line":25,"column":8},"end":{"line":27,"column":45}},"7":{"start":{"line":28,"column":8},"end":{"line":28,"column":73}},"8":{"start":{"line":32,"column":8},"end":{"line":32,"column":27}},"9":{"start":{"line":33,"column":8},"end":{"line":33,"column":29}},"10":{"start":{"line":34,"column":8},"end":{"line":38,"column":11}},"11":{"start":{"line":42,"column":24},"end":{"line":42,"column":25}},"12":{"start":{"line":43,"column":8},"end":{"line":47,"column":9}},"13":{"start":{"line":44,"column":12},"end":{"line":44,"column":59}},"14":{"start":{"line":45,"column":15},"end":{"line":47,"column":9}},"15":{"start":{"line":46,"column":12},"end":{"line":46,"column":41}},"16":{"start":{"line":49,"column":8},"end":{"line":49,"column":31}},"17":{"start":{"line":53,"column":24},"end":{"line":53,"column":25}},"18":{"start":{"line":55,"column":8},"end":{"line":60,"column":9}},"19":{"start":{"line":59,"column":12},"end":{"line":59,"column":41}},"20":{"start":{"line":62,"column":8},"end":{"line":62,"column":31}},"21":{"start":{"line":65,"column":4},"end":{"line":85,"column":6}},"22":{"start":{"line":66,"column":8},"end":{"line":72,"column":9}},"23":{"start":{"line":71,"column":12},"end":{"line":71,"column":19}},"24":{"start":{"line":74,"column":8},"end":{"line":84,"column":9}},"25":{"start":{"line":77,"column":16},"end":{"line":77,"column":27}},"26":{"start":{"line":78,"column":16},"end":{"line":78,"column":22}},"27":{"start":{"line":82,"column":16},"end":{"line":82,"column":31}},"28":{"start":{"line":83,"column":16},"end":{"line":83,"column":22}},"29":{"start":{"line":87,"column":0},"end":{"line":87,"column":47}}},"fnMap":{"0":{"name":"init","decl":{"start":{"line":2,"column":27},"end":{"line":2,"column":31}},"loc":{"start":{"line":2,"column":34},"end":{"line":86,"column":1}},"line":2},"1":{"name":"toggleClass","decl":{"start":{"line":24,"column":13},"end":{"line":24,"column":24}},"loc":{"start":{"line":24,"column":32},"end":{"line":29,"column":5}},"line":24},"2":{"name":"makeCurrent","decl":{"start":{"line":31,"column":13},"end":{"line":31,"column":24}},"loc":{"start":{"line":31,"column":32},"end":{"line":39,"column":5}},"line":31},"3":{"name":"goToPrevious","decl":{"start":{"line":41,"column":13},"end":{"line":41,"column":25}},"loc":{"start":{"line":41,"column":28},"end":{"line":50,"column":5}},"line":41},"4":{"name":"goToNext","decl":{"start":{"line":52,"column":13},"end":{"line":52,"column":21}},"loc":{"start":{"line":52,"column":24},"end":{"line":63,"column":5}},"line":52},"5":{"name":"jump","decl":{"start":{"line":65,"column":20},"end":{"line":65,"column":24}},"loc":{"start":{"line":65,"column":32},"end":{"line":85,"column":5}},"line":65}},"branchMap":{"0":{"loc":{"start":{"line":43,"column":8},"end":{"line":47,"column":9}},"type":"if","locations":[{"start":{"line":43,"column":8},"end":{"line":47,"column":9}},{"start":{"line":43,"column":8},"end":{"line":47,"column":9}}],"line":43},"1":{"loc":{"start":{"line":43,"column":12},"end":{"line":43,"column":66}},"type":"binary-expr","locations":[{"start":{"line":43,"column":12},"end":{"line":43,"column":44}},{"start":{"line":43,"column":48},"end":{"line":43,"column":66}}],"line":43},"2":{"loc":{"start":{"line":45,"column":15},"end":{"line":47,"column":9}},"type":"if","locations":[{"start":{"line":45,"column":15},"end":{"line":47,"column":9}},{"start":{"line":45,"column":15},"end":{"line":47,"column":9}}],"line":45},"3":{"loc":{"start":{"line":55,"column":8},"end":{"line":60,"column":9}},"type":"if","locations":[{"start":{"line":55,"column":8},"end":{"line":60,"column":9}},{"start":{"line":55,"column":8},"end":{"line":60,"column":9}}],"line":55},"4":{"loc":{"start":{"line":56,"column":12},"end":{"line":57,"column":61}},"type":"binary-expr","locations":[{"start":{"line":56,"column":12},"end":{"line":56,"column":44}},{"start":{"line":57,"column":12},"end":{"line":57,"column":61}}],"line":56},"5":{"loc":{"start":{"line":66,"column":8},"end":{"line":72,"column":9}},"type":"if","locations":[{"start":{"line":66,"column":8},"end":{"line":72,"column":9}},{"start":{"line":66,"column":8},"end":{"line":72,"column":9}}],"line":66},"6":{"loc":{"start":{"line":67,"column":12},"end":{"line":68,"column":42}},"type":"binary-expr","locations":[{"start":{"line":67,"column":12},"end":{"line":67,"column":76}},{"start":{"line":68,"column":12},"end":{"line":68,"column":42}}],"line":67},"7":{"loc":{"start":{"line":74,"column":8},"end":{"line":84,"column":9}},"type":"switch","locations":[{"start":{"line":75,"column":12},"end":{"line":75,"column":20}},{"start":{"line":76,"column":12},"end":{"line":78,"column":22}},{"start":{"line":79,"column":12},"end":{"line":79,"column":20}},{"start":{"line":80,"column":12},"end":{"line":80,"column":20}},{"start":{"line":81,"column":12},"end":{"line":83,"column":22}}],"line":74}},"s":{"0":0,"1":0,"2":0,"3":0,"4":0,"5":0,"6":0,"7":0,"8":0,"9":0,"10":0,"11":0,"12":0,"13":0,"14":0,"15":0,"16":0,"17":0,"18":0,"19":0,"20":0,"21":0,"22":0,"23":0,"24":0,"25":0,"26":0,"27":0,"28":0,"29":0},"f":{"0":0,"1":0,"2":0,"3":0,"4":0,"5":0},"b":{"0":[0,0],"1":[0,0],"2":[0,0],"3":[0,0],"4":[0,0],"5":[0,0],"6":[0,0],"7":[0,0,0,0,0]},"all":true},"/home/youssri/leadminer/backend/coverage/lcov-report/block-navigation.js":{"path":"/home/youssri/leadminer/backend/coverage/lcov-report/block-navigation.js","statementMap":{"0":{"start":{"line":2,"column":17},"end":{"line":86,"column":4}},"1":{"start":{"line":4,"column":33},"end":{"line":4,"column":74}},"2":{"start":{"line":7,"column":30},"end":{"line":7,"column":44}},"3":{"start":{"line":10,"column":22},"end":{"line":10,"column":78}},"4":{"start":{"line":14,"column":8},"end":{"line":17,"column":55}},"5":{"start":{"line":20,"column":34},"end":{"line":20,"column":69}},"6":{"start":{"line":25,"column":8},"end":{"line":27,"column":45}},"7":{"start":{"line":28,"column":8},"end":{"line":28,"column":73}},"8":{"start":{"line":32,"column":8},"end":{"line":32,"column":27}},"9":{"start":{"line":33,"column":8},"end":{"line":33,"column":29}},"10":{"start":{"line":34,"column":8},"end":{"line":38,"column":11}},"11":{"start":{"line":42,"column":24},"end":{"line":42,"column":25}},"12":{"start":{"line":43,"column":8},"end":{"line":47,"column":9}},"13":{"start":{"line":44,"column":12},"end":{"line":44,"column":59}},"14":{"start":{"line":45,"column":15},"end":{"line":47,"column":9}},"15":{"start":{"line":46,"column":12},"end":{"line":46,"column":41}},"16":{"start":{"line":49,"column":8},"end":{"line":49,"column":31}},"17":{"start":{"line":53,"column":24},"end":{"line":53,"column":25}},"18":{"start":{"line":55,"column":8},"end":{"line":60,"column":9}},"19":{"start":{"line":59,"column":12},"end":{"line":59,"column":41}},"20":{"start":{"line":62,"column":8},"end":{"line":62,"column":31}},"21":{"start":{"line":65,"column":4},"end":{"line":85,"column":6}},"22":{"start":{"line":66,"column":8},"end":{"line":72,"column":9}},"23":{"start":{"line":71,"column":12},"end":{"line":71,"column":19}},"24":{"start":{"line":74,"column":8},"end":{"line":84,"column":9}},"25":{"start":{"line":77,"column":16},"end":{"line":77,"column":27}},"26":{"start":{"line":78,"column":16},"end":{"line":78,"column":22}},"27":{"start":{"line":82,"column":16},"end":{"line":82,"column":31}},"28":{"start":{"line":83,"column":16},"end":{"line":83,"column":22}},"29":{"start":{"line":87,"column":0},"end":{"line":87,"column":47}}},"fnMap":{"0":{"name":"init","decl":{"start":{"line":2,"column":27},"end":{"line":2,"column":31}},"loc":{"start":{"line":2,"column":34},"end":{"line":86,"column":1}},"line":2},"1":{"name":"toggleClass","decl":{"start":{"line":24,"column":13},"end":{"line":24,"column":24}},"loc":{"start":{"line":24,"column":32},"end":{"line":29,"column":5}},"line":24},"2":{"name":"makeCurrent","decl":{"start":{"line":31,"column":13},"end":{"line":31,"column":24}},"loc":{"start":{"line":31,"column":32},"end":{"line":39,"column":5}},"line":31},"3":{"name":"goToPrevious","decl":{"start":{"line":41,"column":13},"end":{"line":41,"column":25}},"loc":{"start":{"line":41,"column":28},"end":{"line":50,"column":5}},"line":41},"4":{"name":"goToNext","decl":{"start":{"line":52,"column":13},"end":{"line":52,"column":21}},"loc":{"start":{"line":52,"column":24},"end":{"line":63,"column":5}},"line":52},"5":{"name":"jump","decl":{"start":{"line":65,"column":20},"end":{"line":65,"column":24}},"loc":{"start":{"line":65,"column":32},"end":{"line":85,"column":5}},"line":65}},"branchMap":{"0":{"loc":{"start":{"line":43,"column":8},"end":{"line":47,"column":9}},"type":"if","locations":[{"start":{"line":43,"column":8},"end":{"line":47,"column":9}},{"start":{"line":43,"column":8},"end":{"line":47,"column":9}}],"line":43},"1":{"loc":{"start":{"line":43,"column":12},"end":{"line":43,"column":66}},"type":"binary-expr","locations":[{"start":{"line":43,"column":12},"end":{"line":43,"column":44}},{"start":{"line":43,"column":48},"end":{"line":43,"column":66}}],"line":43},"2":{"loc":{"start":{"line":45,"column":15},"end":{"line":47,"column":9}},"type":"if","locations":[{"start":{"line":45,"column":15},"end":{"line":47,"column":9}},{"start":{"line":45,"column":15},"end":{"line":47,"column":9}}],"line":45},"3":{"loc":{"start":{"line":55,"column":8},"end":{"line":60,"column":9}},"type":"if","locations":[{"start":{"line":55,"column":8},"end":{"line":60,"column":9}},{"start":{"line":55,"column":8},"end":{"line":60,"column":9}}],"line":55},"4":{"loc":{"start":{"line":56,"column":12},"end":{"line":57,"column":61}},"type":"binary-expr","locations":[{"start":{"line":56,"column":12},"end":{"line":56,"column":44}},{"start":{"line":57,"column":12},"end":{"line":57,"column":61}}],"line":56},"5":{"loc":{"start":{"line":66,"column":8},"end":{"line":72,"column":9}},"type":"if","locations":[{"start":{"line":66,"column":8},"end":{"line":72,"column":9}},{"start":{"line":66,"column":8},"end":{"line":72,"column":9}}],"line":66},"6":{"loc":{"start":{"line":67,"column":12},"end":{"line":68,"column":42}},"type":"binary-expr","locations":[{"start":{"line":67,"column":12},"end":{"line":67,"column":76}},{"start":{"line":68,"column":12},"end":{"line":68,"column":42}}],"line":67},"7":{"loc":{"start":{"line":74,"column":8},"end":{"line":84,"column":9}},"type":"switch","locations":[{"start":{"line":75,"column":12},"end":{"line":75,"column":20}},{"start":{"line":76,"column":12},"end":{"line":78,"column":22}},{"start":{"line":79,"column":12},"end":{"line":79,"column":20}},{"start":{"line":80,"column":12},"end":{"line":80,"column":20}},{"start":{"line":81,"column":12},"end":{"line":83,"column":22}}],"line":74}},"s":{"0":0,"1":0,"2":0,"3":0,"4":0,"5":0,"6":0,"7":0,"8":0,"9":0,"10":0,"11":0,"12":0,"13":0,"14":0,"15":0,"16":0,"17":0,"18":0,"19":0,"20":0,"21":0,"22":0,"23":0,"24":0,"25":0,"26":0,"27":0,"28":0,"29":0},"f":{"0":0,"1":0,"2":0,"3":0,"4":0,"5":0},"b":{"0":[0,0],"1":[0,0],"2":[0,0],"3":[0,0],"4":[0,0],"5":[0,0],"6":[0,0],"7":[0,0,0,0,0]},"all":true},"/home/youssri/leadminer/backend/coverage/lcov-report/prettify.js":{"path":"/home/youssri/leadminer/backend/coverage/lcov-report/prettify.js","statementMap":{"0":{"start":{"line":2,"column":0},"end":{"line":2,"column":39}},"1":{"start":{"line":2,"column":39},"end":{"line":2,"column":15785}},"2":{"start":{"line":2,"column":57},"end":{"line":2,"column":103}},"3":{"start":{"line":2,"column":110},"end":{"line":2,"column":270}},"4":{"start":{"line":2,"column":277},"end":{"line":2,"column":379}},"5":{"start":{"line":2,"column":386},"end":{"line":2,"column":644}},"6":{"start":{"line":2,"column":651},"end":{"line":2,"column":794}},"7":{"start":{"line":2,"column":801},"end":{"line":2,"column":1069}},"8":{"start":{"line":2,"column":1076},"end":{"line":2,"column":1234}},"9":{"start":{"line":2,"column":1241},"end":{"line":2,"column":1321}},"10":{"start":{"line":2,"column":1328},"end":{"line":2,"column":1504}},"11":{"start":{"line":2,"column":1511},"end":{"line":2,"column":1665}},"12":{"start":{"line":2,"column":1672},"end":{"line":2,"column":1844}},"13":{"start":{"line":2,"column":1851},"end":{"line":2,"column":1917}},"14":{"start":{"line":2,"column":1924},"end":{"line":2,"column":1939}},"15":{"start":{"line":2,"column":1946},"end":{"line":2,"column":2058}},"16":{"start":{"line":2,"column":2065},"end":{"line":2,"column":2070}},"17":{"start":{"line":2,"column":2077},"end":{"line":2,"column":2082}},"18":{"start":{"line":2,"column":2089},"end":{"line":2,"column":2094}},"19":{"start":{"line":2,"column":2101},"end":{"line":2,"column":2106}},"20":{"start":{"line":2,"column":2113},"end":{"line":2,"column":2118}},"21":{"start":{"line":2,"column":2125},"end":{"line":2,"column":2130}},"22":{"start":{"line":2,"column":2137},"end":{"line":2,"column":2142}},"23":{"start":{"line":2,"column":2149},"end":{"line":2,"column":2154}},"24":{"start":{"line":2,"column":2161},"end":{"line":2,"column":2166}},"25":{"start":{"line":2,"column":2173},"end":{"line":2,"column":2178}},"26":{"start":{"line":2,"column":2185},"end":{"line":2,"column":2190}},"27":{"start":{"line":2,"column":2197},"end":{"line":2,"column":2202}},"28":{"start":{"line":2,"column":2209},"end":{"line":2,"column":2217}},"29":{"start":{"line":2,"column":2224},"end":{"line":2,"column":2523}},"30":{"start":{"line":2,"column":2545},"end":{"line":2,"column":2546}},"31":{"start":{"line":2,"column":2553},"end":{"line":2,"column":2558}},"32":{"start":{"line":2,"column":2566},"end":{"line":2,"column":2571}},"33":{"start":{"line":2,"column":2572},"end":{"line":2,"column":2754}},"34":{"start":{"line":2,"column":2582},"end":{"line":2,"column":2583}},"35":{"start":{"line":2,"column":2586},"end":{"line":2,"column":2594}},"36":{"start":{"line":2,"column":2611},"end":{"line":2,"column":2615}},"37":{"start":{"line":2,"column":2616},"end":{"line":2,"column":2753}},"38":{"start":{"line":2,"column":2634},"end":{"line":2,"column":2641}},"39":{"start":{"line":2,"column":2647},"end":{"line":2,"column":2752}},"40":{"start":{"line":2,"column":2730},"end":{"line":2,"column":2737}},"41":{"start":{"line":2,"column":2737},"end":{"line":2,"column":2746}},"42":{"start":{"line":2,"column":2746},"end":{"line":2,"column":2751}},"43":{"start":{"line":2,"column":2760},"end":{"line":2,"column":2789}},"44":{"start":{"line":2,"column":2813},"end":{"line":2,"column":2829}},"45":{"start":{"line":2,"column":2830},"end":{"line":2,"column":2852}},"46":{"start":{"line":2,"column":2842},"end":{"line":2,"column":2851}},"47":{"start":{"line":2,"column":2859},"end":{"line":2,"column":2871}},"48":{"start":{"line":2,"column":2872},"end":{"line":2,"column":2881}},"49":{"start":{"line":2,"column":2881},"end":{"line":2,"column":3054}},"50":{"start":{"line":2,"column":2888},"end":{"line":2,"column":2897}},"51":{"start":{"line":2,"column":2903},"end":{"line":2,"column":3053}},"52":{"start":{"line":2,"column":2924},"end":{"line":2,"column":2958}},"53":{"start":{"line":2,"column":2964},"end":{"line":2,"column":3052}},"54":{"start":{"line":2,"column":2987},"end":{"line":2,"column":3022}},"55":{"start":{"line":2,"column":3028},"end":{"line":2,"column":3051}},"56":{"start":{"line":2,"column":3070},"end":{"line":2,"column":3123}},"57":{"start":{"line":2,"column":3080},"end":{"line":2,"column":3122}},"58":{"start":{"line":2,"column":3130},"end":{"line":2,"column":3153}},"59":{"start":{"line":2,"column":3154},"end":{"line":2,"column":3209}},"60":{"start":{"line":2,"column":3198},"end":{"line":2,"column":3208}},"61":{"start":{"line":2,"column":3209},"end":{"line":2,"column":3218}},"62":{"start":{"line":2,"column":3241},"end":{"line":2,"column":3392}},"63":{"start":{"line":2,"column":3400},"end":{"line":2,"column":3402}},"64":{"start":{"line":2,"column":3410},"end":{"line":2,"column":3412}},"65":{"start":{"line":2,"column":3420},"end":{"line":2,"column":3431}},"66":{"start":{"line":2,"column":3432},"end":{"line":2,"column":3796}},"67":{"start":{"line":2,"column":3443},"end":{"line":2,"column":3449}},"68":{"start":{"line":2,"column":3453},"end":{"line":2,"column":3462}},"69":{"start":{"line":2,"column":3482},"end":{"line":2,"column":3488}},"70":{"start":{"line":2,"column":3489},"end":{"line":2,"column":3795}},"71":{"start":{"line":2,"column":3514},"end":{"line":2,"column":3525}},"72":{"start":{"line":2,"column":3538},"end":{"line":2,"column":3544}},"73":{"start":{"line":2,"column":3552},"end":{"line":2,"column":3613}},"74":{"start":{"line":2,"column":3580},"end":{"line":2,"column":3596}},"75":{"start":{"line":2,"column":3596},"end":{"line":2,"column":3601}},"76":{"start":{"line":2,"column":3607},"end":{"line":2,"column":3612}},"77":{"start":{"line":2,"column":3613},"end":{"line":2,"column":3630}},"78":{"start":{"line":2,"column":3630},"end":{"line":2,"column":3794}},"79":{"start":{"line":2,"column":3651},"end":{"line":2,"column":3720}},"80":{"start":{"line":2,"column":3671},"end":{"line":2,"column":3719}},"81":{"start":{"line":2,"column":3720},"end":{"line":2,"column":3793}},"82":{"start":{"line":2,"column":3741},"end":{"line":2,"column":3792}},"83":{"start":{"line":2,"column":3796},"end":{"line":2,"column":3857}},"84":{"start":{"line":2,"column":3820},"end":{"line":2,"column":3854}},"85":{"start":{"line":2,"column":3864},"end":{"line":2,"column":3866}},"86":{"start":{"line":2,"column":3874},"end":{"line":2,"column":3883}},"87":{"start":{"line":2,"column":3884},"end":{"line":2,"column":3998}},"88":{"start":{"line":2,"column":3895},"end":{"line":2,"column":3896}},"89":{"start":{"line":2,"column":3923},"end":{"line":2,"column":3929}},"90":{"start":{"line":2,"column":3930},"end":{"line":2,"column":3997}},"91":{"start":{"line":2,"column":3949},"end":{"line":2,"column":3976}},"92":{"start":{"line":2,"column":3982},"end":{"line":2,"column":3996}},"93":{"start":{"line":2,"column":4005},"end":{"line":2,"column":4010}},"94":{"start":{"line":2,"column":4011},"end":{"line":2,"column":4031}},"95":{"start":{"line":2,"column":4018},"end":{"line":2,"column":4030}},"96":{"start":{"line":2,"column":4031},"end":{"line":2,"column":4052}},"97":{"start":{"line":2,"column":4052},"end":{"line":2,"column":4182}},"98":{"start":{"line":2,"column":4063},"end":{"line":2,"column":4064}},"99":{"start":{"line":2,"column":4091},"end":{"line":2,"column":4097}},"100":{"start":{"line":2,"column":4098},"end":{"line":2,"column":4116}},"101":{"start":{"line":2,"column":4116},"end":{"line":2,"column":4181}},"102":{"start":{"line":2,"column":4132},"end":{"line":2,"column":4163}},"103":{"start":{"line":2,"column":4150},"end":{"line":2,"column":4162}},"104":{"start":{"line":2,"column":4163},"end":{"line":2,"column":4180}},"105":{"start":{"line":2,"column":4182},"end":{"line":2,"column":4195}},"106":{"start":{"line":2,"column":4195},"end":{"line":2,"column":4213}},"107":{"start":{"line":2,"column":4236},"end":{"line":2,"column":4424}},"108":{"start":{"line":2,"column":4432},"end":{"line":2,"column":4441}},"109":{"start":{"line":2,"column":4449},"end":{"line":2,"column":4451}},"110":{"start":{"line":2,"column":4452},"end":{"line":2,"column":4595}},"111":{"start":{"line":2,"column":4463},"end":{"line":2,"column":4464}},"112":{"start":{"line":2,"column":4468},"end":{"line":2,"column":4469}},"113":{"start":{"line":2,"column":4489},"end":{"line":2,"column":4495}},"114":{"start":{"line":2,"column":4496},"end":{"line":2,"column":4594}},"115":{"start":{"line":2,"column":4509},"end":{"line":2,"column":4513}},"116":{"start":{"line":2,"column":4519},"end":{"line":2,"column":4593}},"117":{"start":{"line":2,"column":4550},"end":{"line":2,"column":4566}},"118":{"start":{"line":2,"column":4567},"end":{"line":2,"column":4592}},"119":{"start":{"line":2,"column":4582},"end":{"line":2,"column":4591}},"120":{"start":{"line":2,"column":4595},"end":{"line":2,"column":4656}},"121":{"start":{"line":2,"column":4606},"end":{"line":2,"column":4607}},"122":{"start":{"line":2,"column":4627},"end":{"line":2,"column":4655}},"123":{"start":{"line":2,"column":4643},"end":{"line":2,"column":4654}},"124":{"start":{"line":2,"column":4656},"end":{"line":2,"column":4845}},"125":{"start":{"line":2,"column":4667},"end":{"line":2,"column":4668}},"126":{"start":{"line":2,"column":4672},"end":{"line":2,"column":4673}},"127":{"start":{"line":2,"column":4693},"end":{"line":2,"column":4699}},"128":{"start":{"line":2,"column":4700},"end":{"line":2,"column":4844}},"129":{"start":{"line":2,"column":4713},"end":{"line":2,"column":4718}},"130":{"start":{"line":2,"column":4718},"end":{"line":2,"column":4754}},"131":{"start":{"line":2,"column":4741},"end":{"line":2,"column":4753}},"132":{"start":{"line":2,"column":4760},"end":{"line":2,"column":4843}},"133":{"start":{"line":2,"column":4791},"end":{"line":2,"column":4807}},"134":{"start":{"line":2,"column":4808},"end":{"line":2,"column":4842}},"135":{"start":{"line":2,"column":4823},"end":{"line":2,"column":4841}},"136":{"start":{"line":2,"column":4845},"end":{"line":2,"column":4919}},"137":{"start":{"line":2,"column":4856},"end":{"line":2,"column":4857}},"138":{"start":{"line":2,"column":4861},"end":{"line":2,"column":4862}},"139":{"start":{"line":2,"column":4875},"end":{"line":2,"column":4918}},"140":{"start":{"line":2,"column":4908},"end":{"line":2,"column":4917}},"141":{"start":{"line":2,"column":4919},"end":{"line":2,"column":5178}},"142":{"start":{"line":2,"column":4940},"end":{"line":2,"column":5177}},"143":{"start":{"line":2,"column":4951},"end":{"line":2,"column":4952}},"144":{"start":{"line":2,"column":4972},"end":{"line":2,"column":4978}},"145":{"start":{"line":2,"column":4986},"end":{"line":2,"column":4998}},"146":{"start":{"line":2,"column":4999},"end":{"line":2,"column":5176}},"147":{"start":{"line":2,"column":5026},"end":{"line":2,"column":5038}},"148":{"start":{"line":2,"column":5044},"end":{"line":2,"column":5175}},"149":{"start":{"line":2,"column":5058},"end":{"line":2,"column":5174}},"150":{"start":{"line":2,"column":5108},"end":{"line":2,"column":5124}},"151":{"start":{"line":2,"column":5125},"end":{"line":2,"column":5172}},"152":{"start":{"line":2,"column":5178},"end":{"line":2,"column":5196}},"153":{"start":{"line":2,"column":5204},"end":{"line":2,"column":5206}},"154":{"start":{"line":2,"column":5207},"end":{"line":2,"column":5327}},"155":{"start":{"line":2,"column":5217},"end":{"line":2,"column":5218}},"156":{"start":{"line":2,"column":5221},"end":{"line":2,"column":5229}},"157":{"start":{"line":2,"column":5246},"end":{"line":2,"column":5250}},"158":{"start":{"line":2,"column":5251},"end":{"line":2,"column":5302}},"159":{"start":{"line":2,"column":5279},"end":{"line":2,"column":5301}},"160":{"start":{"line":2,"column":5302},"end":{"line":2,"column":5326}},"161":{"start":{"line":2,"column":5327},"end":{"line":2,"column":5370}},"162":{"start":{"line":2,"column":5391},"end":{"line":2,"column":5415}},"163":{"start":{"line":2,"column":5422},"end":{"line":2,"column":5424}},"164":{"start":{"line":2,"column":5431},"end":{"line":2,"column":5432}},"165":{"start":{"line":2,"column":5439},"end":{"line":2,"column":5441}},"166":{"start":{"line":2,"column":5448},"end":{"line":2,"column":5449}},"167":{"start":{"line":2,"column":5456},"end":{"line":2,"column":5617}},"168":{"start":{"line":2,"column":5475},"end":{"line":2,"column":5502}},"169":{"start":{"line":2,"column":5508},"end":{"line":2,"column":5616}},"170":{"start":{"line":2,"column":5536},"end":{"line":2,"column":5615}},"171":{"start":{"line":2,"column":5623},"end":{"line":2,"column":5650}},"172":{"start":{"line":2,"column":5667},"end":{"line":2,"column":6045}},"173":{"start":{"line":2,"column":5694},"end":{"line":2,"column":5726}},"174":{"start":{"line":2,"column":5719},"end":{"line":2,"column":5725}},"175":{"start":{"line":2,"column":5726},"end":{"line":2,"column":5780}},"176":{"start":{"line":2,"column":5737},"end":{"line":2,"column":5750}},"177":{"start":{"line":2,"column":5773},"end":{"line":2,"column":5779}},"178":{"start":{"line":2,"column":5787},"end":{"line":2,"column":5798}},"179":{"start":{"line":2,"column":5799},"end":{"line":2,"column":5863}},"180":{"start":{"line":2,"column":5824},"end":{"line":2,"column":5834}},"181":{"start":{"line":2,"column":5834},"end":{"line":2,"column":5846}},"182":{"start":{"li
[...]
"column":34},"end":{"line":69,"column":72}}],"line":66},"9":{"loc":{"start":{"line":71,"column":16},"end":{"line":71,"column":68}},"type":"cond-expr","locations":[{"start":{"line":71,"column":37},"end":{"line":71,"column":53}},{"start":{"line":71,"column":56},"end":{"line":71,"column":68}}],"line":71},"10":{"loc":{"start":{"line":74,"column":4},"end":{"line":77,"column":5}},"type":"if","locations":[{"start":{"line":74,"column":4},"end":{"line":77,"column":5}},{"start":{"line":74,"column":4},"end":{"line":77,"column":5}}],"line":74},"11":{"loc":{"start":{"line":80,"column":4},"end":{"line":82,"column":5}},"type":"if","locations":[{"start":{"line":80,"column":4},"end":{"line":82,"column":5}},{"start":{"line":80,"column":4},"end":{"line":82,"column":5}}],"line":80},"12":{"loc":{"start":{"line":91,"column":6},"end":{"line":91,"column":45}},"type":"if","locations":[{"start":{"line":91,"column":6},"end":{"line":91,"column":45}},{"start":{"line":91,"column":6},"end":{"line":91,"column":45}}],"line":91},"13":{"loc":{"start":{"line":97,"column":48},"end":{"line":104,"column":8}},"type":"binary-expr","locations":[{"start":{"line":97,"column":48},"end":{"line":97,"column":71}},{"start":{"line":97,"column":75},"end":{"line":104,"column":8}}],"line":97}},"s":{"0":0,"1":0,"2":0,"3":0,"4":0,"5":0,"6":0,"7":0,"8":0,"9":0,"10":0,"11":0,"12":0,"13":0,"14":0,"15":0,"16":0,"17":0,"18":0,"19":0,"20":0,"21":0,"22":0,"23":0,"24":0,"25":0,"26":0,"27":0,"28":0,"29":0,"30":0,"31":0,"32":0,"33":0},"f":{"0":0,"1":0,"2":0,"3":0,"4":0,"5":0,"6":0,"7":0,"8":0,"9":0,"10":0,"11":0,"12":0},"b":{"0":[0,0],"1":[0,0],"2":[0,0],"3":[0,0],"4":[0,0],"5":[0,0],"6":[0,0],"7":[0,0,0],"8":[0,0,0,0],"9":[0,0],"10":[0,0],"11":[0,0],"12":[0,0],"13":[0,0]},"all":true},"/home/youssri/leadminer/frontend/.quasar/quasar-user-options.js":{"path":"/home/youssri/leadminer/frontend/.quasar/quasar-user-options.js","statementMap":{},"fnMap":{},"branchMap":{},"s":{},"f":{},"b":{},"all":true},"/home/youssri/leadminer/frontend/quasar.conf.js":{"path":"/home/youssri/leadminer/frontend/quasar.conf.js","statementMap":{"0":{"start":{"line":9,"column":22},"end":{"line":9,"column":48}},"1":{"start":{"line":10,"column":20},"end":{"line":10,"column":34}},"2":{"start":{"line":12,"column":0},"end":{"line":190,"column":3}},"3":{"start":{"line":13,"column":2},"end":{"line":189,"column":4}}},"fnMap":{"0":{"name":"(anonymous_0)","decl":{"start":{"line":12,"column":27},"end":{"line":12,"column":28}},"loc":{"start":{"line":12,"column":42},"end":{"line":190,"column":1}},"line":12},"1":{"name":"(anonymous_1)","decl":{"start":{"line":69,"column":6},"end":{"line":69,"column":7}},"loc":{"start":{"line":69,"column":32},"end":{"line":71,"column":7}},"line":69},"2":{"name":"(anonymous_2)","decl":{"start":{"line":184,"column":6},"end":{"line":184,"column":7}},"loc":{"start":{"line":184,"column":31},"end":{"line":187,"column":7}},"line":184}},"branchMap":{"0":{"loc":{"start":{"line":47,"column":18},"end":{"line":49,"column":38}},"type":"cond-expr","locations":[{"start":{"line":48,"column":12},"end":{"line":48,"column":35}},{"start":{"line":49,"column":12},"end":{"line":49,"column":38}}],"line":47}},"s":{"0":0,"1":0,"2":0,"3":0},"f":{"0":0,"1":0,"2":0},"b":{"0":[0,0]},"all":true},"/home/youssri/leadminer/frontend/src/boot/axios.js":{"path":"/home/youssri/leadminer/frontend/src/boot/axios.js","statementMap":{"0":{"start":{"line":4,"column":12},"end":{"line":4,"column":68}},"1":{"start":{"line":9,"column":2},"end":{"line":9,"column":45}},"2":{"start":{"line":12,"column":2},"end":{"line":12,"column":23}},"3":{"start":{"line":13,"column":2},"end":{"line":13,"column":36}},"4":{"start":{"line":15,"column":2},"end":{"line":15,"column":41}}},"fnMap":{"0":{"name":"(anonymous_0)","decl":{"start":{"line":6,"column":20},"end":{"line":6,"column":21}},"loc":{"start":{"line":6,"column":40},"end":{"line":18,"column":1}},"line":6}},"branchMap":{},"s":{"0":0,"1":0,"2":0,"3":0,"4":0},"f":{"0":0},"b":{},"all":true},"/home/youssri/leadminer/frontend/src/boot/i18n.js":{"path":"/home/youssri/leadminer/frontend/src/boot/i18n.js","statementMap":{"0":{"start":{"line":5,"column":13},"end":{"line":8,"column":2}},"1":{"start":{"line":12,"column":2},"end":{"line":12,"column":15}}},"fnMap":{"0":{"name":"(anonymous_0)","decl":{"start":{"line":10,"column":20},"end":{"line":10,"column":21}},"loc":{"start":{"line":10,"column":33},"end":{"line":13,"column":1}},"line":10}},"branchMap":{},"s":{"0":0,"1":0},"f":{"0":0},"b":{},"all":true},"/home/youssri/leadminer/frontend/src/i18n/en-us/index.js":{"path":"/home/youssri/leadminer/frontend/src/i18n/en-us/index.js","statementMap":{},"fnMap":{},"branchMap":{},"s":{},"f":{},"b":{},"all":true},"/home/youssri/leadminer/frontend/src/i18n/index.js":{"path":"/home/youssri/leadminer/frontend/src/i18n/index.js","statementMap":{},"fnMap":{},"branchMap":{},"s":{},"f":{},"b":{},"all":true},"/home/youssri/leadminer/frontend/src/router/index.js":{"path":"/home/youssri/leadminer/frontend/src/router/index.js","statementMap":{"0":{"start":{"line":15,"column":24},"end":{"line":17,"column":89}},"1":{"start":{"line":19,"column":17},"end":{"line":27,"column":4}},"2":{"start":{"line":20,"column":27},"end":{"line":20,"column":46}},"3":{"start":{"line":29,"column":2},"end":{"line":29,"column":15}}},"fnMap":{"0":{"name":"(anonymous_0)","decl":{"start":{"line":14,"column":21},"end":{"line":14,"column":22}},"loc":{"start":{"line":14,"column":60},"end":{"line":30,"column":1}},"line":14},"1":{"name":"(anonymous_1)","decl":{"start":{"line":20,"column":20},"end":{"line":20,"column":21}},"loc":{"start":{"line":20,"column":27},"end":{"line":20,"column":46}},"line":20}},"branchMap":{"0":{"loc":{"start":{"line":15,"column":24},"end":{"line":17,"column":89}},"type":"cond-expr","locations":[{"start":{"line":16,"column":6},"end":{"line":16,"column":25}},{"start":{"line":17,"column":6},"end":{"line":17,"column":89}}],"line":15},"1":{"loc":{"start":{"line":17,"column":6},"end":{"line":17,"column":89}},"type":"cond-expr","locations":[{"start":{"line":17,"column":50},"end":{"line":17,"column":66}},{"start":{"line":17,"column":69},"end":{"line":17,"column":89}}],"line":17},"2":{"loc":{"start":{"line":26,"column":27},"end":{"line":26,"column":92}},"type":"cond-expr","locations":[{"start":{"line":26,"column":56},"end":{"line":26,"column":62}},{"start":{"line":26,"column":65},"end":{"line":26,"column":92}}],"line":26}},"s":{"0":0,"1":0,"2":0,"3":0},"f":{"0":0,"1":0},"b":{"0":[0,0],"1":[0,0],"2":[0,0]},"all":true},"/home/youssri/leadminer/frontend/src/router/routes.js":{"path":"/home/youssri/leadminer/frontend/src/router/routes.js","statementMap":{"0":{"start":{"line":1,"column":15},"end":{"line":13,"column":1}},"1":{"start":{"line":4,"column":21},"end":{"line":4,"column":53}},"2":{"start":{"line":6,"column":35},"end":{"line":6,"column":73}},"3":{"start":{"line":11,"column":21},"end":{"line":11,"column":48}}},"fnMap":{"0":{"name":"(anonymous_0)","decl":{"start":{"line":4,"column":15},"end":{"line":4,"column":16}},"loc":{"start":{"line":4,"column":21},"end":{"line":4,"column":53}},"line":4},"1":{"name":"(anonymous_1)","decl":{"start":{"line":6,"column":29},"end":{"line":6,"column":30}},"loc":{"start":{"line":6,"column":35},"end":{"line":6,"column":73}},"line":6},"2":{"name":"(anonymous_2)","decl":{"start":{"line":11,"column":15},"end":{"line":11,"column":16}},"loc":{"start":{"line":11,"column":21},"end":{"line":11,"column":48}},"line":11}},"branchMap":{},"s":{"0":0,"1":0,"2":0,"3":0},"f":{"0":0,"1":0,"2":0},"b":{},"all":true},"/home/youssri/leadminer/frontend/src/store/index.js":{"path":"/home/youssri/leadminer/frontend/src/store/index.js","statementMap":{"0":{"start":{"line":16,"column":16},"end":{"line":24,"column":4}},"1":{"start":{"line":26,"column":2},"end":{"line":26,"column":15}}},"fnMap":{"0":{"name":"(anonymous_0)","decl":{"start":{"line":15,"column":21},"end":{"line":15,"column":22}},"loc":{"start":{"line":15,"column":53},"end":{"line":27,"column":1}},"line":15}},"branchMap":{},"s":{"0":0,"1":0},"f":{"0":0},"b":{},"all":true},"/home/youssri/leadminer/frontend/src/store/module/actions.js":{"path":"/home/youssri/leadminer/frontend/src/store/module/actions.js","statementMap":{"0":{"start":{"line":2,"column":23},"end":{"line":2,"column":40}},"1":{"start":{"line":3,"column":17},"end":{"line":3,"column":55}},"2":{"start":{"line":4,"column":2},"end":{"line":8,"column":5}},"3":{"start":{"line":5,"column":4},"end":{"line":5,"column":41}},"4":{"start":{"line":6,"column":4},"end":{"line":6,"column":45}},"5":{"start":{"line":7,"column":4},"end":{"line":7,"column":53}},"6":{"start":{"line":9,"column":2},"end":{"line":12,"column":5}},"7":{"start":{"line":10,"column":4},"end":{"line":10,"column":48}},"8":{"start":{"line":11,"column":4},"end":{"line":11,"column":56}},"9":{"start":{"line":14,"column":2},"end":{"line":48,"column":5}},"10":{"start":{"line":15,"column":4},"end":{"line":15,"column":30}},"11":{"start":{"line":16,"column":4},"end":{"line":16,"column":45}},"12":{"start":{"line":17,"column":4},"end":{"line":17,"column":36}},"13":{"start":{"line":18,"column":4},"end":{"line":47,"column":9}},"14":{"start":{"line":34,"column":8},"end":{"line":34,"column":50}},"15":{"start":{"line":35,"column":8},"end":{"line":38,"column":10}},"16":{"start":{"line":39,"column":8},"end":{"line":39,"column":49}},"17":{"start":{"line":40,"column":8},"end":{"line":40,"column":47}},"18":{"start":{"line":42,"column":8},"end":{"line":42,"column":26}},"19":{"start":{"line":45,"column":8},"end":{"line":45,"column":76}},"20":{"start":{"line":46,"column":8},"end":{"line":46,"column":22}},"21":{"start":{"line":52,"column":2},"end":{"line":69,"column":5}},"22":{"start":{"line":53,"column":4},"end":{"line":53,"column":45}},"23":{"start":{"line":55,"column":4},"end":{"line":68,"column":9}},"24":{"start":{"line":58,"column":8},"end":{"line":58,"column":50}},"25":{"start":{"line":59,"column":8},"end":{"line":59,"column":59}},"26":{"start":{"line":60,"column":8},"end":{"line":60,"column":60}},"27":{"start":{"line":61,"column":8},"end":{"line":61,"column":26}},"28":{"start":{"line":64,"column":8},"end":{"line":64,"column":43}},"29":{"start":{"line":67,"column":8},"end":{"line":67,"column":22}},"30":{"start":{"line":72,"column":2},"end":{"line":89,"column":5}},"31":{"start":{"line":73,"column":4},"end":{"line":73,"column":45}},"32":{"start":{"line":74,"column":4},"end":{"line":74,"column":22}},"33":{"start":{"line":76,"column":4},"end":{"line":88,"column":9}},"34":{"start":{"line":79,"column":8},"end":{"line":79,"column":50}},"35":{"start":{"line":80,"column":8},"end":{"line":80,"column":59}},"36":{"start":{"line":81,"column":8},"end":{"line":81,"column":60}},"37":{"start":{"line":82,"column":8},"end":{"line":82,"column":26}},"38":{"start":{"line":85,"column":8},"end":{"line":85,"column":43}},"39":{"start":{"line":86,"column":8},"end":{"line":86,"column":64}},"40":{"start":{"line":87,"column":8},"end":{"line":87,"column":22}},"41":{"start":{"line":92,"column":2},"end":{"line":92,"column":46}},"42":{"start":{"line":93,"column":23},"end":{"line":93,"column":40}},"43":{"start":{"line":94,"column":2},"end":{"line":94,"column":28}},"44":{"start":{"line":95,"column":2},"end":{"line":112,"column":7}},"45":{"start":{"line":106,"column":6},"end":{"line":106,"column":51}},"46":{"start":{"line":107,"column":6},"end":{"line":107,"column":60}},"47":{"start":{"line":110,"column":6},"end":{"line":110,"column":74}},"48":{"start":{"line":111,"column":6},"end":{"line":111,"column":25}}},"fnMap":{"0":{"name":"getEmails","decl":{"start":{"line":1,"column":22},"end":{"line":1,"column":31}},"loc":{"start":{"line":1,"column":64},"end":{"line":49,"column":1}},"line":1},"1":{"name":"(anonymous_1)","decl":{"start":{"line":4,"column":33},"end":{"line":4,"column":34}},"loc":{"start":{"line":4,"column":46},"end":{"line":8,"column":3}},"line":4},"2":{"name":"(anonymous_2)","decl":{"start":{"line":9,"column":40},"end":{"line":9,"column":41}},"loc":{"start":{"line":9,"column":53},"end":{"line":12,"column":3}},"line":9},"3":{"name":"(anonymous_3)","decl":{"start":{"line":14,"column":21},"end":{"line":14,"column":22}},"loc":{"start":{"line":14,"column":42},"end":{"line":48,"column":3}},"line":14},"4":{"name":"(anonymous_4)","decl":{"start":{"line":33,"column":12},"end":{"line":33,"column":13}},"loc":{"start":{"line":33,"column":26},"end":{"line":43,"column":7}},"line":33},"5":{"name":"(anonymous_5)","decl":{"start":{"line":44,"column":13},"end":{"line":44,"column":14}},"loc":{"start":{"line":44,"column":24},"end":{"line":47,"column":7}},"line":44},"6":{"name":"signUp","decl":{"start":{"line":51,"column":22},"end":{"line":51,"column":28}},"loc":{"start":{"line":51,"column":59},"end":{"line":70,"column":1}},"line":51},"7":{"name":"(anonymous_7)","decl":{"start":{"line":52,"column":21},"end":{"line":52,"column":22}},"loc":{"start":{"line":52,"column":42},"end":{"line":69,"column":3}},"line":52},"8":{"name":"(anonymous_8)","decl":{"start":{"line":57,"column":12},"end":{"line":57,"column":13}},"loc":{"start":{"line":57,"column":26},"end":{"line":62,"column":7}},"line":57},"9":{"name":"(anonymous_9)","decl":{"start":{"line":63,"column":13},"end":{"line":63,"column":14}},"loc":{"start":{"line":63,"column":24},"end":{"line":68,"column":7}},"line":63},"10":{"name":"signIn","decl":{"start":{"line":71,"column":22},"end":{"line":71,"column":28}},"loc":{"start":{"line":71,"column":59},"end":{"line":90,"column":1}},"line":71},"11":{"name":"(anonymous_11)","decl":{"start":{"line":72,"column":21},"end":{"line":72,"column":22}},"loc":{"start":{"line":72,"column":42},"end":{"line":89,"column":3}},"line":72},"12":{"name":"(anonymous_12)","decl":{"start":{"line":78,"column":12},"end":{"line":78,"column":13}},"loc":{"start":{"line":78,"column":26},"end":{"line":83,"column":7}},"line":78},"13":{"name":"(anonymous_13)","decl":{"start":{"line":84,"column":13},"end":{"line":84,"column":14}},"loc":{"start":{"line":84,"column":24},"end":{"line":88,"column":7}},"line":84},"14":{"name":"getBoxes","decl":{"start":{"line":91,"column":16},"end":{"line":91,"column":24}},"loc":{"start":{"line":91,"column":47},"end":{"line":113,"column":1}},"line":91},"15":{"name":"(anonymous_15)","decl":{"start":{"line":105,"column":10},"end":{"line":105,"column":11}},"loc":{"start":{"line":105,"column":24},"end":{"line":108,"column":5}},"line":105},"16":{"name":"(anonymous_16)","decl":{"start":{"line":109,"column":11},"end":{"line":109,"column":12}},"loc":{"start":{"line":109,"column":22},"end":{"line":112,"column":5}},"line":109}},"branchMap":{},"s":{"0":0,"1":0,"2":0,"3":0,"4":0,"5":0,"6":0,"7":0,"8":0,"9":0,"10":0,"11":0,"12":0,"13":0,"14":0,"15":0,"16":0,"17":0,"18":0,"19":0,"20":0,"21":0,"22":0,"23":0,"24":0,"25":0,"26":0,"27":0,"28":0,"29":0,"30":0,"31":0,"32":0,"33":0,"34":0,"35":0,"36":0,"37":0,"38":0,"39":0,"40":0,"41":0,"42":0,"43":0,"44":0,"45":0,"46":0,"47":0,"48":0},"f":{"0":0,"1":0,"2":0,"3":0,"4":0,"5":0,"6":0,"7":0,"8":0,"9":0,"10":0,"11":0,"12":0,"13":0,"14":0,"15":0,"16":0},"b":{},"all":true},"/home/youssri/leadminer/frontend/src/store/module/getters.js":{"path":"/home/youssri/leadminer/frontend/src/store/module/getters.js","statementMap":{"0":{"start":{"line":2,"column":2},"end":{"line":2,"column":31}},"1":{"start":{"line":5,"column":2},"end":{"line":5,"column":21}},"2":{"start":{"line":8,"column":2},"end":{"line":8,"column":15}}},"fnMap":{"0":{"name":"someGetter","decl":{"start":{"line":1,"column":16},"end":{"line":1,"column":26}},"loc":{"start":{"line":1,"column":34},"end":{"line":3,"column":1}},"line":1},"1":{"name":"getBoxes","decl":{"start":{"line":4,"column":16},"end":{"line":4,"column":24}},"loc":{"start":{"line":4,"column":32},"end":{"line":6,"column":1}},"line":4},"2":{"name":"getStates","decl":{"start":{"line":7,"column":16},"end":{"line":7,"column":25}},"loc":{"start":{"line":7,"column":33},"end":{"line":9,"column":1}},"line":7}},"branchMap":{},"s":{"0":0,"1":0,"2":0},"f":{"0":0,"1":0,"2":0},"b":{},"all":true},"/home/youssri/leadminer/frontend/src/store/module/index.js":{"path":"/home/youssri/leadminer/frontend/src/store/module/index.js","statementMap":{},"fnMap":{},"branchMap":{},"s":{},"f":{},"b":{},"all":true},"/home/youssri/leadminer/frontend/src/store/module/mutations.js":{"path":"/home/youssri/leadminer/frontend/src/store/module/mutations.js","statementMap":{"0":{"start":{"line":2,"column":2},"end":{"line":2,"column":33}},"1":{"start":{"line":5,"column":2},"end":{"line":5,"column":41}},"2":{"start":{"line":8,"column":2},"end":{"line":8,"column":47}},"3":{"start":{"line":11,"column":2},"end":{"line":11,"column":23}},"4":{"start":{"line":12,"column":2},"end":{"line":12,"column":29}},"5":{"start":{"line":13,"column":2},"end":{"line":13,"column":35}},"6":{"start":{"line":14,"column":2},"end":{"line":14,"column":33}},"7":{"start":{"line":15,"column":2},"end":{"line":15,"column":33}},"8":{"start":{"line":18,"column":2},"end":{"line":18,"column":27}},"9":{"start":{"line":19,"column":2},"end":{"line":19,"column":36}},"10":{"start":{"line":22,"column":2},"end":{"line":22,"column":30}},"11":{"start":{"line":25,"column":2},"end":{"line":25,"column":32}},"12":{"start":{"line":28,"column":2},"end":{"line":28,"column":29}},"13":{"start":{"line":31,"column":2},"end":{"line":31,"column":44}},"14":{"start":{"line":34,"column":2},"end":{"line":34,"column":41}}},"fnMap":{"0":{"name":"SET_EMAILS","decl":{"start":{"line":1,"column":16},"end":{"line":1,"column":26}},"loc":{"start":{"line":1,"column":42},"end":{"line":3,"column":1}},"line":1},"1":{"name":"SET_LOADING","decl":{"start":{"line":4,"column":16},"end":{"line":4,"column":27}},"loc":{"start":{"line":4,"column":53},"end":{"line":6,"column":1}},"line":4},"2":{"name":"SET_LOADINGBOX","decl":{"start":{"line":7,"column":16},"end":{"line":7,"column":30}},"loc":{"start":{"line":7,"column":59},"end":{"line":9,"column":1}},"line":7},"3":{"name":"SET_IMAP","decl":{"start":{"line":10,"column":16},"end":{"line":10,"column":24}},"loc":{"start":{"line":10,"column":41},"end":{"line":16,"column":1}},"line":10},"4":{"name":"SET_PASSWORD","decl":{"start":{"line":17,"column":16},"end":{"line":17,"column":28}},"loc":{"start":{"line":17,"column":49},"end":{"line":20,"column":1}},"line":17},"5":{"name":"SET_BOXES","decl":{"start":{"line":21,"column":16},"end":{"line":21,"column":25}},"loc":{"start":{"line":21,"column":43},"end":{"line":23,"column":1}},"line":21},"6":{"name":"SET_ERROR","decl":{"start":{"line":24,"column":16},"end":{"line":24,"column":25}},"loc":{"start":{"line":24,"column":43},"end":{"line":26,"column":1}},"line":24},"7":{"name":"SET_SESSIONID","decl":{"start":{"line":27,"column":16},"end":{"line":27,"column":29}},"loc":{"start":{"line":27,"column":48},"end":{"line":29,"column":1}},"line":27},"8":{"name":"SET_PERCENTAGE","decl":{"start":{"line":30,"column":16},"end":{"line":30,"column":30}},"loc":{"start":{"line":30,"column":53},"end":{"line":32,"column":1}},"line":30},"9":{"name":"SET_CURRENT","decl":{"start":{"line":33,"column":16},"end":{"line":33,"column":27}},"loc":{"start":{"line":33,"column":47},"end":{"line":35,"column":1}},"line":33}},"branchMap":{},"s":{"0":0,"1":0,"2":0,"3":0,"4":0,"5":0,"6":0,"7":0,"8":0,"9":0,"10":0,"11":0,"12":0,"13":0,"14":0},"f":{"0":0,"1":0,"2":0,"3":0,"4":0,"5":0,"6":0,"7":0,"8":0,"9":0},"b":{},"all":true},"/home/youssri/leadminer/frontend/src/store/module/state.js":{"path":"/home/youssri/leadminer/frontend/src/store/module/state.js","statementMap":{"0":{"start":{"line":2,"column":2},"end":{"line":19,"column":4}}},"fnMap":{"0":{"name":"(anonymous_0)","decl":{"start":{"line":1,"column":15},"end":{"line":1,"column":16}},"loc":{"start":{"line":1,"column":27},"end":{"line":20,"column":1}},"line":1}},"branchMap":{},"s":{"0":0},"f":{"0":0},"b":{},"all":true},"/home/youssri/leadminer/frontend/tests/unit/example.spec.js":{"path":"/home/youssri/leadminer/frontend/tests/unit/example.spec.js","statementMap":{},"fnMap":{},"branchMap":{},"s":{},"f":{},"b":{},"all":true}}